<?xml version="1.0" encoding="UTF-8"?>
<!-- Generated by org.testng.reporters.JUnitXMLReporter -->
<testsuite ignored="1" hostname="LAPTOP-MC4R20CB" failures="0" tests="1" name="Default test" time="8.238" errors="0" timestamp="2023-07-21T14:48:45 IST">
  <testcase classname="com.ripplestreet.FilterApis.EventControllerFiltersGetApi" name="DiscoverEventFilters" time="7.768"/>
  <testcase classname="com.ripplestreet.FilterApis.EventControllerFiltersGetApi" name="geFilterdEvent" time="0.0">
    <ignored/>
  </testcase> <!-- geFilterdEvent -->
</testsuite> <!-- Default test -->
