<?xml version="1.0" encoding="UTF-8"?>
<!-- Generated by org.testng.reporters.JUnitXMLReporter -->
<testsuite ignored="2" hostname="LAPTOP-MC4R20CB" failures="0" tests="1" name="Default test" time="4.445" errors="0" timestamp="2023-07-25T13:02:16 IST">
  <testcase classname="com.ripplestreet.AllGetApis.SurveyControllerGetApi" name="getSurveyStatusByEventIdAndPid" time="2.603"/>
  <testcase classname="com.ripplestreet.AllGetApis.SurveyControllerGetApi" name="getAllLinksByEventId" time="0.0">
    <ignored/>
  </testcase> <!-- getAllLinksByEventId -->
  <testcase classname="com.ripplestreet.AllGetApis.SurveyControllerGetApi" name="getSurveyListByEventIdAndPid" time="0.0">
    <ignored/>
  </testcase> <!-- getSurveyListByEventIdAndPid -->
</testsuite> <!-- Default test -->
