<?xml version="1.0" encoding="UTF-8"?>
<!-- Generated by org.testng.reporters.JUnitXMLReporter -->
<testsuite ignored="1" hostname="LAPTOP-MC4R20CB" failures="5" tests="268" name="Test" time="663.957" errors="0" timestamp="2023-07-21T12:42:07 IST">
  <testcase classname="com.ripplestreet.genricUtilities.genricUtilities" name="@AfterMethod StatusCode" time="0.33">
    <failure type="java.lang.IllegalArgumentException" message="The maximum length of cell contents (text) is 32767 characters">
      <![CDATA[java.lang.IllegalArgumentException: The maximum length of cell contents (text) is 32767 characters
at org.apache.poi.ss.usermodel.CellBase.checkLength(CellBase.java:292)
at org.apache.poi.ss.usermodel.CellBase.setCellValue(CellBase.java:273)
at com.ripplestreet.genricUtilities.genricUtilities.StatusCode(genricUtilities.java:183)
at java.base/java.util.ArrayList.forEach(ArrayList.java:1511)
... Removed 32 stack frames]]>
    </failure>
  </testcase> <!-- @AfterMethod StatusCode -->
  <testcase classname="com.ripplestreet.genricUtilities.genricUtilities" name="@BeforeMethod BaseURI" time="0.0">
    <skipped/>
  </testcase> <!-- @BeforeMethod BaseURI -->
  <testcase classname="com.ripplestreet.genricUtilities.genricUtilities" name="@AfterMethod StatusCode" time="0.0">
    <skipped/>
  </testcase> <!-- @AfterMethod StatusCode -->
  <testcase classname="com.ripplestreet.genricUtilities.genricUtilities" name="@AfterMethod StatusCode" time="0.049">
    <failure type="java.lang.IllegalArgumentException" message="The maximum length of cell contents (text) is 32767 characters">
      <![CDATA[java.lang.IllegalArgumentException: The maximum length of cell contents (text) is 32767 characters
at org.apache.poi.ss.usermodel.CellBase.checkLength(CellBase.java:292)
at org.apache.poi.ss.usermodel.CellBase.setCellValue(CellBase.java:273)
at com.ripplestreet.genricUtilities.genricUtilities.StatusCode(genricUtilities.java:183)
at java.base/java.util.ArrayList.forEach(ArrayList.java:1511)
... Removed 32 stack frames]]>
    </failure>
  </testcase> <!-- @AfterMethod StatusCode -->
  <testcase classname="com.ripplestreet.genricUtilities.genricUtilities" name="@AfterMethod StatusCode" time="13.478">
    <failure type="java.lang.IllegalArgumentException" message="The maximum length of cell contents (text) is 32767 characters">
      <![CDATA[java.lang.IllegalArgumentException: The maximum length of cell contents (text) is 32767 characters
at org.apache.poi.ss.usermodel.CellBase.checkLength(CellBase.java:292)
at org.apache.poi.ss.usermodel.CellBase.setCellValue(CellBase.java:273)
at com.ripplestreet.genricUtilities.genricUtilities.StatusCode(genricUtilities.java:183)
at java.base/java.util.ArrayList.forEach(ArrayList.java:1511)
... Removed 31 stack frames]]>
    </failure>
  </testcase> <!-- @AfterMethod StatusCode -->
  <testcase classname="com.ripplestreet.genricUtilities.genricUtilities" name="@BeforeMethod BaseURI" time="0.0">
    <skipped/>
  </testcase> <!-- @BeforeMethod BaseURI -->
  <testcase classname="com.ripplestreet.genricUtilities.genricUtilities" name="@AfterMethod StatusCode" time="0.0">
    <skipped/>
  </testcase> <!-- @AfterMethod StatusCode -->
  <testcase classname="com.ripplestreet.genricUtilities.genricUtilities" name="@BeforeMethod BaseURI" time="0.0">
    <skipped/>
  </testcase> <!-- @BeforeMethod BaseURI -->
  <testcase classname="com.ripplestreet.genricUtilities.genricUtilities" name="@AfterMethod StatusCode" time="0.0">
    <skipped/>
  </testcase> <!-- @AfterMethod StatusCode -->
  <testcase classname="com.ripplestreet.genricUtilities.genricUtilities" name="@AfterMethod StatusCode" time="0.445">
    <failure type="java.lang.IllegalArgumentException" message="The maximum length of cell contents (text) is 32767 characters">
      <![CDATA[java.lang.IllegalArgumentException: The maximum length of cell contents (text) is 32767 characters
at org.apache.poi.ss.usermodel.CellBase.checkLength(CellBase.java:292)
at org.apache.poi.ss.usermodel.CellBase.setCellValue(CellBase.java:273)
at com.ripplestreet.genricUtilities.genricUtilities.StatusCode(genricUtilities.java:183)
at java.base/java.util.ArrayList.forEach(ArrayList.java:1511)
... Removed 31 stack frames]]>
    </failure>
  </testcase> <!-- @AfterMethod StatusCode -->
  <testcase classname="com.ripplestreet.genricUtilities.genricUtilities" name="@BeforeMethod BaseURI" time="0.0">
    <skipped/>
  </testcase> <!-- @BeforeMethod BaseURI -->
  <testcase classname="com.ripplestreet.genricUtilities.genricUtilities" name="@AfterMethod StatusCode" time="0.0">
    <skipped/>
  </testcase> <!-- @AfterMethod StatusCode -->
  <testcase classname="com.ripplestreet.genricUtilities.genricUtilities" name="@BeforeMethod BaseURI" time="0.0">
    <skipped/>
  </testcase> <!-- @BeforeMethod BaseURI -->
  <testcase classname="com.ripplestreet.genricUtilities.genricUtilities" name="@AfterMethod StatusCode" time="0.0">
    <skipped/>
  </testcase> <!-- @AfterMethod StatusCode -->
  <testcase classname="com.ripplestreet.genricUtilities.genricUtilities" name="@BeforeMethod BaseURI" time="0.0">
    <skipped/>
  </testcase> <!-- @BeforeMethod BaseURI -->
  <testcase classname="com.ripplestreet.genricUtilities.genricUtilities" name="@AfterMethod StatusCode" time="0.0">
    <skipped/>
  </testcase> <!-- @AfterMethod StatusCode -->
  <testcase classname="com.ripplestreet.genricUtilities.genricUtilities" name="@BeforeMethod BaseURI" time="0.0">
    <skipped/>
  </testcase> <!-- @BeforeMethod BaseURI -->
  <testcase classname="com.ripplestreet.genricUtilities.genricUtilities" name="@AfterMethod StatusCode" time="0.0">
    <skipped/>
  </testcase> <!-- @AfterMethod StatusCode -->
  <testcase classname="com.ripplestreet.genricUtilities.genricUtilities" name="@BeforeMethod BaseURI" time="0.0">
    <skipped/>
  </testcase> <!-- @BeforeMethod BaseURI -->
  <testcase classname="com.ripplestreet.genricUtilities.genricUtilities" name="@AfterMethod StatusCode" time="0.0">
    <skipped/>
  </testcase> <!-- @AfterMethod StatusCode -->
  <testcase classname="com.ripplestreet.genricUtilities.genricUtilities" name="@BeforeMethod BaseURI" time="0.0">
    <skipped/>
  </testcase> <!-- @BeforeMethod BaseURI -->
  <testcase classname="com.ripplestreet.genricUtilities.genricUtilities" name="@AfterMethod StatusCode" time="0.0">
    <skipped/>
  </testcase> <!-- @AfterMethod StatusCode -->
  <testcase classname="com.ripplestreet.genricUtilities.genricUtilities" name="@BeforeMethod BaseURI" time="0.0">
    <skipped/>
  </testcase> <!-- @BeforeMethod BaseURI -->
  <testcase classname="com.ripplestreet.genricUtilities.genricUtilities" name="@AfterMethod StatusCode" time="0.0">
    <skipped/>
  </testcase> <!-- @AfterMethod StatusCode -->
  <testcase classname="com.ripplestreet.genricUtilities.genricUtilities" name="@BeforeMethod BaseURI" time="0.0">
    <skipped/>
  </testcase> <!-- @BeforeMethod BaseURI -->
  <testcase classname="com.ripplestreet.genricUtilities.genricUtilities" name="@AfterMethod StatusCode" time="0.0">
    <skipped/>
  </testcase> <!-- @AfterMethod StatusCode -->
  <testcase classname="com.ripplestreet.genricUtilities.genricUtilities" name="@BeforeMethod BaseURI" time="0.0">
    <skipped/>
  </testcase> <!-- @BeforeMethod BaseURI -->
  <testcase classname="com.ripplestreet.genricUtilities.genricUtilities" name="@AfterMethod StatusCode" time="0.0">
    <skipped/>
  </testcase> <!-- @AfterMethod StatusCode -->
  <testcase classname="com.ripplestreet.genricUtilities.genricUtilities" name="@AfterMethod StatusCode" time="0.108">
    <failure type="java.lang.NumberFormatException" message="For input string: &amp;quot;{&amp;quot;totalCount&amp;quot;:371,&amp;quot;events&amp;quot;:[{&amp;quot;id&amp;quot;:2210,&amp;quot;slug&amp;quot;:&amp;quot;aurthorshelby&amp;quot;,&amp;quot;name&amp;quot;:&amp;quot;aurthor shelby&amp;quot;,&amp;quot;description&amp;quot;:&amp;quot;&amp;lt;p&amp;gt;This holiday season, invite your friends over and show them how Kikkoman can help you create easy, amazing side dishes and lets you brine a juicy bird to bring great flavor to your holiday meals for great entertaining all season long.&amp;lt;/p&amp;gt;\n&amp;lt;p&amp;gt;&amp;lt;span style=\&amp;quot;color:#000000;\&amp;quot;&amp;gt;&amp;lt;strong&amp;gt;&amp;lt;strong&amp;gt;&amp;lt;strong&amp;gt;[[variable|key::Custom.approved_applicant_location]]&amp;lt;/strong&amp;gt;&amp;lt;/strong&amp;gt;&amp;lt;/strong&amp;gt;&amp;lt;/span&amp;gt;&amp;lt;/p&amp;gt;\n&amp;lt;p&amp;gt;&amp;lt;span style=\&amp;quot;color:#000000;\&amp;quot;&amp;gt;&amp;lt;strong&amp;gt;If you’re selected and confirmed as a host, your exclusive Party Pack will contain:&amp;lt;/strong&amp;gt;&amp;lt;br /&amp;gt;&amp;lt;/span&amp;gt;&amp;lt;/p&amp;gt;\n&amp;lt;ul&amp;gt;&amp;lt;li&amp;gt;Gift Card&amp;lt;/li&amp;gt;\n&amp;lt;li&amp;gt;Kikkoman T-shirts&amp;lt;/li&amp;gt;\n&amp;lt;li&amp;gt;Kikkoman recipe booklets&amp;lt;/li&amp;gt;\n&amp;lt;li&amp;gt;And more&amp;lt;/li&amp;gt;\n&amp;lt;/ul&amp;gt;&amp;lt;p&amp;gt;&amp;lt;span style=\&amp;quot;font-size:xx-small;\&amp;quot;&amp;gt;Kikkoman is a registered trademark of KIKKOMAN CORPORATION.&amp;lt;/span&amp;gt;&amp;lt;/p&amp;gt;&amp;quot;,&amp;quot;likeCount&amp;quot;:674,&amp;quot;heroAsset&amp;quot;:{&amp;quot;assetId&amp;quot;:3464320,&amp;quot;url&amp;quot;:&amp;quot;https://stg-media.ripplestreet.com/basset/0d90807bb47d9b0be93452fa872ba0b0/original/MP1_MainBanner.jpg&amp;quot;,&amp;quot;description&amp;quot;:null,&amp;quot;mimeType&amp;quot;:&amp;quot;image/jpeg&amp;quot;},&amp;quot;sponsorId&amp;quot;:579,&amp;quot;sponsorName&amp;quot;:&amp;quot;Wellness® Pet Food&amp;quot;,&amp;quot;hashtag&amp;quot;:null,&amp;quot;milestoneDate&amp;quot;:&amp;quot;Thu Jul 20 12:28:00 GMT 2023&amp;quot;,&amp;quot;milestoneLabel&amp;quot;:&amp;quot;This Event ended on&amp;quot;,&amp;quot;milestones&amp;quot;:{&amp;quot;applicationStartDate&amp;quot;:&amp;quot;2023-07-11 12:20:00&amp;quot;,&amp;quot;applicationEndDate&amp;quot;:&amp;quot;2023-07-13 12:20:00&amp;quot;,&amp;quot;openStartDate&amp;quot;:&amp;quot;2023-07-14 12:26:00&amp;quot;,&amp;quot;openEndDate&amp;quot;:&amp;quot;2023-07-15 12:26:00&amp;quot;,&amp;quot;buildupStartDate&amp;quot;:&amp;quot;2023-07-18 12:28:00&amp;quot;,&amp;quot;buildupEndDate&amp;quot;:&amp;quot;2023-07-19 12:28:00&amp;quot;,&amp;quot;noticeStartDate&amp;quot;:&amp;quot;2023-07-13 12:25:00&amp;quot;,&amp;quot;noticeEndDate&amp;quot;:&amp;quot;2023-07-14 12:25:00&amp;quot;,&amp;quot;selectionStartDate&amp;quot;:&amp;quot;2023-07-17 12:27:00&amp;quot;,&amp;quot;selectionEndDate&amp;quot;:&amp;quot;2023-07-18 12:27:00&amp;quot;,&amp;quot;partyStartDate&amp;quot;:&amp;quot;2023-07-15 12:26:00&amp;quot;,&amp;quot;partyEndDate&amp;quot;:&amp;quot;2023-07-16 12:26:00&amp;quot;,&amp;quot;partyRangeStartDate&amp;quot;:&amp;quot;2023-07-16 12:27:00&amp;quot;,&amp;quot;partyRangeEndDate&amp;quot;:&amp;quot;2023-07-17 12:27:00&amp;quot;,&amp;quot;completeStartDate&amp;quot;:&amp;quot;0000-00-00 00:00:00&amp;quot;,&amp;quot;completeEndDate&amp;quot;:&amp;quot;0000-00-00 00:00:00&amp;quot;,&amp;quot;postTrialStartDate&amp;quot;:&amp;quot;0000-00-00 00:00:00&amp;quot;,&amp;quot;postTrialEndDate&amp;quot;:&amp;quot;0000-00-00 00:00:00&amp;quot;,&amp;quot;preTrialStartDate&amp;quot;:&amp;quot;0000-00-00 00:00:00&amp;quot;,&amp;quot;preTrialEndDate&amp;quot;:&amp;quot;0000-00-00 00:00:00&amp;quot;,&amp;quot;experienceStartDate&amp;quot;:&amp;quot;2023-07-19 12:28:00&amp;quot;,&amp;quot;experienceEndDate&amp;quot;:&amp;quot;2023-07-20 12:28:00&amp;quot;,&amp;quot;reportingStartDate&amp;quot;:&amp;quot;2023-07-20 12:30:00&amp;quot;,&amp;quot;reportingEndDate&amp;quot;:&amp;quot;2023-07-21 12:30:00&amp;quot;,&amp;quot;trialStartDate&amp;quot;:&amp;quot;0000-00-00 00:00:00&amp;quot;,&amp;quot;trialEndDate&amp;quot;:&amp;quot;0000-00-00 00:00:00&amp;quot;}},{&amp;quot;id&amp;quot;:2207,&amp;quot;slug&amp;quot;:&amp;quot;foreveropenevent&amp;quot;,&amp;quot;name&amp;quot;:&amp;quot;forever open event&amp;quot;,&amp;quot;description&amp;quot;:&amp;quot;&amp;lt;p&amp;gt;tttttttttttttttttt&amp;lt;/p&amp;gt;\n&amp;quot;,&amp;quot;likeCount&amp;quot;:0,&amp;quot;heroAsset&amp;quot;:null,&amp;quot;sponsorId&amp;quot;:586,&amp;quot;sponsorName&amp;quot;:&amp;quot;Beyond Meat&amp;quot;,&amp;quot;hashtag&amp;quot;:null,&amp;quot;milestoneDate&amp;quot;:&amp;quot;Thu Jul 20 12:28:00 GMT 2023&amp;quot;,&amp;quot;milestoneLabel&amp;quot;:&amp;quot;This Event ended on&amp;quot;,&amp;quot;milestones&amp;quot;:{&amp;quot;applicationStartDate&amp;quot;:&amp;quot;2023-07-11 12:20:00&amp;quot;,&amp;quot;applicationEndDate&amp;quot;:&amp;quot;2023-07-13 12:20:00&amp;quot;,&amp;quot;openStartDate&amp;quot;:&amp;quot;2023-07-13 12:25:00&amp;quot;,&amp;quot;openEndDate&amp;quot;:&amp;quot;2023-07-14 12:25:00&amp;quot;,&amp;quot;buildupStartDate&amp;quot;:&amp;quot;2023-07-18 12:28:00&amp;quot;,&amp;quot;buildupEndDate&amp;quot;:&amp;quot;2023-07-19 12:28:00&amp;quot;,&amp;quot;noticeStartDate&amp;quot;:&amp;quot;2023-07-14 12:26:00&amp;quot;,&amp;quot;noticeEndDate&amp;quot;:&amp;quot;2023-07-15 12:26:00&amp;quot;,&amp;quot;selectionStartDate&amp;quot;:&amp;quot;2023-07-17 12:27:00&amp;quot;,&amp;quot;selectionEndDate&amp;quot;:&amp;quot;2023-07-18 12:27:00&amp;quot;,&amp;quot;partyStartDate&amp;quot;:&amp;quot;2023-07-15 12:26:00&amp;quot;,&amp;quot;partyEndDate&amp;quot;:&amp;quot;2023-07-16 12:26:00&amp;quot;,&amp;quot;partyRangeStartDate&amp;quot;:&amp;quot;2023-07-16 12:27:00&amp;quot;,&amp;quot;partyRangeEndDate&amp;quot;:&amp;quot;2023-07-17 12:27:00&amp;quot;,&amp;quot;completeStartDate&amp;quot;:&amp;quot;0000-00-00 00:00:00&amp;quot;,&amp;quot;completeEndDate&amp;quot;:&amp;quot;0000-00-00 00:00:00&amp;quot;,&amp;quot;postTrialStartDate&amp;quot;:&amp;quot;0000-00-00 00:00:00&amp;quot;,&amp;quot;postTrialEndDate&amp;quot;:&amp;quot;0000-00-00 00:00:00&amp;quot;,&amp;quot;preTrialStartDate&amp;quot;:&amp;quot;0000-00-00 00:00:00&amp;quot;,&amp;quot;preTrialEndDate&amp;quot;:&amp;quot;0000-00-00 00:00:00&amp;quot;,&amp;quot;experienceStartDate&amp;quot;:&amp;quot;2023-07-19 12:28:00&amp;quot;,&amp;quot;experienceEndDate&amp;quot;:&amp;quot;2023-07-20 12:28:00&amp;quot;,&amp;quot;reportingStartDate&amp;quot;:&amp;quot;2023-07-20 12:30:00&amp;quot;,&amp;quot;reportingEndDate&amp;quot;:&amp;quot;2023-07-21 12:30:00&amp;quot;,&amp;quot;trialStartDate&amp;quot;:&amp;quot;0000-00-00 00:00:00&amp;quot;,&amp;quot;trialEndDate&amp;quot;:&amp;quot;0000-00-00 00:00:00&amp;quot;}},{&amp;quot;id&amp;quot;:2035,&amp;quot;slug&amp;quot;:&amp;quot;birthdaypartyhp&amp;quot;,&amp;quot;name&amp;quot;:&amp;quot;Birthday Party HP preference&amp;quot;,&amp;quot;description&amp;quot;:&amp;quot;&amp;lt;p&amp;gt;Gather your gang and throw your own Scooby-Doo&amp;trade; themed party celebrating 50 years of spooky, mysterious fun&amp;mdash;complete with a special screening of &amp;lt;em&amp;gt;Scooby Doo! Return to Zombie Island&amp;lt;/em&amp;gt;! Check out!&amp;lt;/p&amp;gt;\n\n&amp;lt;p&amp;gt;&amp;lt;strong&amp;gt;[[variable|key::Custom.approved_applicant_location]]&amp;lt;/strong&amp;gt;&amp;lt;/p&amp;gt;\n\n&amp;lt;p&amp;gt;&amp;lt;strong&amp;gt;If you&amp;rsquo;re selected and confirmed as a host, your exclusive Party Pack will contain:&amp;lt;/strong&amp;gt;&amp;lt;/p&amp;gt;\n\n&amp;lt;ul&amp;gt;\n\t&amp;lt;li&amp;gt;Scooby-Doo themed party supplies from Party City&amp;lt;/li&amp;gt;\n\t&amp;lt;li&amp;gt;An exclusive Scooby-Doo Funko Pop! Flocked Vinyl Figure from BoxLunch&amp;lt;/li&amp;gt;\n\t&amp;lt;li&amp;gt;&amp;lt;em&amp;gt;Scooby-Doo! Return to Zombie Island&amp;lt;/em&amp;gt; DVD&amp;lt;/li&amp;gt;\n\t&amp;lt;li&amp;gt;KEEBLER&amp;reg; Scooby-Doo! Graham Cracker Sticks&amp;lt;/li&amp;gt;\n\t&amp;lt;li&amp;gt;And so much more!&amp;lt;/li&amp;gt;\n&amp;lt;/ul&amp;gt;\n\n&amp;lt;p&amp;gt;&amp;lt;span style=\&amp;quot;font-size:x-small\&amp;quot;&amp;gt;SCOOBY-DOO and all related characters and elements &amp;copy; &amp;amp; &amp;trade; Hanna-Barbera. (s19)&amp;lt;/span&amp;gt;&amp;lt;/p&amp;gt;\n&amp;quot;,&amp;quot;likeCount&amp;quot;:454,&amp;quot;heroAsset&amp;quot;:{&amp;quot;assetId&amp;quot;:3448535,&amp;quot;url&amp;quot;:&amp;quot;https://stg-media.ripplestreet.com/basset/be4d461f297afce0e94d921d75158de4/original/Screen-Shot-2019-07-01-at-1.51.27-PM.png&amp;quot;,&amp;quot;description&amp;quot;:null,&amp;quot;mimeType&amp;quot;:&amp;quot;image/png&amp;quot;},&amp;quot;sponsorId&amp;quot;:484,&amp;quot;sponsorName&amp;quot;:&amp;quot;Scooby-Doo™&amp;quot;,&amp;quot;hashtag&amp;quot;:null,&amp;quot;milestoneDate&amp;quot;:&amp;quot;Sat Jul 15 18:37:00 GMT 2023&amp;quot;,&amp;quot;milestoneLabel&amp;quot;:&amp;quot;This Event ended on&amp;quot;,&amp;quot;milestones&amp;quot;:{&amp;quot;applicationStartDate&amp;quot;:&amp;quot;2023-03-01 18:35:00&amp;quot;,&amp;quot;applicationEndDate&amp;quot;:&amp;quot;2023-05-13 18:35:00&amp;quot;,&amp;quot;openStartDate&amp;quot;:&amp;quot;0000-00-00 00:00:00&amp;quot;,&amp;quot;openEndDate&amp;quot;:&amp;quot;0000-00-00 00:00:00&amp;quot;,&amp;quot;buildupStartDate&amp;quot;:&amp;quot;2023-06-11 18:36:00&amp;quot;,&amp;quot;buildupEndDate&amp;quot;:&amp;quot;2023-06-15 18:36:00&amp;quot;,&amp;quot;noticeStartDate&amp;quot;:&amp;quot;0000-00-00 00:00:00&amp;quot;,&amp;quot;noticeEndDate&amp;quot;:&amp;quot;0000-00-00 00:00:00&amp;quot;,&amp;quot;selectionStartDate&amp;quot;:&amp;quot;2023-06-01 18:35:00&amp;quot;,&amp;quot;selectionEndDate&amp;quot;:&amp;quot;2023-06-10 18:35:00&amp;quot;,&amp;quot;partyStartDate&amp;quot;:&amp;quot;2023-06-27 18:37:00&amp;quot;,&amp;quot;partyEndDate&amp;quot;:&amp;quot;2023-06-30 18:37:00&amp;quot;,&amp;quot;partyRangeStartDate&amp;quot;:&amp;quot;2023-06-16 18:36:00&amp;quot;,&amp;quot;partyRangeEndDate&amp;quot;:&amp;quot;2023-06-23 18:36:00&amp;quot;,&amp;quot;completeStartDate&amp;quot;:&amp;quot;0000-00-00 00:00:00&amp;quot;,&amp;quot;completeEndDate&amp;quot;:&amp;quot;0000-00-00 00:00:00&amp;quot;,&amp;quot;postTrialStartDate&amp;quot;:&amp;quot;0000-00-00 00:00:00&amp;quot;,&amp;quot;postTrialEndDate&amp;quot;:&amp;quot;0000-00-00 00:00:00&amp;quot;,&amp;quot;preTrialStartDate&amp;quot;:&amp;quot;0000-00-00 00:00:00&amp;quot;,&amp;quot;preTrialEndDate&amp;quot;:&amp;quot;0000-00-00 00:00:00&amp;quot;,&amp;quot;experienceStartDate&amp;quot;:&amp;quot;2023-07-01 18:37:00&amp;quot;,&amp;quot;experienceEndDate&amp;quot;:&amp;quot;2023-07-15 18:37:00&amp;quot;,&amp;quot;reportingStartDate&amp;quot;:&amp;quot;0000-00-00 00:00:00&amp;quot;,&amp;quot;reportingEndDate&amp;quot;:&amp;quot;0000-00-00 00:00:00&amp;quot;,&amp;quot;trialStartDate&amp;quot;:&amp;quot;0000-00-00 00:00:00&amp;quot;,&amp;quot;trialEndDate&amp;quot;:&amp;quot;0000-00-00 00:00:00&amp;quot;}},{&amp;quot;id&amp;quot;:2125,&amp;quot;slug&amp;quot;:&amp;quot;houseparty&amp;quot;,&amp;quot;name&amp;quot;:&amp;quot;House Party&amp;quot;,&amp;quot;description&amp;quot;:&amp;quot;&amp;lt;p&amp;gt;&amp;lt;strong&amp;gt;Note: This event is open to residents of AZ, CA, CO, NM, NV, OR, TX, UT, WA, and WY. If you meet these requirements, please read on! If not, please check out one of our other &amp;lt;/strong&amp;gt;&amp;lt;a href=\&amp;quot;https://www.ripplestreet.com/discover/events\&amp;quot;&amp;gt;&amp;lt;strong&amp;gt;open events&amp;lt;/strong&amp;gt;&amp;lt;/a&amp;gt;&amp;lt;strong&amp;gt;.&amp;lt;/strong&amp;gt;&amp;lt;/p&amp;gt;\n\n&amp;lt;p&amp;gt;Are you ready to spark summer? Escape to Golden Island with Golden Island&amp;rsquo;s Korean Barbeque Recipe meat snacks (no passport needed).&amp;nbsp;&amp;nbsp;&amp;lt;/p&amp;gt;\n\n&amp;lt;p&amp;gt;&amp;lt;strong&amp;gt;Sweet and savory? ✔️&amp;nbsp;&amp;nbsp;&amp;lt;/strong&amp;gt;&amp;lt;/p&amp;gt;\n\n&amp;lt;p&amp;gt;&amp;lt;strong&amp;gt;Fire-grilled to the perfect tenderness? ✔️&amp;nbsp;&amp;nbsp;&amp;lt;/strong&amp;gt;&amp;lt;/p&amp;gt;\n\n&amp;lt;p&amp;gt;&amp;lt;strong&amp;gt;Gluten-Free and a great source of protein? ✔️&amp;nbsp;&amp;nbsp;&amp;lt;/strong&amp;gt;&amp;lt;/p&amp;gt;\n\n&amp;lt;p&amp;gt;Get ready for a culinary adventure. Selected party hosts will receive an epic pack full of everything you need to transport your tastebuds and throw a party with your closest BBQ-loving family and friends! In return, we&amp;rsquo;ll ask for party day photos and reviews of your experience.&amp;nbsp;&amp;nbsp;&amp;lt;/p&amp;gt;\n&amp;quot;,&amp;quot;likeCount&amp;quot;:0,&amp;quot;heroAsset&amp;quot;:{&amp;quot;assetId&amp;quot;:3504124,&amp;quot;url&amp;quot;:&amp;quot;https://stg-media.ripplestreet.com/basset/1d33beec077b25ecedb88cfac38eba12/original/Product2.jpg&amp;quot;,&amp;quot;description&amp;quot;:&amp;quot;&amp;quot;,&amp;quot;mimeType&amp;quot;:&amp;quot;image/jpeg&amp;quot;},&amp;quot;sponsorId&amp;quot;:493,&amp;quot;sponsorName&amp;quot;:&amp;quot;Clamato®&amp;quot;,&amp;quot;hashtag&amp;quot;:&amp;quot;#GoldenIslandJerkyParty #Sponsored&amp;quot;,&amp;quot;milestoneDate&amp;quot;:&amp;quot;Fri Jun 30 23:58:00 GMT 2023&amp;quot;,&amp;quot;milestoneLabel&amp;quot;:&amp;quot;This Event ended on&amp;quot;,&amp;quot;milestones&amp;quot;:{&amp;quot;applicationStartDate&amp;quot;:&amp;quot;2023-06-01 00:54:00&amp;quot;,&amp;quot;applicationEndDate&amp;quot;:&amp;quot;2023-06-09 00:01:00&amp;quot;,&amp;quot;openStartDate&amp;quot;:&amp;quot;2023-06-09 06:01:00&amp;quot;,&amp;quot;openEndDate&amp;quot;:&amp;quot;2023-06-09 06:02:00&amp;quot;,&amp;quot;buildupStartDate&amp;quot;:&amp;quot;2023-06-09 06:06:00&amp;quot;,&amp;quot;buildupEndDate&amp;quot;:&amp;quot;2023-06-09 06:13:00&amp;quot;,&amp;quot;noticeStartDate&amp;quot;:&amp;quot;2023-06-09 05:59:00&amp;quot;,&amp;quot;noticeEndDate&amp;quot;:&amp;quot;2023-06-09 06:00:00&amp;quot;,&amp;quot;selectionStartDate&amp;quot;:&amp;quot;2023-06-09 06:03:00&amp;quot;,&amp;quot;selectionEndDate&amp;quot;:&amp;quot;2023-06-09 06:05:00&amp;quot;,&amp;quot;partyStartDate&amp;quot;:&amp;quot;2023-06-28 00:01:00&amp;quot;,&amp;quot;partyEndDate&amp;quot;:&amp;quot;2023-06-28 03:48:00&amp;quot;,&amp;quot;partyRangeStartDate&amp;quot;:&amp;quot;2023-06-28 04:01:00&amp;quot;,&amp;quot;partyRangeEndDate&amp;quot;:&amp;quot;2023-06-28 23:58:00&amp;quot;,&amp;quot;completeStartDate&amp;quot;:&amp;quot;0000-00-00 00:00:00&amp;quot;,&amp;quot;completeEndDate&amp;quot;:&amp;quot;0000-00-00 00:00:00&amp;quot;,&amp;quot;postTrialStartDate&amp;quot;:&amp;quot;0000-00-00 00:00:00&amp;quot;,&amp;quot;postTrialEndDate&amp;quot;:&amp;quot;0000-00-00 00:00:00&amp;quot;,&amp;quot;preTrialStartDate&amp;quot;:&amp;quot;0000-00-00 00:00:00&amp;quot;,&amp;quot;preTrialEndDate&amp;quot;:&amp;quot;0000-00-00 00:00:00&amp;quot;,&amp;quot;experienceStartDate&amp;quot;:&amp;quot;2023-06-27 00:01:00&amp;quot;,&amp;quot;experienceEndDate&amp;quot;:&amp;quot;2023-06-30 23:58:00&amp;quot;,&amp;quot;reportingStartDate&amp;quot;:&amp;quot;0000-00-00 00:00:00&amp;quot;,&amp;quot;reportingEndDate&amp;quot;:&amp;quot;0000-00-00 00:00:00&amp;quot;,&amp;quot;trialStartDate&amp;quot;:&amp;quot;0000-00-00 00:00:00&amp;quot;,&amp;quot;trialEndDate&amp;quot;:&amp;quot;0000-00-00 00:00:00&amp;quot;}},{&amp;quot;id&amp;quot;:2036,&amp;quot;slug&amp;quot;:&amp;quot;backtoschoolcbnormalflow&amp;quot;,&amp;quot;name&amp;quot;:&amp;quot;Back to School CB normal flow&amp;quot;,&amp;quot;description&amp;quot;:&amp;quot;&amp;lt;p&amp;gt;When you capture thoughts on Post-it® products, ideas are made real. They explode in a flurry of color to take on a life of their own. From Tesla to toothpicks, you never know where an idea will go, unless you write it down. Think about that. Then, Think Loud and save on all your favorite Post-it® Notes products at your local Meijer and Kroger stores.&amp;lt;/p&amp;gt;\n&amp;lt;p&amp;gt;&amp;lt;span style=\&amp;quot;color:#000000;\&amp;quot;&amp;gt;&amp;lt;strong&amp;gt;[[variable|key::Custom.approved_applicant_location]]&amp;lt;/strong&amp;gt;&amp;lt;/span&amp;gt;&amp;lt;/p&amp;gt;\n&amp;lt;p&amp;gt;&amp;lt;strong&amp;gt;If you&amp;apos;re selected as a Chatterbox, you&amp;apos;ll get a great Chat Pack:&amp;lt;/strong&amp;gt;&amp;lt;/p&amp;gt;\n&amp;lt;ul&amp;gt;&amp;lt;li&amp;gt;1 pack of Post-it® Notes - Star&amp;lt;/li&amp;gt;\n&amp;lt;li&amp;gt;1 pack of Post-it® Tabs&amp;lt;/li&amp;gt;\n&amp;lt;li&amp;gt;1 roll of Scotch® Brand Super Hold Tape&amp;lt;/li&amp;gt;\n&amp;lt;li&amp;gt;1 roll of Scotch® Brand Wall Safe Tape&amp;lt;/li&amp;gt;\n&amp;lt;li&amp;gt;And much more&amp;lt;/li&amp;gt;\n&amp;lt;/ul&amp;gt;&amp;lt;p&amp;gt;Apply now and if selected, we&amp;apos;ll deliver a Chat Pack right to your doorstep. You don&amp;apos;t have to throw a party, but you&amp;apos;ll want to celebrate when it arrives! After you try the Post-it® products, chat about your experience and how you can see using them daily during the back-to-school season, share your opinions and post a review on the site. That&amp;apos;s it!&amp;lt;/p&amp;gt;\n&amp;lt;p&amp;gt;Get the chatter started! Apply now.&amp;lt;/p&amp;gt;&amp;quot;,&amp;quot;likeCount&amp;quot;:326,&amp;quot;heroAsset&amp;quot;:{&amp;quot;assetId&amp;quot;:3434290,&amp;quot;url&amp;quot;:&amp;quot;https://stg-media.ripplestreet.com/basset/4e2e345088e05fc79e9a153394b412ed/original/MP1_MainBanner.jpg&amp;quot;,&amp;quot;description&amp;quot;:null,&amp;quot;mimeType&amp;quot;:&amp;quot;image/jpeg&amp;quot;},&amp;quot;sponsorId&amp;quot;:389,&amp;quot;sponsorName&amp;quot;:&amp;quot;Post-it® Brand&amp;quot;,&amp;quot;hashtag&amp;quot;:null,&amp;quot;milestoneDate&amp;quot;:&amp;quot;Fri Jun 30 23:58:00 GMT 2023&amp;quot;,&amp;quot;milestoneLabel&amp;quot;:&amp;quot;This Event ended on&amp;quot;,&amp;quot;milestones&amp;quot;:{&amp;quot;applicationStartDate&amp;quot;:&amp;quot;2023-04-01 15:43:00&amp;quot;,&amp;quot;applicationEndDate&amp;quot;:&amp;quot;2023-06-09 06:15:00&amp;quot;,&amp;quot;openStartDate&amp;quot;:&amp;quot;0000-00-00 00:00:00&amp;quot;,&amp;quot;openEndDate&amp;quot;:&amp;quot;0000-00-00 00:00:00&amp;quot;,&amp;quot;buildupStartDate&amp;quot;:&amp;quot;0000-00-00 00:00:00&amp;quot;,&amp;quot;buildupEndDate&amp;quot;:&amp;quot;0000-00-00 00:00:00&amp;quot;,&amp;quot;noticeStartDate&amp;quot;:&amp;quot;2023-06-09 06:16:00&amp;quot;,&amp;quot;noticeEndDate&amp;quot;:&amp;quot;2023-06-09 06:20:00&amp;quot;,&amp;quot;selectionStartDate&amp;quot;:&amp;quot;0000-00-00 00:00:00&amp;quot;,&amp;quot;selectionEndDate&amp;quot;:&amp;quot;0000-00-00 00:00:00&amp;quot;,&amp;quot;partyStartDate&amp;quot;:&amp;quot;0000-00-00 00:00:00&amp;quot;,&amp;quot;partyEndDate&amp;quot;:&amp;quot;0000-00-00 00:00:00&amp;quot;,&amp;quot;partyRangeStartDate&amp;quot;:&amp;quot;0000-00-00 00:00:00&amp;quot;,&amp;quot;partyRangeEndDate&amp;quot;:&amp;quot;0000-00-00 00:00:00&amp;quot;,&amp;quot;completeStartDate&amp;quot;:&amp;quot;0000-00-00 00:00:00&amp;quot;,&amp;quot;completeEndDate&amp;quot;:&amp;quot;0000-00-00 00:00:00&amp;quot;,&amp;quot;postTrialStartDate&amp;quot;:&amp;quot;2023-06-29 00:02:00&amp;quot;,&amp;quot;postTrialEndDate&amp;quot;:&amp;quot;2023-06-30 23:58:00&amp;quot;,&amp;quot;preTrialStartDate&amp;quot;:&amp;quot;2023-06-09 06:26:00&amp;quot;,&amp;quot;preTrialEndDate&amp;quot;:&amp;quot;2023-06-09 06:30:00&amp;quot;,&amp;quot;experienceStartDate&amp;quot;:&amp;quot;0000-00-00 00:00:00&amp;quot;,&amp;quot;experienceEndDate&amp;quot;:&amp;quot;0000-00-00 00:00:00&amp;quot;,&amp;quot;reportingStartDate&amp;quot;:&amp;quot;0000-00-00 00:00:00&amp;quot;,&amp;quot;reportingEndDate&amp;quot;:&amp;quot;0000-00-00 00:00:00&amp;quot;,&amp;quot;trialStartDate&amp;quot;:&amp;quot;2023-06-09 06:34:00&amp;quot;,&amp;quot;trialEndDate&amp;quot;:&amp;quot;2023-06-28 23:59:00&amp;quot;}},{&amp;quot;id&amp;quot;:1877,&amp;quot;slug&amp;quot;:&amp;quot;wewalkaparty&amp;quot;,&amp;quot;name&amp;quot;:&amp;quot;Wewalka Party &amp;quot;,&amp;quot;description&amp;quot;:&amp;quot;&amp;lt;p&amp;gt;&amp;lt;strong&amp;gt;GET THE PARTY ROLLING!&amp;lt;/strong&amp;gt;&amp;lt;/p&amp;gt;\n&amp;lt;p&amp;gt;&amp;lt;strong&amp;gt;Host a Wewalka European Baking Made Easy Party&amp;lt;/strong&amp;gt;&amp;lt;/p&amp;gt;\n&amp;lt;p&amp;gt;It’s no secret that sharing great tasting food connects people, opens conversations and creates memorable moments.  But preparing delicious, beautifully baked items has been a time-consuming challenge … until now. Wewalka European Bakery Style Dough pairs convenience with traditional European taste to help you bake up impressive results every time.&amp;lt;/p&amp;gt;\n&amp;lt;p&amp;gt;Invite your friends over for a European Baking party and show just how easy it is to bake up bakery style creations. And with the dough rolled on a parchment paper liner, clean up is simple – leaving you more time with your guests and less time cleaning.&amp;lt;/p&amp;gt;\n&amp;lt;p&amp;gt;&amp;lt;strong style=\&amp;quot;font-weight:bold;\&amp;quot;&amp;gt;[[variable|key::Custom.approved_applicant_location]]&amp;lt;/strong&amp;gt;&amp;lt;/p&amp;gt;&amp;quot;,&amp;quot;likeCount&amp;quot;:0,&amp;quot;heroAsset&amp;quot;:{&amp;quot;assetId&amp;quot;:3503486,&amp;quot;url&amp;quot;:&amp;quot;https://stg-media.ripplestreet.com/basset/ac2e71f3bf7071b44d6bed859a78862f/original/Banner.jpg&amp;quot;,&amp;quot;description&amp;quot;:&amp;quot;&amp;quot;,&amp;quot;mimeType&amp;quot;:&amp;quot;image/jpeg&amp;quot;},&amp;quot;sponsorId&amp;quot;:581,&amp;quot;sponsorName&amp;quot;:&amp;quot;Welch&amp;apos;s®&amp;quot;,&amp;quot;hashtag&amp;quot;:null,&amp;quot;milestoneDate&amp;quot;:&amp;quot;Fri Jun 30 15:54:00 GMT 2023&amp;quot;,&amp;quot;milestoneLabel&amp;quot;:&amp;quot;This Event ended on&amp;quot;,&amp;quot;milestones&amp;quot;:{&amp;quot;applicationStartDate&amp;quot;:&amp;quot;2023-02-01 15:52:00&amp;quot;,&amp;quot;applicationEndDate&amp;quot;:&amp;quot;2023-05-31 23:59:00&amp;quot;,&amp;quot;openStartDate&amp;quot;:&amp;quot;0000-00-00 00:00:00&amp;quot;,&amp;quot;openEndDate&amp;quot;:&amp;quot;0000-00-00 00:00:00&amp;quot;,&amp;quot;buildupStartDate&amp;quot;:&amp;quot;0000-00-00 00:00:00&amp;quot;,&amp;quot;buildupEndDate&amp;quot;:&amp;quot;0000-00-00 00:00:00&amp;quot;,&amp;quot;noticeStartDate&amp;quot;:&amp;quot;0000-00-00 00:00:00&amp;quot;,&amp;quot;noticeEndDate&amp;quot;:&amp;quot;0000-00-00 00:00:00&amp;quot;,&amp;quot;selectionStartDate&amp;quot;:&amp;quot;2023-06-05 00:05:00&amp;quot;,&amp;quot;selectionEndDate&amp;quot;:&amp;quot;2023-06-23 15:58:00&amp;quot;,&amp;quot;partyStartDate&amp;quot;:&amp;quot;2023-06-24 16:00:00&amp;quot;,&amp;quot;partyEndDate&amp;quot;:&amp;quot;2023-06-25 16:05:00&amp;quot;,&amp;quot;partyRangeStartDate&amp;quot;:&amp;quot;2023-06-26 16:10:00&amp;quot;,&amp;quot;partyRangeEndDate&amp;quot;:&amp;quot;2023-06-27 16:15:00&amp;quot;,&amp;quot;completeStartDate&amp;quot;:&amp;quot;0000-00-00 00:00:00&amp;quot;,&amp;quot;completeEndDate&amp;quot;:&amp;quot;0000-00-00 00:00:00&amp;quot;,&amp;quot;postTrialStartDate&amp;quot;:&amp;quot;0000-00-00 00:00:00&amp;quot;,&amp;quot;postTrialEndDate&amp;quot;:&amp;quot;0000-00-00 00:00:00&amp;quot;,&amp;quot;preTrialStartDate&amp;quot;:&amp;quot;0000-00-00 00:00:00&amp;quot;,&amp;quot;preTrialEndDate&amp;quot;:&amp;quot;0000-00-00 00:00:00&amp;quot;,&amp;quot;experienceStartDate&amp;quot;:&amp;quot;2023-06-28 16:20:00&amp;quot;,&amp;quot;experienceEndDate&amp;quot;:&amp;quot;2023-06-30 15:54:00&amp;quot;,&amp;quot;reportingStartDate&amp;quot;:&amp;quot;0000-00-00 00:00:00&amp;quot;,&amp;quot;reportingEndDate&amp;quot;:&amp;quot;0000-00-00 00:00:00&amp;quot;,&amp;quot;trialStartDate&amp;quot;:&amp;quot;0000-00-00 00:00:00&amp;quot;,&amp;quot;trialEndDate&amp;quot;:&amp;quot;0000-00-00 00:00:00&amp;quot;}},{&amp;quot;id&amp;quot;:2092,&amp;quot;slug&amp;quot;:&amp;quot;huggiescbwithoutsurveyflow&amp;quot;,&amp;quot;name&amp;quot;:&amp;quot;HUGGIES CB without Survey flow&amp;quot;,&amp;quot;description&amp;quot;:&amp;quot;&amp;lt;p&amp;gt;Nice to see&amp;lt;/p&amp;gt;\n&amp;quot;,&amp;quot;likeCount&amp;quot;:2,&amp;quot;heroAsset&amp;quot;:{&amp;quot;assetId&amp;quot;:3216590,&amp;quot;url&amp;quot;:&amp;quot;https://stg-media.ripplestreet.com/basset/6a50ea0fb6de79fda92a28af413cef89/original/Huggies_SnugDryUltra_CB.jpg&amp;quot;,&amp;quot;description&amp;quot;:null,&amp;quot;mimeType&amp;quot;:&amp;quot;image/jpeg&amp;quot;},&amp;quot;sponsorId&amp;quot;:505,&amp;quot;sponsorName&amp;quot;:&amp;quot;Ripple Street&amp;quot;,&amp;quot;hashtag&amp;quot;:null,&amp;quot;milestoneDate&amp;quot;:&amp;quot;Fri Jun 30 15:19:00 GMT 2023&amp;quot;,&amp;quot;milestoneLabel&amp;quot;:&amp;quot;This Event ended on&amp;quot;,&amp;quot;milestones&amp;quot;:{&amp;quot;applicationStartDate&amp;quot;:&amp;quot;2023-06-11 15:18:00&amp;quot;,&amp;quot;applicationEndDate&amp;quot;:&amp;quot;2023-06-11 15:18:00&amp;quot;,&amp;quot;openStartDate&amp;quot;:&amp;quot;0000-00-00 00:00:00&amp;quot;,&amp;quot;openEndDate&amp;quot;:&amp;quot;0000-00-00 00:00:00&amp;quot;,&amp;quot;buildupStartDate&amp;quot;:&amp;quot;0000-00-00 00:00:00&amp;quot;,&amp;quot;buildupEndDate&amp;quot;:&amp;quot;0000-00-00 00:00:00&amp;quot;,&amp;quot;noticeStartDate&amp;quot;:&amp;quot;0000-00-00 00:00:00&amp;quot;,&amp;quot;noticeEndDate&amp;quot;:&amp;quot;0000-00-00 00:00:00&amp;quot;,&amp;quot;selectionStartDate&amp;quot;:&amp;quot;0000-00-00 00:00:00&amp;quot;,&amp;quot;selectionEndDate&amp;quot;:&amp;quot;0000-00-00 00:00:00&amp;quot;,&amp;quot;partyStartDate&amp;quot;:&amp;quot;0000-00-00 00:00:00&amp;quot;,&amp;quot;partyEndDate&amp;quot;:&amp;quot;0000-00-00 00:00:00&amp;quot;,&amp;quot;partyRangeStartDate&amp;quot;:&amp;quot;0000-00-00 00:00:00&amp;quot;,&amp;quot;partyRangeEndDate&amp;quot;:&amp;quot;0000-00-00 00:00:00&amp;quot;,&amp;quot;completeStartDate&amp;quot;:&amp;quot;0000-00-00 00:00:00&amp;quot;,&amp;quot;completeEndDate&amp;quot;:&amp;quot;0000-00-00 00:00:00&amp;quot;,&amp;quot;postTrialStartDate&amp;quot;:&amp;quot;2023-06-21 15:19:00&amp;quot;,&amp;quot;postTrialEndDate&amp;quot;:&amp;quot;2023-06-30 15:19:00&amp;quot;,&amp;quot;preTrialStartDate&amp;quot;:&amp;quot;2023-06-11 15:18:00&amp;quot;,&amp;quot;preTrialEndDate&amp;quot;:&amp;quot;2023-06-16 15:18:00&amp;quot;,&amp;quot;experienceStartDate&amp;quot;:&amp;quot;0000-00-00 00:00:00&amp;quot;,&amp;quot;experienceEndDate&amp;quot;:&amp;quot;0000-00-00 00:00:00&amp;quot;,&amp;quot;reportingStartDate&amp;quot;:&amp;quot;0000-00-00 00:00:00&amp;quot;,&amp;quot;reportingEndDate&amp;quot;:&amp;quot;0000-00-00 00:00:00&amp;quot;,&amp;quot;trialStartDate&amp;quot;:&amp;quot;2023-06-17 15:18:00&amp;quot;,&amp;quot;trialEndDate&amp;quot;:&amp;quot;2023-06-20 15:18:00&amp;quot;}},{&amp;quot;id&amp;quot;:2034,&amp;quot;slug&amp;quot;:&amp;quot;breakfastcelebrationqa&amp;quot;,&amp;quot;name&amp;quot;:&amp;quot;Breakfast Celebration HP Hybrid&amp;quot;,&amp;quot;description&amp;quot;:&amp;quot;&amp;lt;p&amp;gt;Get the kids over for a totally awesome breakfast party featuring Kellogg&amp;apos;s® Eggo® Waffles, Pancakes and French Toaster Sticks from your local Publix. Eggo® products toast up in minutes for a delicious breakfast that is crispy on the outside and fluffy on the inside, making mornings more fun.&amp;lt;/p&amp;gt;\n&amp;lt;p&amp;gt;&amp;lt;strong&amp;gt;&amp;lt;strong&amp;gt;&amp;lt;strong&amp;gt;[[variable|key::Custom.approved_applicant_location]]&amp;lt;/strong&amp;gt;&amp;lt;/strong&amp;gt;&amp;lt;/strong&amp;gt;&amp;lt;/p&amp;gt;\n&amp;lt;p&amp;gt;&amp;lt;span style=\&amp;quot;color:#000000;\&amp;quot;&amp;gt;&amp;lt;strong&amp;gt;If you’re selected and confirmed as a host, your exclusive Party Pack will contain:&amp;lt;/strong&amp;gt;&amp;lt;/span&amp;gt;&amp;lt;/p&amp;gt;\n&amp;lt;ul&amp;gt;&amp;lt;li&amp;gt;&amp;lt;span style=\&amp;quot;color:#000000;\&amp;quot;&amp;gt;1 $25 Publix Gift Card to buy all your Kellogg&amp;apos;s® Eggo® Minis Homestyle Waffles, Eggo® Minis Buttermilk Pancakes and Eggo® French Toaster Sticks and all the fixins&amp;apos; to make a Breakfast Celebration&amp;lt;/span&amp;gt;&amp;lt;/li&amp;gt;\n&amp;lt;li&amp;gt;&amp;lt;span style=\&amp;quot;color:#000000;\&amp;quot;&amp;gt;2 Eggo® activity sheets&amp;lt;/span&amp;gt;&amp;lt;/li&amp;gt;\n&amp;lt;/ul&amp;gt;&amp;lt;p&amp;gt;&amp;lt;span style=\&amp;quot;font-size:small;\&amp;quot;&amp;gt;&amp;lt;strong&amp;gt;NOTE:&amp;lt;/strong&amp;gt; All social posts need to be targeted to moms and to speak to moms. No social posts should be targeting children or speaking to children. Hosts should &amp;lt;strong&amp;gt;NOT&amp;lt;/strong&amp;gt; showcase/purchase or mention any Eggo® licensed products – including Eggo® Paw Patrol, Eggo® Mickey, Eggo® Frozen 2 or Eggo® Spiderman products in any communications.&amp;lt;/span&amp;gt;&amp;lt;/p&amp;gt;&amp;quot;,&amp;quot;likeCount&amp;quot;:324,&amp;quot;heroAsset&amp;quot;:{&amp;quot;assetId&amp;quot;:3486350,&amp;quot;url&amp;quot;:&amp;quot;https://stg-media.ripplestreet.com/basset/25a695e69458435915596b0ab52a05a5/original/KEL008557_ahr_ban_Publix_EggoKids_PartyBanner.jpg&amp;quot;,&amp;quot;description&amp;quot;:null,&amp;quot;mimeType&amp;quot;:&amp;quot;image/jpeg&amp;quot;},&amp;quot;sponsorId&amp;quot;:496,&amp;quot;sponsorName&amp;quot;:&amp;quot;Eggo®&amp;quot;,&amp;quot;hashtag&amp;quot;:null,&amp;quot;milestoneDate&amp;quot;:&amp;quot;Fri Jun 30 13:30:00 GMT 2023&amp;quot;,&amp;quot;milestoneLabel&amp;quot;:&amp;quot;This Event ended on&amp;quot;,&amp;quot;milestones&amp;quot;:{&amp;quot;applicationStartDate&amp;quot;:&amp;quot;2023-03-01 11:33:00&amp;quot;,&amp;quot;applicationEndDate&amp;quot;:&amp;quot;2023-05-25 11:33:00&amp;quot;,&amp;quot;openStartDate&amp;quot;:&amp;quot;0000-00-00 00:00:00&amp;quot;,&amp;quot;openEndDate&amp;quot;:&amp;quot;0000-00-00 00:00:00&amp;quot;,&amp;quot;buildupStartDate&amp;quot;:&amp;quot;2023-05-29 00:01:00&amp;quot;,&amp;quot;buildupEndDate&amp;quot;:&amp;quot;2023-05-29 23:58:00&amp;quot;,&amp;quot;noticeStartDate&amp;quot;:&amp;quot;0000-00-00 00:00:00&amp;quot;,&amp;quot;noticeEndDate&amp;quot;:&amp;quot;0000-00-00 00:00:00&amp;quot;,&amp;quot;selectionStartDate&amp;quot;:&amp;quot;2023-05-28 11:33:00&amp;quot;,&amp;quot;selectionEndDate&amp;quot;:&amp;quot;2023-05-28 23:33:00&amp;quot;,&amp;quot;partyStartDate&amp;quot;:&amp;quot;2023-05-26 11:34:00&amp;quot;,&amp;quot;partyEndDate&amp;quot;:&amp;quot;2023-05-27 11:34:00&amp;quot;,&amp;quot;partyRangeStartDate&amp;quot;:&amp;quot;2023-05-27 11:34:00&amp;quot;,&amp;quot;partyRangeEndDate&amp;quot;:&amp;quot;2023-05-30 11:34:00&amp;quot;,&amp;quot;completeStartDate&amp;quot;:&amp;quot;0000-00-00 00:00:00&amp;quot;,&amp;quot;completeEndDate&amp;quot;:&amp;quot;0000-00-00 00:00:00&amp;quot;,&amp;quot;postTrialStartDate&amp;quot;:&amp;quot;0000-00-00 00:00:00&amp;quot;,&amp;quot;postTrialEndDate&amp;quot;:&amp;quot;0000-00-00 00:00:00&amp;quot;,&amp;quot;preTrialStartDate&amp;quot;:&amp;quot;0000-00-00 00:00:00&amp;quot;,&amp;quot;preTrialEndDate&amp;quot;:&amp;quot;0000-00-00 00:00:00&amp;quot;,&amp;quot;experienceStartDate&amp;quot;:&amp;quot;2023-06-30 11:35:00&amp;quot;,&amp;quot;experienceEndDate&amp;quot;:&amp;quot;2023-06-30 13:30:00&amp;quot;,&amp;quot;reportingStartDate&amp;quot;:&amp;quot;0000-00-00 00:00:00&amp;quot;,&amp;quot;reportingEndDate&amp;quot;:&amp;quot;0000-00-00 00:00:00&amp;quot;,&amp;quot;trialStartDate&amp;quot;:&amp;quot;0000-00-00 00:00:00&amp;quot;,&amp;quot;trialEndDate&amp;quot;:&amp;quot;0000-00-00 00:00:00&amp;quot;}},{&amp;quot;id&amp;quot;:2023,&amp;quot;slug&amp;quot;:&amp;quot;clearapplesaucepoucheschatterboxqa&amp;quot;,&amp;quot;name&amp;quot;:&amp;quot;Clear Applesauce Pouches CB User Preference&amp;quot;,&amp;quot;description&amp;quot;:&amp;quot;&amp;lt;p&amp;gt;Mott’s new clear Applesauce Pouches are the perfect on-the-go snack for back to school. You’ll love seeing there’s nothing but high-quality applesauce inside. And kids will love them too, for the fun new characters on every pouch.&amp;lt;/p&amp;gt;\n&amp;lt;p&amp;gt;&amp;lt;span style=\&amp;quot;color:#000000;\&amp;quot;&amp;gt;&amp;lt;strong&amp;gt;[[variable|key::Custom.approved_applicant_location]]&amp;lt;/strong&amp;gt;&amp;lt;/span&amp;gt;&amp;lt;/p&amp;gt;\n&amp;lt;p&amp;gt;&amp;lt;strong&amp;gt;If you&amp;apos;re selected as a Chatterbox, you&amp;apos;ll get a great Chat Pack:&amp;lt;/strong&amp;gt;&amp;lt;/p&amp;gt;\n&amp;lt;ul&amp;gt;&amp;lt;li&amp;gt;1 gratuity coupon for a free 4 pack or 12 pack of any flavor of Mott’s clear Applesauce Pouches&amp;lt;/li&amp;gt;\n&amp;lt;li&amp;gt;1 Sheet of Pouch Pals stickers&amp;lt;/li&amp;gt;\n&amp;lt;li&amp;gt;1 Handout with Mott’s clear Applesauce Pouches info&amp;lt;/li&amp;gt;\n&amp;lt;li&amp;gt;5 discount coupons for $1 off any flavor of Mott’s clear Applesauce Pouches to share with friends and family&amp;lt;/li&amp;gt;\n&amp;lt;/ul&amp;gt;&amp;lt;p&amp;gt;Apply now and if selected, we&amp;apos;ll deliver a Chat Pack right to your doorstep. You don&amp;apos;t have to throw a party, but you&amp;apos;ll want to celebrate when it arrives! After you/your child tries Mott’s clear Applesauce Pouches, chat about your experience, share your opinions and post a review on the site. That&amp;apos;s it!&amp;lt;/p&amp;gt;\n&amp;lt;p&amp;gt;Get the chatter started! Apply now.&amp;lt;/p&amp;gt;\n&amp;lt;p&amp;gt;&amp;lt;span style=\&amp;quot;font-size:x-small;\&amp;quot;&amp;gt;Mott’s is a registered trademark of Mott’s LLP ©2019 Mott’s LLP&amp;lt;/span&amp;gt;&amp;lt;/p&amp;gt;&amp;quot;,&amp;quot;likeCount&amp;quot;:329,&amp;quot;heroAsset&amp;quot;:{&amp;quot;assetId&amp;quot;:3450749,&amp;quot;url&amp;quot;:&amp;quot;https://stg-media.ripplestreet.com/basset/a5bc8efed85e1d559bb1f8c2959bc9bd/original/PartyBanner.jpg&amp;quot;,&amp;quot;description&amp;quot;:null,&amp;quot;mimeType&amp;quot;:&amp;quot;image/jpeg&amp;quot;},&amp;quot;sponsorId&amp;quot;:582,&amp;quot;sponsorName&amp;quot;:&amp;quot;Corona Non-Alcoholic&amp;quot;,&amp;quot;hashtag&amp;quot;:null,&amp;quot;milestoneDate&amp;quot;:&amp;quot;Fri Jun 30 12:38:00 GMT 2023&amp;quot;,&amp;quot;milestoneLabel&amp;quot;:&amp;quot;This Event ended on&amp;quot;,&amp;quot;milestones&amp;quot;:{&amp;quot;applicationStartDate&amp;quot;:&amp;quot;2023-03-01 12:37:00&amp;quot;,&amp;quot;applicationEndDate&amp;quot;:&amp;quot;2023-04-30 12:37:00&amp;quot;,&amp;quot;openStartDate&amp;quot;:&amp;quot;0000-00-00 00:00:00&amp;quot;,&amp;quot;openEndDate&amp;quot;:&amp;quot;0000-00-00 00:00:00&amp;quot;,&amp;quot;buildupStartDate&amp;quot;:&amp;quot;0000-00-00 00:00:00&amp;quot;,&amp;quot;buildupEndDate&amp;quot;:&amp;quot;0000-00-00 00:00:00&amp;quot;,&amp;quot;noticeStartDate&amp;quot;:&amp;quot;0000-00-00 00:00:00&amp;quot;,&amp;quot;noticeEndDate&amp;quot;:&amp;quot;0000-00-00 00:00:00&amp;quot;,&amp;quot;selectionStartDate&amp;quot;:&amp;quot;0000-00-00 00:00:00&amp;quot;,&amp;quot;selectionEndDate&amp;quot;:&amp;quot;0000-00-00 00:00:00&amp;quot;,&amp;quot;partyStartDate&amp;quot;:&amp;quot;0000-00-00 00:00:00&amp;quot;,&amp;quot;partyEndDate&amp;quot;:&amp;quot;0000-00-00 00:00:00&amp;quot;,&amp;quot;partyRangeStartDate&amp;quot;:&amp;quot;0000-00-00 00:00:00&amp;quot;,&amp;quot;partyRangeEndDate&amp;quot;:&amp;quot;0000-00-00 00:00:00&amp;quot;,&amp;quot;completeStartDate&amp;quot;:&amp;quot;0000-00-00 00:00:00&amp;quot;,&amp;quot;completeEndDate&amp;quot;:&amp;quot;0000-00-00 00:00:00&amp;quot;,&amp;quot;postTrialStartDate&amp;quot;:&amp;quot;2023-06-24 12:38:00&amp;quot;,&amp;quot;postTrialEndDate&amp;quot;:&amp;quot;2023-06-30 12:38:00&amp;quot;,&amp;quot;preTrialStartDate&amp;quot;:&amp;quot;2023-05-01 12:37:00&amp;quot;,&amp;quot;preTrialEndDate&amp;quot;:&amp;quot;2023-05-31 12:37:00&amp;quot;,&amp;quot;experienceStartDate&amp;quot;:&amp;quot;0000-00-00 00:00:00&amp;quot;,&amp;quot;experienceEndDate&amp;quot;:&amp;quot;0000-00-00 00:00:00&amp;quot;,&amp;quot;reportingStartDate&amp;quot;:&amp;quot;0000-00-00 00:00:00&amp;quot;,&amp;quot;reportingEndDate&amp;quot;:&amp;quot;0000-00-00 00:00:00&amp;quot;,&amp;quot;trialStartDate&amp;quot;:&amp;quot;2023-06-01 12:38:00&amp;quot;,&amp;quot;trialEndDate&amp;quot;:&amp;quot;2023-06-22 12:38:00&amp;quot;}},{&amp;quot;id&amp;quot;:2088,&amp;quot;slug&amp;quot;:&amp;quot;fourthoffireflyhphybridflow&amp;quot;,&amp;quot;name&amp;quot;:&amp;quot;Fourth of Firefly HP Hybrid flow&amp;quot;,&amp;quot;description&amp;quot;:&amp;quot;&amp;lt;p&amp;gt;Celebrate America&amp;apos;s birthday with an all-American party featuring Firefly Sweet Tea Vodka, and Firefly Moonshine. Great recipes will fill glasses and grills will make this the backyard Fourth of July celebration all your friends will want to come to. Southern brewed in South Carolina, Firefly Sweet Tea Vodka tastes just like real sweet tea, but with an even sweeter kick! Firefly Moonshine is an authentic southern spirit that delivers a raw and rustic drinking experience in six delicious flavors. Together, they&amp;apos;ll flavor your party with great tasting easy cocktails like the American Margarita, BBQ recipes, backyard games and more to make it a great way to celebrate the Fourth of July with Firefly.&amp;lt;/p&amp;gt;\n&amp;lt;p&amp;gt;&amp;lt;strong&amp;gt;[[variable|key::Custom.approved_applicant_location]]&amp;lt;/strong&amp;gt;&amp;lt;/p&amp;gt;&amp;quot;,&amp;quot;likeCount&amp;quot;:0,&amp;quot;heroAsset&amp;quot;:{&amp;quot;assetId&amp;quot;:3216837,&amp;quot;url&amp;quot;:&amp;quot;https://stg-media.ripplestreet.com/basset/1805a6c36e89484fdfe8bc4a195a7226/original/FIREFLY_The4thOfFirefly_HP.jpg&amp;quot;,&amp;quot;description&amp;quot;:null,&amp;quot;mimeType&amp;quot;:&amp;quot;image/jpeg&amp;quot;},&amp;quot;sponsorId&amp;quot;:505,&amp;quot;sponsorName&amp;quot;:&amp;quot;Ripple Street&amp;quot;,&amp;quot;hashtag&amp;quot;:null,&amp;quot;milestoneDate&amp;quot;:&amp;quot;Fri Jun 30 10:46:00 GMT 2023&amp;quot;,&amp;quot;milestoneLabel&amp;quot;:&amp;quot;This Event ended on&amp;quot;,&amp;quot;milestones&amp;quot;:{&amp;quot;applicationStartDate&amp;quot;:&amp;quot;2023-05-01 10:13:00&amp;quot;,&amp;quot;applicationEndDate&amp;quot;:&amp;quot;2023-06-29 10:46:00&amp;quot;,&amp;quot;openStartDate&amp;quot;:&amp;quot;2023-06-30 10:46:00&amp;quot;,&amp;quot;openEndDate&amp;quot;:&amp;quot;2023-06-30 10:46:00&amp;quot;,&amp;quot;buildupStartDate&amp;quot;:&amp;quot;2023-06-30 10:46:00&amp;quot;,&amp;quot;buildupEndDate&amp;quot;:&amp;quot;2023-06-30 10:46:00&amp;quot;,&amp;quot;noticeStartDate&amp;quot;:&amp;quot;2023-06-30 10:46:00&amp;quot;,&amp;quot;noticeEndDate&amp;quot;:&amp;quot;2023-06-30 10:46:00&amp;quot;,&amp;quot;selectionStartDate&amp;quot;:&amp;quot;2023-06-30 10:46:00&amp;quot;,&amp;quot;selectionEndDate&amp;quot;:&amp;quot;2023-06-30 10:46:00&amp;quot;,&amp;quot;partyStartDate&amp;quot;:&amp;quot;2023-06-30 10:46:00&amp;quot;,&amp;quot;partyEndDate&amp;quot;:&amp;quot;2023-06-30 10:46:00&amp;quot;,&amp;quot;partyRangeStartDate&amp;quot;:&amp;quot;2023-06-30 10:46:00&amp;quot;,&amp;quot;partyRangeEndDate&amp;quot;:&amp;quot;2023-06-30 10:46:00&amp;quot;,&amp;quot;completeStartDate&amp;quot;:&amp;quot;0000-00-00 00:00:00&amp;quot;,&amp;quot;completeEndDate&amp;quot;:&amp;quot;0000-00-00 00:00:00&amp;quot;,&amp;quot;postTrialStartDate&amp;quot;:&amp;quot;0000-00-00 00:00:00&amp;quot;,&amp;quot;postTrialEndDate&amp;quot;:&amp;quot;0000-00-00 00:00:00&amp;quot;,&amp;quot;preTrialStartDate&amp;quot;:&amp;quot;0000-00-00 00:00:00&amp;quot;,&amp;quot;preTrialEndDate&amp;quot;:&amp;quot;0000-00-00 00:00:00&amp;quot;,&amp;quot;experienceStartDate&amp;quot;:&amp;quot;2023-06-30 10:46:00&amp;quot;,&amp;quot;experienceEndDate&amp;quot;:&amp;quot;2023-06-30 10:46:00&amp;quot;,&amp;quot;reportingStartDate&amp;quot;:&amp;quot;2023-05-05 10:16:15&amp;quot;,&amp;quot;reportingEndDate&amp;quot;:&amp;quot;2023-09-30 10:16:00&amp;quot;,&amp;quot;trialStartDate&amp;quot;:&amp;quot;0000-00-00 00:00:00&amp;quot;,&amp;quot;trialEndDate&amp;quot;:&amp;quot;0000-00-00 00:00:00&amp;quot;}}],&amp;quot;hasNext&amp;quot;:true}&amp;quot;">
      <![CDATA[java.lang.NumberFormatException: For input string: "{"totalCount":371,"events":[{"id":2210,"slug":"aurthorshelby","name":"aurthor shelby","description":"<p>This holiday season, invite your friends over and show them how Kikkoman can help you create easy, amazing side dishes and lets you brine a juicy bird to bring great flavor to your holiday meals for great entertaining all season long.</p>\n<p><span style=\"color:#000000;\"><strong><strong><strong>[[variable|key::Custom.approved_applicant_location]]</strong></strong></strong></span></p>\n<p><span style=\"color:#000000;\"><strong>If you’re selected and confirmed as a host, your exclusive Party Pack will contain:</strong><br /></span></p>\n<ul><li>Gift Card</li>\n<li>Kikkoman T-shirts</li>\n<li>Kikkoman recipe booklets</li>\n<li>And more</li>\n</ul><p><span style=\"font-size:xx-small;\">Kikkoman is a registered trademark of KIKKOMAN CORPORATION.</span></p>","likeCount":674,"heroAsset":{"assetId":3464320,"url":"https://stg-media.ripplestreet.com/basset/0d90807bb47d9b0be93452fa872ba0b0/original/MP1_MainBanner.jpg","description":null,"mimeType":"image/jpeg"},"sponsorId":579,"sponsorName":"Wellness® Pet Food","hashtag":null,"milestoneDate":"Thu Jul 20 12:28:00 GMT 2023","milestoneLabel":"This Event ended on","milestones":{"applicationStartDate":"2023-07-11 12:20:00","applicationEndDate":"2023-07-13 12:20:00","openStartDate":"2023-07-14 12:26:00","openEndDate":"2023-07-15 12:26:00","buildupStartDate":"2023-07-18 12:28:00","buildupEndDate":"2023-07-19 12:28:00","noticeStartDate":"2023-07-13 12:25:00","noticeEndDate":"2023-07-14 12:25:00","selectionStartDate":"2023-07-17 12:27:00","selectionEndDate":"2023-07-18 12:27:00","partyStartDate":"2023-07-15 12:26:00","partyEndDate":"2023-07-16 12:26:00","partyRangeStartDate":"2023-07-16 12:27:00","partyRangeEndDate":"2023-07-17 12:27:00","completeStartDate":"0000-00-00 00:00:00","completeEndDate":"0000-00-00 00:00:00","postTrialStartDate":"0000-00-00 00:00:00","postTrialEndDate":"0000-00-00 00:00:00","preTrialStartDate":"0000-00-00 00:00:00","preTrialEndDate":"0000-00-00 00:00:00","experienceStartDate":"2023-07-19 12:28:00","experienceEndDate":"2023-07-20 12:28:00","reportingStartDate":"2023-07-20 12:30:00","reportingEndDate":"2023-07-21 12:30:00","trialStartDate":"0000-00-00 00:00:00","trialEndDate":"0000-00-00 00:00:00"}},{"id":2207,"slug":"foreveropenevent","name":"forever open event","description":"<p>tttttttttttttttttt</p>\n","likeCount":0,"heroAsset":null,"sponsorId":586,"sponsorName":"Beyond Meat","hashtag":null,"milestoneDate":"Thu Jul 20 12:28:00 GMT 2023","milestoneLabel":"This Event ended on","milestones":{"applicationStartDate":"2023-07-11 12:20:00","applicationEndDate":"2023-07-13 12:20:00","openStartDate":"2023-07-13 12:25:00","openEndDate":"2023-07-14 12:25:00","buildupStartDate":"2023-07-18 12:28:00","buildupEndDate":"2023-07-19 12:28:00","noticeStartDate":"2023-07-14 12:26:00","noticeEndDate":"2023-07-15 12:26:00","selectionStartDate":"2023-07-17 12:27:00","selectionEndDate":"2023-07-18 12:27:00","partyStartDate":"2023-07-15 12:26:00","partyEndDate":"2023-07-16 12:26:00","partyRangeStartDate":"2023-07-16 12:27:00","partyRangeEndDate":"2023-07-17 12:27:00","completeStartDate":"0000-00-00 00:00:00","completeEndDate":"0000-00-00 00:00:00","postTrialStartDate":"0000-00-00 00:00:00","postTrialEndDate":"0000-00-00 00:00:00","preTrialStartDate":"0000-00-00 00:00:00","preTrialEndDate":"0000-00-00 00:00:00","experienceStartDate":"2023-07-19 12:28:00","experienceEndDate":"2023-07-20 12:28:00","reportingStartDate":"2023-07-20 12:30:00","reportingEndDate":"2023-07-21 12:30:00","trialStartDate":"0000-00-00 00:00:00","trialEndDate":"0000-00-00 00:00:00"}},{"id":2035,"slug":"birthdaypartyhp","name":"Birthday Party HP preference","description":"<p>Gather your gang and throw your own Scooby-Doo&trade; themed party celebrating 50 years of spooky, mysterious fun&mdash;complete with a special screening of <em>Scooby Doo! Return to Zombie Island</em>! Check out!</p>\n\n<p><strong>[[variable|key::Custom.approved_applicant_location]]</strong></p>\n\n<p><strong>If you&rsquo;re selected and confirmed as a host, your exclusive Party Pack will contain:</strong></p>\n\n<ul>\n\t<li>Scooby-Doo themed party supplies from Party City</li>\n\t<li>An exclusive Scooby-Doo Funko Pop! Flocked Vinyl Figure from BoxLunch</li>\n\t<li><em>Scooby-Doo! Return to Zombie Island</em> DVD</li>\n\t<li>KEEBLER&reg; Scooby-Doo! Graham Cracker Sticks</li>\n\t<li>And so much more!</li>\n</ul>\n\n<p><span style=\"font-size:x-small\">SCOOBY-DOO and all related characters and elements &copy; &amp; &trade; Hanna-Barbera. (s19)</span></p>\n","likeCount":454,"heroAsset":{"assetId":3448535,"url":"https://stg-media.ripplestreet.com/basset/be4d461f297afce0e94d921d75158de4/original/Screen-Shot-2019-07-01-at-1.51.27-PM.png","description":null,"mimeType":"image/png"},"sponsorId":484,"sponsorName":"Scooby-Doo™","hashtag":null,"milestoneDate":"Sat Jul 15 18:37:00 GMT 2023","milestoneLabel":"This Event ended on","milestones":{"applicationStartDate":"2023-03-01 18:35:00","applicationEndDate":"2023-05-13 18:35:00","openStartDate":"0000-00-00 00:00:00","openEndDate":"0000-00-00 00:00:00","buildupStartDate":"2023-06-11 18:36:00","buildupEndDate":"2023-06-15 18:36:00","noticeStartDate":"0000-00-00 00:00:00","noticeEndDate":"0000-00-00 00:00:00","selectionStartDate":"2023-06-01 18:35:00","selectionEndDate":"2023-06-10 18:35:00","partyStartDate":"2023-06-27 18:37:00","partyEndDate":"2023-06-30 18:37:00","partyRangeStartDate":"2023-06-16 18:36:00","partyRangeEndDate":"2023-06-23 18:36:00","completeStartDate":"0000-00-00 00:00:00","completeEndDate":"0000-00-00 00:00:00","postTrialStartDate":"0000-00-00 00:00:00","postTrialEndDate":"0000-00-00 00:00:00","preTrialStartDate":"0000-00-00 00:00:00","preTrialEndDate":"0000-00-00 00:00:00","experienceStartDate":"2023-07-01 18:37:00","experienceEndDate":"2023-07-15 18:37:00","reportingStartDate":"0000-00-00 00:00:00","reportingEndDate":"0000-00-00 00:00:00","trialStartDate":"0000-00-00 00:00:00","trialEndDate":"0000-00-00 00:00:00"}},{"id":2125,"slug":"houseparty","name":"House Party","description":"<p><strong>Note: This event is open to residents of AZ, CA, CO, NM, NV, OR, TX, UT, WA, and WY. If you meet these requirements, please read on! If not, please check out one of our other </strong><a href=\"https://www.ripplestreet.com/discover/events\"><strong>open events</strong></a><strong>.</strong></p>\n\n<p>Are you ready to spark summer? Escape to Golden Island with Golden Island&rsquo;s Korean Barbeque Recipe meat snacks (no passport needed).&nbsp;&nbsp;</p>\n\n<p><strong>Sweet and savory? ✔️&nbsp;&nbsp;</strong></p>\n\n<p><strong>Fire-grilled to the perfect tenderness? ✔️&nbsp;&nbsp;</strong></p>\n\n<p><strong>Gluten-Free and a great source of protein? ✔️&nbsp;&nbsp;</strong></p>\n\n<p>Get ready for a culinary adventure. Selected party hosts will receive an epic pack full of everything you need to transport your tastebuds and throw a party with your closest BBQ-loving family and friends! In return, we&rsquo;ll ask for party day photos and reviews of your experience.&nbsp;&nbsp;</p>\n","likeCount":0,"heroAsset":{"assetId":3504124,"url":"https://stg-media.ripplestreet.com/basset/1d33beec077b25ecedb88cfac38eba12/original/Product2.jpg","description":"","mimeType":"image/jpeg"},"sponsorId":493,"sponsorName":"Clamato®","hashtag":"#GoldenIslandJerkyParty #Sponsored","milestoneDate":"Fri Jun 30 23:58:00 GMT 2023","milestoneLabel":"This Event ended on","milestones":{"applicationStartDate":"2023-06-01 00:54:00","applicationEndDate":"2023-06-09 00:01:00","openStartDate":"2023-06-09 06:01:00","openEndDate":"2023-06-09 06:02:00","buildupStartDate":"2023-06-09 06:06:00","buildupEndDate":"2023-06-09 06:13:00","noticeStartDate":"2023-06-09 05:59:00","noticeEndDate":"2023-06-09 06:00:00","selectionStartDate":"2023-06-09 06:03:00","selectionEndDate":"2023-06-09 06:05:00","partyStartDate":"2023-06-28 00:01:00","partyEndDate":"2023-06-28 03:48:00","partyRangeStartDate":"2023-06-28 04:01:00","partyRangeEndDate":"2023-06-28 23:58:00","completeStartDate":"0000-00-00 00:00:00","completeEndDate":"0000-00-00 00:00:00","postTrialStartDate":"0000-00-00 00:00:00","postTrialEndDate":"0000-00-00 00:00:00","preTrialStartDate":"0000-00-00 00:00:00","preTrialEndDate":"0000-00-00 00:00:00","experienceStartDate":"2023-06-27 00:01:00","experienceEndDate":"2023-06-30 23:58:00","reportingStartDate":"0000-00-00 00:00:00","reportingEndDate":"0000-00-00 00:00:00","trialStartDate":"0000-00-00 00:00:00","trialEndDate":"0000-00-00 00:00:00"}},{"id":2036,"slug":"backtoschoolcbnormalflow","name":"Back to School CB normal flow","description":"<p>When you capture thoughts on Post-it® products, ideas are made real. They explode in a flurry of color to take on a life of their own. From Tesla to toothpicks, you never know where an idea will go, unless you write it down. Think about that. Then, Think Loud and save on all your favorite Post-it® Notes products at your local Meijer and Kroger stores.</p>\n<p><span style=\"color:#000000;\"><strong>[[variable|key::Custom.approved_applicant_location]]</strong></span></p>\n<p><strong>If you're selected as a Chatterbox, you'll get a great Chat Pack:</strong></p>\n<ul><li>1 pack of Post-it® Notes - Star</li>\n<li>1 pack of Post-it® Tabs</li>\n<li>1 roll of Scotch® Brand Super Hold Tape</li>\n<li>1 roll of Scotch® Brand Wall Safe Tape</li>\n<li>And much more</li>\n</ul><p>Apply now and if selected, we'll deliver a Chat Pack right to your doorstep. You don't have to throw a party, but you'll want to celebrate when it arrives! After you try the Post-it® products, chat about your experience and how you can see using them daily during the back-to-school season, share your opinions and post a review on the site. That's it!</p>\n<p>Get the chatter started! Apply now.</p>","likeCount":326,"heroAsset":{"assetId":3434290,"url":"https://stg-media.ripplestreet.com/basset/4e2e345088e05fc79e9a153394b412ed/original/MP1_MainBanner.jpg","description":null,"mimeType":"image/jpeg"},"sponsorId":389,"sponsorName":"Post-it® Brand","hashtag":null,"milestoneDate":"Fri Jun 30 23:58:00 GMT 2023","milestoneLabel":"This Event ended on","milestones":{"applicationStartDate":"2023-04-01 15:43:00","applicationEndDate":"2023-06-09 06:15:00","openStartDate":"0000-00-00 00:00:00","openEndDate":"0000-00-00 00:00:00","buildupStartDate":"0000-00-00 00:00:00","buildupEndDate":"0000-00-00 00:00:00","noticeStartDate":"2023-06-09 06:16:00","noticeEndDate":"2023-06-09 06:20:00","selectionStartDate":"0000-00-00 00:00:00","selectionEndDate":"0000-00-00 00:00:00","partyStartDate":"0000-00-00 00:00:00","partyEndDate":"0000-00-00 00:00:00","partyRangeStartDate":"0000-00-00 00:00:00","partyRangeEndDate":"0000-00-00 00:00:00","completeStartDate":"0000-00-00 00:00:00","completeEndDate":"0000-00-00 00:00:00","postTrialStartDate":"2023-06-29 00:02:00","postTrialEndDate":"2023-06-30 23:58:00","preTrialStartDate":"2023-06-09 06:26:00","preTrialEndDate":"2023-06-09 06:30:00","experienceStartDate":"0000-00-00 00:00:00","experienceEndDate":"0000-00-00 00:00:00","reportingStartDate":"0000-00-00 00:00:00","reportingEndDate":"0000-00-00 00:00:00","trialStartDate":"2023-06-09 06:34:00","trialEndDate":"2023-06-28 23:59:00"}},{"id":1877,"slug":"wewalkaparty","name":"Wewalka Party ","description":"<p><strong>GET THE PARTY ROLLING!</strong></p>\n<p><strong>Host a Wewalka European Baking Made Easy Party</strong></p>\n<p>It’s no secret that sharing great tasting food connects people, opens conversations and creates memorable moments.  But preparing delicious, beautifully baked items has been a time-consuming challenge … until now. Wewalka European Bakery Style Dough pairs convenience with traditional European taste to help you bake up impressive results every time.</p>\n<p>Invite your friends over for a European Baking party and show just how easy it is to bake up bakery style creations. And with the dough rolled on a parchment paper liner, clean up is simple – leaving you more time with your guests and less time cleaning.</p>\n<p><strong style=\"font-weight:bold;\">[[variable|key::Custom.approved_applicant_location]]</strong></p>","likeCount":0,"heroAsset":{"assetId":3503486,"url":"https://stg-media.ripplestreet.com/basset/ac2e71f3bf7071b44d6bed859a78862f/original/Banner.jpg","description":"","mimeType":"image/jpeg"},"sponsorId":581,"sponsorName":"Welch's®","hashtag":null,"milestoneDate":"Fri Jun 30 15:54:00 GMT 2023","milestoneLabel":"This Event ended on","milestones":{"applicationStartDate":"2023-02-01 15:52:00","applicationEndDate":"2023-05-31 23:59:00","openStartDate":"0000-00-00 00:00:00","openEndDate":"0000-00-00 00:00:00","buildupStartDate":"0000-00-00 00:00:00","buildupEndDate":"0000-00-00 00:00:00","noticeStartDate":"0000-00-00 00:00:00","noticeEndDate":"0000-00-00 00:00:00","selectionStartDate":"2023-06-05 00:05:00","selectionEndDate":"2023-06-23 15:58:00","partyStartDate":"2023-06-24 16:00:00","partyEndDate":"2023-06-25 16:05:00","partyRangeStartDate":"2023-06-26 16:10:00","partyRangeEndDate":"2023-06-27 16:15:00","completeStartDate":"0000-00-00 00:00:00","completeEndDate":"0000-00-00 00:00:00","postTrialStartDate":"0000-00-00 00:00:00","postTrialEndDate":"0000-00-00 00:00:00","preTrialStartDate":"0000-00-00 00:00:00","preTrialEndDate":"0000-00-00 00:00:00","experienceStartDate":"2023-06-28 16:20:00","experienceEndDate":"2023-06-30 15:54:00","reportingStartDate":"0000-00-00 00:00:00","reportingEndDate":"0000-00-00 00:00:00","trialStartDate":"0000-00-00 00:00:00","trialEndDate":"0000-00-00 00:00:00"}},{"id":2092,"slug":"huggiescbwithoutsurveyflow","name":"HUGGIES CB without Survey flow","description":"<p>Nice to see</p>\n","likeCount":2,"heroAsset":{"assetId":3216590,"url":"https://stg-media.ripplestreet.com/basset/6a50ea0fb6de79fda92a28af413cef89/original/Huggies_SnugDryUltra_CB.jpg","description":null,"mimeType":"image/jpeg"},"sponsorId":505,"sponsorName":"Ripple Street","hashtag":null,"milestoneDate":"Fri Jun 30 15:19:00 GMT 2023","milestoneLabel":"This Event ended on","milestones":{"applicationStartDate":"2023-06-11 15:18:00","applicationEndDate":"2023-06-11 15:18:00","openStartDate":"0000-00-00 00:00:00","openEndDate":"0000-00-00 00:00:00","buildupStartDate":"0000-00-00 00:00:00","buildupEndDate":"0000-00-00 00:00:00","noticeStartDate":"0000-00-00 00:00:00","noticeEndDate":"0000-00-00 00:00:00","selectionStartDate":"0000-00-00 00:00:00","selectionEndDate":"0000-00-00 00:00:00","partyStartDate":"0000-00-00 00:00:00","partyEndDate":"0000-00-00 00:00:00","partyRangeStartDate":"0000-00-00 00:00:00","partyRangeEndDate":"0000-00-00 00:00:00","completeStartDate":"0000-00-00 00:00:00","completeEndDate":"0000-00-00 00:00:00","postTrialStartDate":"2023-06-21 15:19:00","postTrialEndDate":"2023-06-30 15:19:00","preTrialStartDate":"2023-06-11 15:18:00","preTrialEndDate":"2023-06-16 15:18:00","experienceStartDate":"0000-00-00 00:00:00","experienceEndDate":"0000-00-00 00:00:00","reportingStartDate":"0000-00-00 00:00:00","reportingEndDate":"0000-00-00 00:00:00","trialStartDate":"2023-06-17 15:18:00","trialEndDate":"2023-06-20 15:18:00"}},{"id":2034,"slug":"breakfastcelebrationqa","name":"Breakfast Celebration HP Hybrid","description":"<p>Get the kids over for a totally awesome breakfast party featuring Kellogg's® Eggo® Waffles, Pancakes and French Toaster Sticks from your local Publix. Eggo® products toast up in minutes for a delicious breakfast that is crispy on the outside and fluffy on the inside, making mornings more fun.</p>\n<p><strong><strong><strong>[[variable|key::Custom.approved_applicant_location]]</strong></strong></strong></p>\n<p><span style=\"color:#000000;\"><strong>If you’re selected and confirmed as a host, your exclusive Party Pack will contain:</strong></span></p>\n<ul><li><span style=\"color:#000000;\">1 $25 Publix Gift Card to buy all your Kellogg's® Eggo® Minis Homestyle Waffles, Eggo® Minis Buttermilk Pancakes and Eggo® French Toaster Sticks and all the fixins' to make a Breakfast Celebration</span></li>\n<li><span style=\"color:#000000;\">2 Eggo® activity sheets</span></li>\n</ul><p><span style=\"font-size:small;\"><strong>NOTE:</strong> All social posts need to be targeted to moms and to speak to moms. No social posts should be targeting children or speaking to children. Hosts should <strong>NOT</strong> showcase/purchase or mention any Eggo® licensed products – including Eggo® Paw Patrol, Eggo® Mickey, Eggo® Frozen 2 or Eggo® Spiderman products in any communications.</span></p>","likeCount":324,"heroAsset":{"assetId":3486350,"url":"https://stg-media.ripplestreet.com/basset/25a695e69458435915596b0ab52a05a5/original/KEL008557_ahr_ban_Publix_EggoKids_PartyBanner.jpg","description":null,"mimeType":"image/jpeg"},"sponsorId":496,"sponsorName":"Eggo®","hashtag":null,"milestoneDate":"Fri Jun 30 13:30:00 GMT 2023","milestoneLabel":"This Event ended on","milestones":{"applicationStartDate":"2023-03-01 11:33:00","applicationEndDate":"2023-05-25 11:33:00","openStartDate":"0000-00-00 00:00:00","openEndDate":"0000-00-00 00:00:00","buildupStartDate":"2023-05-29 00:01:00","buildupEndDate":"2023-05-29 23:58:00","noticeStartDate":"0000-00-00 00:00:00","noticeEndDate":"0000-00-00 00:00:00","selectionStartDate":"2023-05-28 11:33:00","selectionEndDate":"2023-05-28 23:33:00","partyStartDate":"2023-05-26 11:34:00","partyEndDate":"2023-05-27 11:34:00","partyRangeStartDate":"2023-05-27 11:34:00","partyRangeEndDate":"2023-05-30 11:34:00","completeStartDate":"0000-00-00 00:00:00","completeEndDate":"0000-00-00 00:00:00","postTrialStartDate":"0000-00-00 00:00:00","postTrialEndDate":"0000-00-00 00:00:00","preTrialStartDate":"0000-00-00 00:00:00","preTrialEndDate":"0000-00-00 00:00:00","experienceStartDate":"2023-06-30 11:35:00","experienceEndDate":"2023-06-30 13:30:00","reportingStartDate":"0000-00-00 00:00:00","reportingEndDate":"0000-00-00 00:00:00","trialStartDate":"0000-00-00 00:00:00","trialEndDate":"0000-00-00 00:00:00"}},{"id":2023,"slug":"clearapplesaucepoucheschatterboxqa","name":"Clear Applesauce Pouches CB User Preference","description":"<p>Mott’s new clear Applesauce Pouches are the perfect on-the-go snack for back to school. You’ll love seeing there’s nothing but high-quality applesauce inside. And kids will love them too, for the fun new characters on every pouch.</p>\n<p><span style=\"color:#000000;\"><strong>[[variable|key::Custom.approved_applicant_location]]</strong></span></p>\n<p><strong>If you're selected as a Chatterbox, you'll get a great Chat Pack:</strong></p>\n<ul><li>1 gratuity coupon for a free 4 pack or 12 pack of any flavor of Mott’s clear Applesauce Pouches</li>\n<li>1 Sheet of Pouch Pals stickers</li>\n<li>1 Handout with Mott’s clear Applesauce Pouches info</li>\n<li>5 discount coupons for $1 off any flavor of Mott’s clear Applesauce Pouches to share with friends and family</li>\n</ul><p>Apply now and if selected, we'll deliver a Chat Pack right to your doorstep. You don't have to throw a party, but you'll want to celebrate when it arrives! After you/your child tries Mott’s clear Applesauce Pouches, chat about your experience, share your opinions and post a review on the site. That's it!</p>\n<p>Get the chatter started! Apply now.</p>\n<p><span style=\"font-size:x-small;\">Mott’s is a registered trademark of Mott’s LLP ©2019 Mott’s LLP</span></p>","likeCount":329,"heroAsset":{"assetId":3450749,"url":"https://stg-media.ripplestreet.com/basset/a5bc8efed85e1d559bb1f8c2959bc9bd/original/PartyBanner.jpg","description":null,"mimeType":"image/jpeg"},"sponsorId":582,"sponsorName":"Corona Non-Alcoholic","hashtag":null,"milestoneDate":"Fri Jun 30 12:38:00 GMT 2023","milestoneLabel":"This Event ended on","milestones":{"applicationStartDate":"2023-03-01 12:37:00","applicationEndDate":"2023-04-30 12:37:00","openStartDate":"0000-00-00 00:00:00","openEndDate":"0000-00-00 00:00:00","buildupStartDate":"0000-00-00 00:00:00","buildupEndDate":"0000-00-00 00:00:00","noticeStartDate":"0000-00-00 00:00:00","noticeEndDate":"0000-00-00 00:00:00","selectionStartDate":"0000-00-00 00:00:00","selectionEndDate":"0000-00-00 00:00:00","partyStartDate":"0000-00-00 00:00:00","partyEndDate":"0000-00-00 00:00:00","partyRangeStartDate":"0000-00-00 00:00:00","partyRangeEndDate":"0000-00-00 00:00:00","completeStartDate":"0000-00-00 00:00:00","completeEndDate":"0000-00-00 00:00:00","postTrialStartDate":"2023-06-24 12:38:00","postTrialEndDate":"2023-06-30 12:38:00","preTrialStartDate":"2023-05-01 12:37:00","preTrialEndDate":"2023-05-31 12:37:00","experienceStartDate":"0000-00-00 00:00:00","experienceEndDate":"0000-00-00 00:00:00","reportingStartDate":"0000-00-00 00:00:00","reportingEndDate":"0000-00-00 00:00:00","trialStartDate":"2023-06-01 12:38:00","trialEndDate":"2023-06-22 12:38:00"}},{"id":2088,"slug":"fourthoffireflyhphybridflow","name":"Fourth of Firefly HP Hybrid flow","description":"<p>Celebrate America's birthday with an all-American party featuring Firefly Sweet Tea Vodka, and Firefly Moonshine. Great recipes will fill glasses and grills will make this the backyard Fourth of July celebration all your friends will want to come to. Southern brewed in South Carolina, Firefly Sweet Tea Vodka tastes just like real sweet tea, but with an even sweeter kick! Firefly Moonshine is an authentic southern spirit that delivers a raw and rustic drinking experience in six delicious flavors. Together, they'll flavor your party with great tasting easy cocktails like the American Margarita, BBQ recipes, backyard games and more to make it a great way to celebrate the Fourth of July with Firefly.</p>\n<p><strong>[[variable|key::Custom.approved_applicant_location]]</strong></p>","likeCount":0,"heroAsset":{"assetId":3216837,"url":"https://stg-media.ripplestreet.com/basset/1805a6c36e89484fdfe8bc4a195a7226/original/FIREFLY_The4thOfFirefly_HP.jpg","description":null,"mimeType":"image/jpeg"},"sponsorId":505,"sponsorName":"Ripple Street","hashtag":null,"milestoneDate":"Fri Jun 30 10:46:00 GMT 2023","milestoneLabel":"This Event ended on","milestones":{"applicationStartDate":"2023-05-01 10:13:00","applicationEndDate":"2023-06-29 10:46:00","openStartDate":"2023-06-30 10:46:00","openEndDate":"2023-06-30 10:46:00","buildupStartDate":"2023-06-30 10:46:00","buildupEndDate":"2023-06-30 10:46:00","noticeStartDate":"2023-06-30 10:46:00","noticeEndDate":"2023-06-30 10:46:00","selectionStartDate":"2023-06-30 10:46:00","selectionEndDate":"2023-06-30 10:46:00","partyStartDate":"2023-06-30 10:46:00","partyEndDate":"2023-06-30 10:46:00","partyRangeStartDate":"2023-06-30 10:46:00","partyRangeEndDate":"2023-06-30 10:46:00","completeStartDate":"0000-00-00 00:00:00","completeEndDate":"0000-00-00 00:00:00","postTrialStartDate":"0000-00-00 00:00:00","postTrialEndDate":"0000-00-00 00:00:00","preTrialStartDate":"0000-00-00 00:00:00","preTrialEndDate":"0000-00-00 00:00:00","experienceStartDate":"2023-06-30 10:46:00","experienceEndDate":"2023-06-30 10:46:00","reportingStartDate":"2023-05-05 10:16:15","reportingEndDate":"2023-09-30 10:16:00","trialStartDate":"0000-00-00 00:00:00","trialEndDate":"0000-00-00 00:00:00"}}],"hasNext":true}"
at java.base/java.lang.NumberFormatException.forInputString(NumberFormatException.java:67)
at java.base/java.lang.Integer.parseInt(Integer.java:668)
at java.base/java.lang.Integer.parseInt(Integer.java:786)
at com.ripplestreet.genricUtilities.genricUtilities.StatusCode(genricUtilities.java:202)
at java.base/java.util.ArrayList.forEach(ArrayList.java:1511)
... Removed 31 stack frames]]>
    </failure>
  </testcase> <!-- @AfterMethod StatusCode -->
  <testcase classname="com.ripplestreet.genricUtilities.genricUtilities" name="@BeforeMethod BaseURI" time="0.0">
    <skipped/>
  </testcase> <!-- @BeforeMethod BaseURI -->
  <testcase classname="com.ripplestreet.genricUtilities.genricUtilities" name="@AfterMethod StatusCode" time="0.0">
    <skipped/>
  </testcase> <!-- @AfterMethod StatusCode -->
  <testcase classname="com.ripplestreet.genricUtilities.genricUtilities" name="@AfterMethod StatusCode" time="0.386">
    <failure type="java.lang.IllegalArgumentException" message="The maximum length of cell contents (text) is 32767 characters">
      <![CDATA[java.lang.IllegalArgumentException: The maximum length of cell contents (text) is 32767 characters
at org.apache.poi.ss.usermodel.CellBase.checkLength(CellBase.java:292)
at org.apache.poi.ss.usermodel.CellBase.setCellValue(CellBase.java:273)
at com.ripplestreet.genricUtilities.genricUtilities.StatusCode(genricUtilities.java:183)
at java.base/java.util.ArrayList.forEach(ArrayList.java:1511)
... Removed 31 stack frames]]>
    </failure>
  </testcase> <!-- @AfterMethod StatusCode -->
  <testcase classname="com.ripplestreet.genricUtilities.genricUtilities" name="@BeforeMethod BaseURI" time="0.0">
    <skipped/>
  </testcase> <!-- @BeforeMethod BaseURI -->
  <testcase classname="com.ripplestreet.genricUtilities.genricUtilities" name="@AfterMethod StatusCode" time="0.0">
    <skipped/>
  </testcase> <!-- @AfterMethod StatusCode -->
  <testcase classname="com.ripplestreet.AllGetApis.AchievementControllerGetApi" name="GetListofAchievements" time="2.918"/>
  <testcase classname="com.ripplestreet.AllGetApis.AchievementControllerGetApi" name="getAchivements" time="1.412"/>
  <testcase classname="com.ripplestreet.AllGetApis.AchievementControllerGetApi" name="GetListofAchievementsforTriggerId" time="1.591"/>
  <testcase classname="com.ripplestreet.AllPutApis.AchivementControllerPutApi" name="updateAchivement" time="1.693"/>
  <testcase classname="com.ripplestreet.FilterApis.BenefitControllerFiltersGetApi" name="getListOfBenefit" time="4.998"/>
  <testcase classname="com.ripplestreet.AllGetApis.AchievementProgramControllerGetApi" name="GetListofAchievementPrograms" time="1.653"/>
  <testcase classname="com.ripplestreet.AllGetApis.AchievementProgramControllerGetApi" name="GetListOfAchievementProgramsforAchievementId" time="1.591"/>
  <testcase classname="com.ripplestreet.AllGetApis.AchievementProgramControllerGetApi" name="GetAchievementProgram" time="1.477"/>
  <testcase classname="com.ripplestreet.AllPutApis.AchivementProgrameControllerPutApi" name="updateAchivementPrograme" time="1.589"/>
  <testcase classname="com.ripplestreet.FilterApis.CommunityServiceFiltersgetApi" name="getAllAdressEntriesByPersonId" time="11.571"/>
  <testcase classname="com.ripplestreet.FilterApis.CommunityServiceFiltersgetApi" name="getAllUsersByEventAndParticipantType" time="11.613"/>
  <testcase classname="com.ripplestreet.AllGetApis.ActivityControllerGetApi" name="getListOfActivities" time="1.473"/>
  <testcase classname="com.ripplestreet.AllGetApis.ActivityControllerGetApi" name="getActivity" time="0.0">
    <skipped/>
  </testcase> <!-- getActivity -->
  <testcase classname="com.ripplestreet.AllPutApis.ActivityControllerPutApi" name="UpdateActivity" time="1.5"/>
  <testcase classname="com.ripplestreet.AllPutApis.ActivityControllerPutApi" name="ReopenActivity" time="1.573"/>
  <testcase classname="com.ripplestreet.FilterApis.EventControllerFiltersGetApi" name="DiscoverEventFilters" time="7.224"/>
  <testcase classname="com.ripplestreet.FilterApis.EventControllerFiltersGetApi" name="geFilterdEvent" time="15.209">
    <failure type="java.lang.IllegalArgumentException" message="The maximum length of cell contents (text) is 32767 characters">
      <![CDATA[java.lang.IllegalArgumentException: The maximum length of cell contents (text) is 32767 characters
at org.apache.poi.ss.usermodel.CellBase.checkLength(CellBase.java:292)
at org.apache.poi.ss.usermodel.CellBase.setCellValue(CellBase.java:273)
at com.ripplestreet.genricUtilities.genricUtilities.StatusCode(genricUtilities.java:183)
at com.ripplestreet.FilterApis.EventControllerFiltersGetApi.geFilterdEvent(EventControllerFiltersGetApi.java:59)
at java.base/java.util.ArrayList.forEach(ArrayList.java:1511)
... Removed 27 stack frames]]>
    </failure>
  </testcase> <!-- geFilterdEvent -->
  <testcase classname="com.ripplestreet.genricUtilities.GetApiFilters" name="test" time="6.679">
    <failure type="java.lang.IndexOutOfBoundsException" message="Index 4 out of bounds for length 4">
      <![CDATA[java.lang.IndexOutOfBoundsException: Index 4 out of bounds for length 4
at java.base/jdk.internal.util.Preconditions.outOfBounds(Preconditions.java:64)
at java.base/jdk.internal.util.Preconditions.outOfBoundsCheckIndex(Preconditions.java:70)
at java.base/jdk.internal.util.Preconditions.checkIndex(Preconditions.java:266)
at java.base/java.util.Objects.checkIndex(Objects.java:361)
at java.base/java.util.ArrayList.get(ArrayList.java:427)
at com.ripplestreet.genricUtilities.GetApiFilters.test(GetApiFilters.java:26)
at java.base/java.util.ArrayList.forEach(ArrayList.java:1511)
... Removed 27 stack frames]]>
    </failure>
  </testcase> <!-- test -->
  <testcase classname="com.ripplestreet.AllGetApis.ActivityGroupControllerGetApi" name="GetListofActivityGroups" time="2.354"/>
  <testcase classname="com.ripplestreet.AllGetApis.ActivityGroupControllerGetApi" name="GetActivityGroupsByyEventId" time="0.0">
    <skipped/>
  </testcase> <!-- GetActivityGroupsByyEventId -->
  <testcase classname="com.ripplestreet.AllGetApis.ActivityGroupControllerGetApi" name="GetActivityGroup" time="0.0">
    <skipped/>
  </testcase> <!-- GetActivityGroup -->
  <testcase classname="com.ripplestreet.AllPutApis.ActivityGroupControllerPutApi" name="updateActivityGroup" time="2.134"/>
  <testcase classname="com.ripplestreet.FilterApis.FeedControllerFiltersGetApi" name="getAllfeedForEvents" time="4.881"/>
  <testcase classname="com.ripplestreet.AllGetApis.AgencyControllerGetApi" name="findAllAgencies" time="1.561"/>
  <testcase classname="com.ripplestreet.AllGetApis.AgencyControllerGetApi" name="getAgencyById" time="1.527"/>
  <testcase classname="com.ripplestreet.AllPutApis.AgencyControllerPutApi" name="updateAgency" time="1.568"/>
  <testcase classname="com.ripplestreet.FilterApis.GameControllerFiltersGetApi" name="getAllgames" time="8.801"/>
  <testcase classname="com.ripplestreet.AllGetApis.ApplicationControllerGetApi" name="getAllApplications" time="1.557"/>
  <testcase classname="com.ripplestreet.AllPutApis.ApplicationsControllerPutApi" name="updateApplications" time="0.683"/>
  <testcase classname="com.ripplestreet.FilterApis.NotificationControllerFiltersGetApi" name="getAllNotification" time="3.809"/>
  <testcase classname="com.ripplestreet.AllGetApis.AssetControllerGetApi" name="getAssetById" time="1.598"/>
  <testcase classname="com.ripplestreet.AllPutApis.AssetControllerPutApi" name="softDeleteByAssetId" time="1.677"/>
  <testcase classname="com.ripplestreet.FilterApis.ReceiptControllerFiltersGetApi" name="getReceiptList" time="6.483"/>
  <testcase classname="com.ripplestreet.AllGetApis.AudienceControllerGetApi" name="getParticipantsWithApplicationsForEvent" time="1.248"/>
  <testcase classname="com.ripplestreet.AllPutApis.BenefitControllerPutApi" name="updateBenefit" time="1.623"/>
  <testcase classname="com.ripplestreet.FilterApis.RewardAllocationControllerFilterApi" name="getRewradAllocation" time="57.646"/>
  <testcase classname="com.ripplestreet.AllGetApis.AudiencePromotionControllerGetApi" name="getListOfAudiencePromotionJobsByEventId" time="1.597"/>
  <testcase classname="com.ripplestreet.AllGetApis.AudiencePromotionControllerGetApi" name="getListOfInviteOnlyUsersByEventId" time="1.423"/>
  <testcase classname="com.ripplestreet.AllPutApis.CampaignControllerPutApi" name="updateCampaign" time="1.712"/>
  <testcase classname="com.ripplestreet.FilterApis.RewardDeliveryControllerFiltersGetApi" name="getRewardDeleviries" time="55.044"/>
  <testcase classname="com.ripplestreet.AllGetApis.AudienceSearchControllerGetApi" name="searchableFields" time="1.381"/>
  <testcase classname="com.ripplestreet.AllPutApis.CreativeControllerPutApi" name="updateBannerIdandEventId" time="1.704"/>
[...]
  <testcase classname="com.ripplestreet.AllPutApis.RewardItemControllerPutApi" name="UpdateRewardItemsSkuAlliases" time="1.65"/>
  <testcase classname="com.ripplestreet.AllGetApis.jobControllerGetApi" name="getAllJobByTypeAndId" time="1.512"/>
  <testcase classname="com.ripplestreet.AllGetApis.jobControllerGetApi" name="getAllListOfJobsBySourcetype" time="1.443"/>
  <testcase classname="com.ripplestreet.AllPutApis.RewardPreferencePutApi" name="updaterewardPreference" time="1.446"/>
  <testcase classname="com.ripplestreet.AllGetApis.LegalControllerGetApi" name="getLegalDesclaimer" time="1.368"/>
  <testcase classname="com.ripplestreet.AllPutApis.SegmentationDefinitionVersion2ControllerPutApi" name="UpdateASegment" time="1.677"/>
  <testcase classname="com.ripplestreet.AllPutApis.SegmentationDefinitionVersion2ControllerPutApi" name="refreshUserCountBySgment" time="1.552"/>
  <testcase classname="com.ripplestreet.AllGetApis.MarketingGoalsControllerGetApi" name="getMarketingGoalsForEvent" time="1.282"/>
  <testcase classname="com.ripplestreet.AllPutApis.SegmentationFolderControllerPutApi" name="updateASegementfolder" time="1.489"/>
  <testcase classname="com.ripplestreet.AllGetApis.MobileAppControllerGetApi" name="GetListOfMyActivities" time="2.757"/>
  <testcase classname="com.ripplestreet.AllPutApis.SegmentationJobControllerPutApi" name="createASegmentJob" time="1.41"/>
  <testcase classname="com.ripplestreet.AllGetApis.MobileCommunityControllerGetApi" name="getAllEventsByUserAndParticipantTypeApplicant" time="1.49"/>
  <testcase classname="com.ripplestreet.AllGetApis.MobileCommunityControllerGetApi" name="getActiveEventsDetailForUser" time="1.489"/>
  <testcase classname="com.ripplestreet.AllPutApis.SponsorControllerPutApi" name="updateSponser" time="1.698"/>
  <testcase classname="com.ripplestreet.AllGetApis.NewTest" name="f" time="0.0"/>
  <testcase classname="com.ripplestreet.AllPutApis.TackableLinkControllerPutApi" name="updateLink" time="1.499"/>
  <testcase classname="com.ripplestreet.AllGetApis.NotificationControllerGetApi" name="isEmailExistInSuppressionList" time="1.504"/>
  <testcase classname="com.ripplestreet.AllGetApis.NotificationControllerGetApi" name="getAllNotification" time="1.571"/>
  <testcase classname="com.ripplestreet.AllGetApis.NotificationControllerGetApi" name="GetCampaignByNotificationId" time="1.574"/>
  <testcase classname="com.ripplestreet.AllGetApis.NotificationControllerGetApi" name="GetStatusByNotificationId" time="1.475"/>
  <testcase classname="com.ripplestreet.AllGetApis.NotificationControllerGetApi" name="SearchCampaignforNotification" time="1.387"/>
  <testcase classname="com.ripplestreet.AllGetApis.NotificationControllerGetApi" name="GetKPIMatrixByCampaignId" time="1.574"/>
  <testcase classname="com.ripplestreet.AllPutApis.TaskControllerPutApi" name="updateTask" time="1.621"/>
  <testcase classname="com.ripplestreet.AllGetApis.OptinInflightActivationControllerGetApi" name="getListOfAllocationTransientRecordByEventId" time="1.395"/>
  <testcase classname="com.ripplestreet.AllGetApis.OptinInflightActivationControllerGetApi" name="getAllocationTransientRecordByEventIdAndPersonId" time="1.507"/>
  <testcase classname="com.ripplestreet.AllPutApis.templateControllerPutApi" name="updateTransactionalTemplate" time="1.595"/>
  <testcase classname="com.ripplestreet.AllGetApis.OptInsControllerGetApi" name="getListOptInByEventId" time="1.396"/>
  <testcase classname="com.ripplestreet.AllGetApis.OptInsControllerGetApi" name="GetRewardCountByEventIdAndPreferenceforPerson" time="1.56"/>
  <testcase classname="com.ripplestreet.AllGetApis.OptInsControllerGetApi" name="getOptInById" time="1.349"/>
  <testcase classname="com.ripplestreet.AllPutApis.TrackerControllerGetApi" name="updateActivityTrackerstatuses" time="1.529"/>
  <testcase classname="com.ripplestreet.AllGetApis.PartyControllerGetApi" name="getlistofparties" time="1.514"/>
  <testcase classname="com.ripplestreet.AllPutApis.TriggerControllerPutApi" name="updateTriggerDefinition" time="1.637"/>
  <testcase classname="com.ripplestreet.AllGetApis.PreSignedURLControllerGetApi" name="getAllFilesBynotificationId" time="1.35"/>
  <testcase classname="com.ripplestreet.AllGetApis.ProductControllerGetApi" name="getListOfProdutsByEventID" time="1.47"/>
  <testcase classname="com.ripplestreet.AllGetApis.ProductControllerGetApi" name="getProductsById" time="1.52"/>
  <testcase classname="com.ripplestreet.AllGetApis.ReceiptControllerGetApi" name="getReceiptRecordWithData" time="1.511"/>
  <testcase classname="com.ripplestreet.AllGetApis.ReceiptControllerGetApi" name="getReceiptList" time="1.585"/>
  <testcase classname="com.ripplestreet.AllGetApis.RecipientsController" name="GetAllRecipientForCampaignId" time="1.582"/>
  <testcase classname="com.ripplestreet.AllGetApis.ReservationControllerGetApi" name="GetUserStatusCountbyEventId" time="1.641"/>
  <testcase classname="com.ripplestreet.AllGetApis.ReviewControllerGetApi" name="getExternalReview" time="1.649"/>
  <testcase classname="com.ripplestreet.AllGetApis.ReviewControllerGetApi" name="getReviewsByTaskId" time="1.349"/>
  <testcase classname="com.ripplestreet.AllGetApis.ReviewControllerGetApi" name="getReview" time="1.728"/>
  <testcase classname="com.ripplestreet.AllGetApis.RewardAllocationcontrollerGetApi" name="getRewardAllocation" time="1.538"/>
  <testcase classname="com.ripplestreet.AllGetApis.RewardCatalogControllerGetAPi" name="getAllRewardCatalogItems" time="2.163"/>
  <testcase classname="com.ripplestreet.AllGetApis.RewardControllerGetApi" name="getRewardByName" time="1.532"/>
  <testcase classname="com.ripplestreet.AllGetApis.RewardControllerGetApi" name="getReward" time="1.596"/>
  <testcase classname="com.ripplestreet.AllGetApis.RewardControllerGetApi" name="getAllReward" time="1.59"/>
  <testcase classname="com.ripplestreet.AllGetApis.RewardControllerGetApi" name="searchItems" time="1.503"/>
  <testcase classname="com.ripplestreet.AllGetApis.RewardControllerGetApi" name="getRewardSummaryByEventId" time="1.511"/>
  <testcase classname="com.ripplestreet.AllGetApis.RewardControllerGetApi" name="getRewardCount" time="1.598"/>
  <testcase classname="com.ripplestreet.AllGetApis.RewardDeliveryControllerGetApi" name="getDeliverySystemAttributeValue" time="1.498"/>
  <testcase classname="com.ripplestreet.AllGetApis.RewardDeliveryControllerGetApi" name="getRewardDeleveries" time="1.398"/>
  <testcase classname="com.ripplestreet.AllGetApis.RewardDeliveryControllerGetApi" name="getRewardDeleverie" time="1.567"/>
  <testcase classname="com.ripplestreet.AllGetApis.RewardDeliveryControllerGetApi" name="getAllRewardDeliveriesByPersonId" time="1.701"/>
  <testcase classname="com.ripplestreet.AllGetApis.RewardPreferencesControllerGetApi" name="getRewardPreferences" time="1.534"/>
  <testcase classname="com.ripplestreet.AllGetApis.RewardsItemsControllerGetApi" name="getRewarditems" time="1.48"/>
  <testcase classname="com.ripplestreet.AllGetApis.RoleControllerGetApi" name="getLlistOfPeopleByRoleID" time="1.58"/>
  <testcase classname="com.ripplestreet.AllGetApis.RoleControllerGetApi" name="getListOfRoles" time="1.58"/>
  <testcase classname="com.ripplestreet.AllGetApis.SegmentationDataControllerGetApi" name="FindIfUserExistInGivenSegment" time="1.389"/>
  <testcase classname="com.ripplestreet.AllGetApis.SegmentationDataControllerGetApi" name="GetSegmentIdBySegmentName" time="1.596"/>
  <testcase classname="com.ripplestreet.AllGetApis.SegmentationDataControllerGetApi" name="GetSegmentsOfaUser" time="1.507"/>
  <testcase classname="com.ripplestreet.AllGetApis.SegmentationDataControllerGetApi" name="GetUsersOfaSegment" time="1.584"/>
  <testcase classname="com.ripplestreet.AllGetApis.SegmentationDataControllerGetApi" name="GetUserDetailsOfaSegment" time="1.483"/>
  <testcase classname="com.ripplestreet.AllGetApis.SegmentationDefinitionControllerVersion2" name="getGetSegmentDefinitionByFolderIdAndSegmentId" time="1.487"/>
  <testcase classname="com.ripplestreet.AllGetApis.SegmentationDefinitionControllerVersion2" name="getAllSegments" time="1.505"/>
  <testcase classname="com.ripplestreet.AllGetApis.SegmentationDefinitionControllerVersion2" name="getSegmentDefinitionById" time="1.505"/>
  <testcase classname="com.ripplestreet.AllGetApis.SegmentationFolderControllerGetApi" name="getAllSegmentFolder" time="1.575"/>
  <testcase classname="com.ripplestreet.AllGetApis.SegmentationFolderControllerGetApi" name="GetSegmentFolderFromCampaignSegment" time="0.0">
    <skipped/>
  </testcase> <!-- GetSegmentFolderFromCampaignSegment -->
  <testcase classname="com.ripplestreet.AllGetApis.SegmentationJobsControllerGetApi" name="getAllSegmentJobsForSegmentId" time="1.553"/>
  <testcase classname="com.ripplestreet.AllGetApis.SocialShareControllerGetApi" name="getReview" time="1.518"/>
  <testcase classname="com.ripplestreet.AllGetApis.SocialShareControllerGetApi" name="getAllReviews" time="1.615"/>
  <testcase classname="com.ripplestreet.AllGetApis.SponserControllerGetApi" name="findSponsorById" time="1.275"/>
  <testcase classname="com.ripplestreet.AllGetApis.SponserControllerGetApi" name="getAllSponsors" time="1.385"/>
  <testcase classname="com.ripplestreet.AllGetApis.SponserControllerGetApi" name="findAllsponsorAssetsbysponsorId" time="1.544"/>
  <testcase classname="com.ripplestreet.AllGetApis.storesControllerGetApi" name="getAllStoreCollection" time="1.567"/>
  <testcase classname="com.ripplestreet.AllGetApis.storesControllerGetApi" name="getStoreListByCollectionName" time="1.511"/>
  <testcase classname="com.ripplestreet.AllGetApis.SurveyControllerGetApi" name="getSurveyStatusByEventIdAndPid" time="1.397"/>
  <testcase classname="com.ripplestreet.AllGetApis.SurveyControllerGetApi" name="getAllLinksByEventId" time="1.467"/>
  <testcase classname="com.ripplestreet.AllGetApis.SurveyControllerGetApi" name="getSurveyListByEventIdAndPid" time="1.588"/>
  <testcase classname="com.ripplestreet.AllGetApis.SwagControllerGetApi" name="getSwag" time="1.506"/>
  <testcase classname="com.ripplestreet.AllGetApis.SwagControllerGetApi" name="getSwagList" time="1.498"/>
  <testcase classname="com.ripplestreet.AllGetApis.TargetsControllerGetApi" name="getAlltargets" time="1.588"/>
  <testcase classname="com.ripplestreet.AllGetApis.TaskControllerGetApi" name="getListOfTasks" time="1.483"/>
  <testcase classname="com.ripplestreet.AllGetApis.TaskControllerGetApi" name="getTask" time="1.489"/>
  <testcase classname="com.ripplestreet.AllGetApis.TemplateControllerGetApi" name="template" time="1.492"/>
  <testcase classname="com.ripplestreet.AllGetApis.TemplateControllerGetApi" name="AllEmailList" time="2.299"/>
  <testcase classname="com.ripplestreet.AllGetApis.TemplateControllerGetApi" name="PreviewTemplateContent" time="1.788"/>
  <testcase classname="com.ripplestreet.AllGetApis.TemplateControllerGetApi" name="GettemplateByTrasactionalType" time="1.486"/>
  <testcase classname="com.ripplestreet.AllGetApis.TemplateControllerGetApi" name="DownloadCSVLoader" time="1.521"/>
  <testcase classname="com.ripplestreet.AllGetApis.TemplateControllerGetApi" name="GetTemplateListByTransactionalTypeAndEventId" time="1.475"/>
  <testcase classname="com.ripplestreet.AllGetApis.TemplateControllerGetApi" name="getTransactionalTemplateById" time="1.464"/>
  <testcase classname="com.ripplestreet.AllGetApis.TrackableLinkcontrollerGetApi" name="findAllLinksForAnEvent" time="1.5"/>
  <testcase classname="com.ripplestreet.AllGetApis.TrackableLinkcontrollerGetApi" name="getLinkById" time="1.518"/>
  <testcase classname="com.ripplestreet.AllGetApis.TremendouesControllerGetApi" name="getTremendousCampaigns" time="2.202"/>
  <testcase classname="com.ripplestreet.AllGetApis.TremendouesControllerGetApi" name="getTremendousFundingSources" time="1.503"/>
  <testcase classname="com.ripplestreet.AllGetApis.TriggerControllerGetApi" name="GetAllTriggers" time="1.477"/>
  <testcase classname="com.ripplestreet.AllGetApis.TriggerControllerGetApi" name="getTriggerInfoByTableNameAndOperation" time="1.457"/>
  <testcase classname="com.ripplestreet.AllGetApis.TriggerControllerGetApi" name="getTriggerDefinition" time="1.41"/>
  <testcase classname="com.ripplestreet.AllGetApis.UgcControllerGetApi" name="downloadAsset" time="1.572"/>
  <testcase classname="com.ripplestreet.AllGetApis.UgcControllerGetApi" name="getUgcDetailsByTaskId" time="1.392"/>
  <testcase classname="com.ripplestreet.AllGetApis.UgcControllerGetApi" name="downloadAssetByURL" time="1.478"/>
  <testcase classname="com.ripplestreet.AllGetApis.UgcControllerGetApi" name="getImageRecognitionResponse" time="1.51"/>
  <testcase classname="com.ripplestreet.AllGetApis.UgcControllerGetApi" name="getUgcDetailsById" time="1.566"/>
  <testcase classname="com.ripplestreet.AllGetApis.UserAchievementControllerGetApi" name="getUserAchivmentsDetails" time="1.59"/>
  <testcase classname="com.ripplestreet.AllGetApis.UserAchievementControllerGetApi" name="getUserProgramsDetailes" time="1.485"/>
  <testcase classname="com.ripplestreet.AllGetApis.userFamilyControllerGetApi" name="getUserChildern" time="0.555"/>
  <testcase classname="com.ripplestreet.AllGetApis.userFamilyControllerGetApi" name="getAllPetTypes" time="1.494"/>
  <testcase classname="com.ripplestreet.AllGetApis.userFamilyControllerGetApi" name="getAllPetsForUser" time="1.479"/>
  <testcase classname="com.ripplestreet.AllGetApis.UserStatusControllerGetApi" name="GetUserAndEventDataByEventIdandPersonId" time="1.599"/>
  <testcase classname="com.ripplestreet.AllGetApis.WorkFlowTemplateControllerGetApi" name="getEventWorkflowTemplateByEventId" time="1.298"/>
  <testcase classname="com.ripplestreet.AllGetApis.WorkFlowTemplateControllerGetApi" name="getListOfWorkFlowTemplates" time="1.497"/>
  <testcase classname="com.ripplestreet.AllGetApis.WorkFlowTemplateControllerGetApi" name="getStepFunctionByArn" time="0.002">
    <failure type="java.lang.IllegalArgumentException" message="Invalid number of path parameters. Expected 1, was 0. Undefined path parameters are: workflowTemplateId.">
      <![CDATA[java.lang.IllegalArgumentException: Invalid number of path parameters. Expected 1, was 0. Undefined path parameters are: workflowTemplateId.
at org.codehaus.groovy.runtime.callsite.ConstructorSite$ConstructorSiteNoUnwrap.callConstructor(ConstructorSite.java:86)
at org.codehaus.groovy.runtime.callsite.AbstractCallSite.callConstructor(AbstractCallSite.java:277)
at io.restassured.internal.RequestSpecificationImpl.assertCorrectNumberOfPathParams(RequestSpecificationImpl.groovy:1277)
at groovy.lang.MetaMethod.doMethodInvoke(MetaMethod.java:328)
at groovy.lang.MetaClassImpl.doInvokeMethod(MetaClassImpl.java:1348)
at groovy.lang.MetaClassImpl.invokeMethod(MetaClassImpl.java:1103)
at groovy.lang.MetaClassImpl.invokeMethod(MetaClassImpl.java:1009)
at groovy.lang.MetaClassImpl.invokeMethod(MetaClassImpl.java:792)
at io.restassured.internal.RequestSpecificationImpl.invokeMethod(RequestSpecificationImpl.groovy)
at org.codehaus.groovy.runtime.callsite.PogoInterceptableSite.call(PogoInterceptableSite.java:46)
at org.codehaus.groovy.runtime.callsite.PogoInterceptableSite.callCurrent(PogoInterceptableSite.java:57)
at org.codehaus.groovy.runtime.callsite.AbstractCallSite.callCurrent(AbstractCallSite.java:176)
at io.restassured.internal.RequestSpecificationImpl.sendRequest(RequestSpecificationImpl.groovy:1161)
at io.restassured.internal.RequestSpecificationImpl.this$2$sendRequest(RequestSpecificationImpl.groovy)
at groovy.lang.MetaMethod.doMethodInvoke(MetaMethod.java:328)
at groovy.lang.MetaClassImpl.doInvokeMethod(MetaClassImpl.java:1348)
at groovy.lang.MetaClassImpl.invokeMethod(MetaClassImpl.java:1103)
at groovy.lang.MetaClassImpl.invokeMethod(MetaClassImpl.java:1009)
at groovy.lang.MetaClassImpl.invokeMethod(MetaClassImpl.java:792)
at io.restassured.internal.RequestSpecificationImpl.invokeMethod(RequestSpecificationImpl.groovy)
at org.codehaus.groovy.runtime.callsite.PogoInterceptableSite.call(PogoInterceptableSite.java:46)
at org.codehaus.groovy.runtime.callsite.AbstractCallSite.call(AbstractCallSite.java:166)
at io.restassured.internal.filter.SendRequestFilter.filter(SendRequestFilter.groovy:30)
at io.restassured.filter.Filter$filter.call(Unknown Source)
at org.codehaus.groovy.runtime.callsite.CallSiteArray.defaultCall(CallSiteArray.java:45)
at io.restassured.filter.Filter$filter$0.call(Unknown Source)
at io.restassured.internal.filter.FilterContextImpl.next(FilterContextImpl.groovy:72)
at io.restassured.filter.time.TimingFilter.filter(TimingFilter.java:56)
at io.restassured.filter.Filter$filter$0.call(Unknown Source)
at org.codehaus.groovy.runtime.callsite.CallSiteArray.defaultCall(CallSiteArray.java:45)
at io.restassured.filter.Filter$filter.call(Unknown Source)
at io.restassured.internal.filter.FilterContextImpl.next(FilterContextImpl.groovy:72)
at io.restassured.filter.FilterContext$next.call(Unknown Source)
at io.restassured.internal.filter.CsrfFilter.filter(CsrfFilter.groovy:70)
at io.restassured.filter.Filter$filter.call(Unknown Source)
at org.codehaus.groovy.runtime.callsite.CallSiteArray.defaultCall(CallSiteArray.java:45)
at io.restassured.filter.Filter$filter.call(Unknown Source)
at io.restassured.internal.filter.FilterContextImpl.next(FilterContextImpl.groovy:72)
at io.restassured.filter.FilterContext$next.call(Unknown Source)
at io.restassured.internal.RequestSpecificationImpl.applyPathParamsAndSendRequest(RequestSpecificationImpl.groovy:1704)
at io.restassured.internal.RequestSpecificationImpl.this$2$applyPathParamsAndSendRequest(RequestSpecificationImpl.groovy)
at groovy.lang.MetaMethod.doMethodInvoke(MetaMethod.java:328)
at groovy.lang.MetaClassImpl.doInvokeMethod(MetaClassImpl.java:1348)
at groovy.lang.MetaClassImpl.invokeMethod(MetaClassImpl.java:1103)
at groovy.lang.MetaClassImpl.invokeMethod(MetaClassImpl.java:1009)
at groovy.lang.MetaClassImpl.invokeMethod(MetaClassImpl.java:792)
at io.restassured.internal.RequestSpecificationImpl.invokeMethod(RequestSpecificationImpl.groovy)
at org.codehaus.groovy.runtime.callsite.PogoInterceptableSite.call(PogoInterceptableSite.java:46)
at org.codehaus.groovy.runtime.callsite.PogoInterceptableSite.callCurrent(PogoInterceptableSite.java:57)
at org.codehaus.groovy.runtime.callsite.AbstractCallSite.callCurrent(AbstractCallSite.java:203)
at io.restassured.internal.RequestSpecificationImpl.applyPathParamsAndSendRequest(RequestSpecificationImpl.groovy:1710)
at io.restassured.internal.RequestSpecificationImpl.this$2$applyPathParamsAndSendRequest(RequestSpecificationImpl.groovy)
at groovy.lang.MetaMethod.doMethodInvoke(MetaMethod.java:328)
at groovy.lang.MetaClassImpl.doInvokeMethod(MetaClassImpl.java:1348)
at groovy.lang.MetaClassImpl.invokeMethod(MetaClassImpl.java:1103)
at groovy.lang.MetaClassImpl.invokeMethod(MetaClassImpl.java:1009)
at groovy.lang.MetaClassImpl.invokeMethod(MetaClassImpl.java:792)
at io.restassured.internal.RequestSpecificationImpl.invokeMethod(RequestSpecificationImpl.groovy)
at org.codehaus.groovy.runtime.callsite.PogoInterceptableSite.call(PogoInterceptableSite.java:46)
at org.codehaus.groovy.runtime.callsite.PogoInterceptableSite.callCurrent(PogoInterceptableSite.java:57)
at org.codehaus.groovy.runtime.callsite.AbstractCallSite.callCurrent(AbstractCallSite.java:203)
at io.restassured.internal.RequestSpecificationImpl.get(RequestSpecificationImpl.groovy:172)
at io.restassured.internal.RequestSpecificationImpl.get(RequestSpecificationImpl.groovy)
at com.ripplestreet.AllGetApis.WorkFlowTemplateControllerGetApi.getStepFunctionByArn(WorkFlowTemplateControllerGetApi.java:34)
at java.base/java.util.ArrayList.forEach(ArrayList.java:1511)
... Removed 50 stack frames]]>
    </failure>
  </testcase> <!-- getStepFunctionByArn -->
  <testcase classname="com.ripplestreet.AllGetApis.UgcControllerGetApi" name="getUserAsset" time="0.0">
    <ignored/>
  </testcase> <!-- getUserAsset -->
</testsuite> <!-- Test -->
