<?xml version="1.0" encoding="UTF-8"?>
<!-- Generated by org.testng.reporters.JUnitXMLReporter -->
<testsuite ignored="70" hostname="LAPTOP-MC4R20CB" failures="1" tests="196" name="Test" time="350.725" errors="0" timestamp="2023-08-18T15:30:29 IST">
  <testcase classname="com.ripplestreet.genricUtilities.genricUtilities" name="@AfterMethod StatusCode" time="0.317">
    <failure type="java.lang.IllegalArgumentException" message="The maximum length of cell contents (text) is 32767 characters">
      <![CDATA[java.lang.IllegalArgumentException: The maximum length of cell contents (text) is 32767 characters
at org.apache.poi.ss.usermodel.CellBase.checkLength(CellBase.java:292)
at org.apache.poi.ss.usermodel.CellBase.setCellValue(CellBase.java:273)
at com.ripplestreet.genricUtilities.genricUtilities.StatusCode(genricUtilities.java:282)
at java.base/java.util.ArrayList.forEach(ArrayList.java:1511)
... Removed 31 stack frames]]>
    </failure>
  </testcase> <!-- @AfterMethod StatusCode -->
  <testcase classname="com.ripplestreet.genricUtilities.genricUtilities" name="@BeforeMethod BaseURI" time="0.0">
    <skipped/>
  </testcase> <!-- @BeforeMethod BaseURI -->
  <testcase classname="com.ripplestreet.genricUtilities.genricUtilities" name="@AfterMethod StatusCode" time="0.0">
    <skipped/>
  </testcase> <!-- @AfterMethod StatusCode -->
  <testcase classname="com.ripplestreet.genricUtilities.genricUtilities" name="@BeforeMethod BaseURI" time="0.0">
    <skipped/>
  </testcase> <!-- @BeforeMethod BaseURI -->
  <testcase classname="com.ripplestreet.genricUtilities.genricUtilities" name="@AfterMethod StatusCode" time="0.0">
    <skipped/>
  </testcase> <!-- @AfterMethod StatusCode -->
  <testcase classname="com.ripplestreet.genricUtilities.genricUtilities" name="@BeforeMethod BaseURI" time="0.0">
    <skipped/>
  </testcase> <!-- @BeforeMethod BaseURI -->
  <testcase classname="com.ripplestreet.genricUtilities.genricUtilities" name="@AfterMethod StatusCode" time="0.0">
    <skipped/>
  </testcase> <!-- @AfterMethod StatusCode -->
  <testcase classname="com.ripplestreet.genricUtilities.genricUtilities" name="@BeforeMethod BaseURI" time="0.0">
    <skipped/>
  </testcase> <!-- @BeforeMethod BaseURI -->
  <testcase classname="com.ripplestreet.genricUtilities.genricUtilities" name="@AfterMethod StatusCode" time="0.0">
    <skipped/>
  </testcase> <!-- @AfterMethod StatusCode -->
  <testcase classname="com.ripplestreet.genricUtilities.genricUtilities" name="@BeforeMethod BaseURI" time="0.0">
    <skipped/>
  </testcase> <!-- @BeforeMethod BaseURI -->
  <testcase classname="com.ripplestreet.genricUtilities.genricUtilities" name="@AfterMethod StatusCode" time="0.0">
    <skipped/>
  </testcase> <!-- @AfterMethod StatusCode -->
  <testcase classname="com.ripplestreet.genricUtilities.genricUtilities" name="@BeforeMethod BaseURI" time="0.0">
    <skipped/>
  </testcase> <!-- @BeforeMethod BaseURI -->
  <testcase classname="com.ripplestreet.genricUtilities.genricUtilities" name="@AfterMethod StatusCode" time="0.0">
    <skipped/>
  </testcase> <!-- @AfterMethod StatusCode -->
  <testcase classname="com.ripplestreet.genricUtilities.genricUtilities" name="@AfterMethod StatusCode" time="0.71">
    <failure type="java.lang.IllegalArgumentException" message="The maximum length of cell contents (text) is 32767 characters">
      <![CDATA[java.lang.IllegalArgumentException: The maximum length of cell contents (text) is 32767 characters
at org.apache.poi.ss.usermodel.CellBase.checkLength(CellBase.java:292)
at org.apache.poi.ss.usermodel.CellBase.setCellValue(CellBase.java:273)
at com.ripplestreet.genricUtilities.genricUtilities.StatusCode(genricUtilities.java:282)
at java.base/java.util.ArrayList.forEach(ArrayList.java:1511)
... Removed 31 stack frames]]>
    </failure>
  </testcase> <!-- @AfterMethod StatusCode -->
  <testcase classname="com.ripplestreet.genricUtilities.genricUtilities" name="@BeforeMethod BaseURI" time="0.0">
    <skipped/>
  </testcase> <!-- @BeforeMethod BaseURI -->
  <testcase classname="com.ripplestreet.genricUtilities.genricUtilities" name="@AfterMethod StatusCode" time="0.0">
    <skipped/>
  </testcase> <!-- @AfterMethod StatusCode -->
  <testcase classname="com.ripplestreet.genricUtilities.genricUtilities" name="@AfterMethod StatusCode" time="16.286">
    <failure type="java.lang.IllegalArgumentException" message="The maximum length of cell contents (text) is 32767 characters">
      <![CDATA[java.lang.IllegalArgumentException: The maximum length of cell contents (text) is 32767 characters
at org.apache.poi.ss.usermodel.CellBase.checkLength(CellBase.java:292)
at org.apache.poi.ss.usermodel.CellBase.setCellValue(CellBase.java:273)
at com.ripplestreet.genricUtilities.genricUtilities.StatusCode(genricUtilities.java:282)
at java.base/java.util.ArrayList.forEach(ArrayList.java:1511)
... Removed 31 stack frames]]>
    </failure>
  </testcase> <!-- @AfterMethod StatusCode -->
  <testcase classname="com.ripplestreet.genricUtilities.genricUtilities" name="@BeforeMethod BaseURI" time="0.0">
    <skipped/>
  </testcase> <!-- @BeforeMethod BaseURI -->
  <testcase classname="com.ripplestreet.genricUtilities.genricUtilities" name="@AfterMethod StatusCode" time="0.0">
    <skipped/>
  </testcase> <!-- @AfterMethod StatusCode -->
  <testcase classname="com.ripplestreet.genricUtilities.genricUtilities" name="@BeforeMethod BaseURI" time="0.0">
    <skipped/>
  </testcase> <!-- @BeforeMethod BaseURI -->
  <testcase classname="com.ripplestreet.genricUtilities.genricUtilities" name="@AfterMethod StatusCode" time="0.0">
    <skipped/>
  </testcase> <!-- @AfterMethod StatusCode -->
  <testcase classname="com.ripplestreet.AllGetApis.RewardPreferencesControllerGetApi" name="getRewardPreferences" time="1.69"/>
  <testcase classname="com.ripplestreet.AllGetApis.ReceiptControllerGetApi" name="getReceiptRecordWithData" time="1.601"/>
  <testcase classname="com.ripplestreet.AllGetApis.ReceiptControllerGetApi" name="getReceiptList" time="1.519"/>
  <testcase classname="com.ripplestreet.AllGetApis.CampaignControllerGetApi" name="findCampaignById" time="1.46"/>
  <testcase classname="com.ripplestreet.AllGetApis.CampaignControllerGetApi" name="findAllCampaingn" time="1.583"/>
  <testcase classname="com.ripplestreet.AllGetApis.MarketingGoalsControllerGetApi" name="getMarketingGoalsForEvent" time="1.439"/>
  <testcase classname="com.ripplestreet.AllGetApis.CouponControllerGetApi" name="getCouponsByActivityId" time="1.532"/>
  <testcase classname="com.ripplestreet.AllGetApis.WorkFlowTemplateControllerGetApi" name="getEventWorkflowTemplateByEventId" time="1.585"/>
  <testcase classname="com.ripplestreet.AllGetApis.WorkFlowTemplateControllerGetApi" name="getListOfWorkFlowTemplates" time="1.49"/>
  <testcase classname="com.ripplestreet.AllGetApis.WorkFlowTemplateControllerGetApi" name="getStepFunctionByArn" time="1.625"/>
  <testcase classname="com.ripplestreet.AllGetApis.ReservationControllerGetApi" name="GetUserStatusCountbyEventId" time="1.509"/>
  <testcase classname="com.ripplestreet.AllGetApis.IntrestesControllerGetApi" name="Allcategorieslist" time="1.802"/>
  <testcase classname="com.ripplestreet.AllGetApis.IntrestesControllerGetApi" name="getUserInterestByPersonId" time="1.499"/>
  <testcase classname="com.ripplestreet.AllGetApis.RewardDeliveryControllerGetApi" name="getDeliverySystemAttributeValue" time="1.587"/>
  <testcase classname="com.ripplestreet.AllGetApis.RewardDeliveryControllerGetApi" name="getRewardDeleveries" time="1.509"/>
  <testcase classname="com.ripplestreet.AllGetApis.RewardDeliveryControllerGetApi" name="getRewardDeleverie" time="1.529"/>
  <testcase classname="com.ripplestreet.AllGetApis.RewardDeliveryControllerGetApi" name="getAllRewardDeliveriesByPersonId" time="1.563"/>
  <testcase classname="com.ripplestreet.AllGetApis.GameControllerGetApi" name="getAllgames" time="1.571"/>
  <testcase classname="com.ripplestreet.AllGetApis.GameControllerGetApi" name="getGameBygameId" time="1.623"/>
  <testcase classname="com.ripplestreet.AllGetApis.GameControllerGetApi" name="GetGameTrackerRedisObjByGameId" time="1.499"/>
  <testcase classname="com.ripplestreet.AllGetApis.GameControllerGetApi" name="getWinningoptionBasedOnTheProbability" time="1.393"/>
  <testcase classname="com.ripplestreet.AllGetApis.TemplateControllerGetApi" name="template" time="1.925"/>
  <testcase classname="com.ripplestreet.AllGetApis.TemplateControllerGetApi" name="AllEmailList" time="0.0">
    <skipped/>
  </testcase> <!-- AllEmailList -->
  <testcase classname="com.ripplestreet.AllGetApis.TemplateControllerGetApi" name="PreviewTemplateContent" time="0.0">
    <skipped/>
  </testcase> <!-- PreviewTemplateContent -->
  <testcase classname="com.ripplestreet.AllGetApis.TemplateControllerGetApi" name="GettemplateByTrasactionalType" time="0.0">
    <skipped/>
  </testcase> <!-- GettemplateByTrasactionalType -->
  <testcase classname="com.ripplestreet.AllGetApis.TemplateControllerGetApi" name="DownloadCSVLoader" time="0.0">
    <skipped/>
  </testcase> <!-- DownloadCSVLoader -->
  <testcase classname="com.ripplestreet.AllGetApis.TemplateControllerGetApi" name="GetTemplateListByTransactionalTypeAndEventId" time="0.0">
    <skipped/>
  </testcase> <!-- GetTemplateListByTransactionalTypeAndEventId -->
  <testcase classname="com.ripplestreet.AllGetApis.TemplateControllerGetApi" name="getTransactionalTemplateById" time="0.0">
    <skipped/>
  </testcase> <!-- getTransactionalTemplateById -->
  <testcase classname="com.ripplestreet.AllGetApis.AudienceSearchControllerGetApi" name="searchableFields" time="1.501"/>
  <testcase classname="com.ripplestreet.AllGetApis.LegalControllerGetApi" name="getLegalDesclaimer" time="1.527"/>
  <testcase classname="com.ripplestreet.AllGetApis.SocialShareControllerGetApi" name="getReview" time="1.518"/>
  <testcase classname="com.ripplestreet.AllGetApis.SocialShareControllerGetApi" name="getAllReviews" time="1.468"/>
  <testcase classname="com.ripplestreet.AllGetApis.RewardCatalogControllerGetAPi" name="getAllRewardCatalogItems" time="2.585"/>
  <testcase classname="com.ripplestreet.AllGetApis.webMvcLinkshandlerGetApi" name="links" time="1.513"/>
  <testcase classname="com.ripplestreet.AllGetApis.SegmentationFolderControllerGetApi" name="getAllSegmentFolder" time="1.708"/>
  <testcase classname="com.ripplestreet.AllGetApis.SegmentationFolderControllerGetApi" name="GetSegmentFolderFromCampaignSegment" time="1.496"/>
  <testcase classname="com.ripplestreet.AllGetApis.MobileCommunityControllerGetApi" name="getAllEventsByUserAndParticipantTypeApplicant" time="1.522"/>
  <testcase classname="com.ripplestreet.AllGetApis.MobileCommunityControllerGetApi" name="getActiveEventsDetailForUser" time="1.519"/>
  <testcase classname="com.ripplestreet.AllGetApis.ReviewControllerGetApi" name="getExternalReview" time="1.549"/>
  <testcase classname="com.ripplestreet.AllGetApis.ReviewControllerGetApi" name="getReviewsByTaskId" time="1.573"/>
  <testcase classname="com.ripplestreet.AllGetApis.ReviewControllerGetApi" name="getReview" time="1.555"/>
  <testcase classname="com.ripplestreet.AllGetApis.ActivityControllerGetApi" name="getListOfActivities" time="1.488"/>
  <testcase classname="com.ripplestreet.AllGetApis.ActivityControllerGetApi" name="getActivity" time="0.0">
    <skipped/>
  </testcase> <!-- getActivity -->
  <testcase classname="com.ripplestreet.AllGetApis.DiscussionControllerGetApi" name="getDiscussionListByFilters" time="1.427"/>
  <testcase classname="com.ripplestreet.AllGetApis.DiscussionControllerGetApi" name="getDiscussion" time="1.819"/>
  <testcase classname="com.ripplestreet.AllGetApis.TremendouesControllerGetApi" name="getTremendousCampaigns" time="1.918"/>
  <testcase classname="com.ripplestreet.AllGetApis.TremendouesControllerGetApi" name="getTremendousFundingSources" time="1.726"/>
  <testcase classname="com.ripplestreet.AllGetApis.OptinInflightActivationControllerGetApi" name="getListOfAllocationTransientRecordByEventId" time="1.521"/>
  <testcase classname="com.ripplestreet.AllGetApis.OptinInflightActivationControllerGetApi" name="getAllocationTransientRecordByEventIdAndPersonId" time="1.51"/>
  <testcase classname="com.ripplestreet.AllGetApis.CreativeControllerGetApi" name="findHeroPlaylistById" time="1.516"/>
  <testcase classname="com.ripplestreet.AllGetApis.CreativeControllerGetApi" name="findAllHeroPlaylistByModelId" time="1.523"/>
  <testcase classname="com.ripplestreet.AllGetApis.CreativeControllerGetApi" name="getBannerByEventIdandId" time="1.433"/>
  <testcase classname="com.ripplestreet.AllGetApis.CreativeControllerGetApi" name="getFavorByEventIdAndId" time="1.432"/>
  <testcase classname="com.ripplestreet.AllGetApis.CreativeControllerGetApi" name="finAllBannerByEventId" time="1.506"/>
  <testcase classname="com.ripplestreet.AllGetApis.CreativeControllerGetApi" name="FinfAllfavousByEventId" time="1.523"/>
  <testcase classname="com.ripplestreet.AllGetApis.CreativeControllerGetApi" name="FindHeroplaylistitemById" time="1.486"/>
  <testcase classname="com.ripplestreet.AllGetApis.CreativeControllerGetApi" name="findAllHeroPlaylistItemsByPlayListId" time="1.401"/>
  <testcase classname="com.ripplestreet.AllGetApis.ConfigurationController" name="getAllconfigs" time="1.553"/>
  <testcase classname="com.ripplestreet.AllGetApis.RewardControllerGetApi" name="getRewardByName" time="1.536"/>
  <testcase classname="com.ripplestreet.AllGetApis.RewardControllerGetApi" name="getReward" time="1.495"/>
  <testcase classname="com.ripplestreet.AllGetApis.RewardControllerGetApi" name="getAllReward" time="1.767"/>
  <testcase classname="com.ripplestreet.AllGetApis.RewardControllerGetApi" name="searchItems" time="1.537"/>
  <testcase classname="com.ripplestreet.AllGetApis.RewardControllerGetApi" name="getRewardSummaryByEventId" time="1.517"/>
  <testcase classname="com.ripplestreet.AllGetApis.RewardControllerGetApi" name="getRewardCount" time="1.524"/>
  <testcase classname="com.ripplestreet.AllGetApis.BenefitControllerGetApi" name="GetListofBenefit" time="1.513"/>
  <testcase classname="com.ripplestreet.AllGetApis.TaskControllerGetApi" name="getListOfTasks" time="1.76"/>
  <testcase classname="com.ripplestreet.AllGetApis.TaskControllerGetApi" name="getTask" time="1.451"/>
  <testcase classname="com.ripplestreet.AllGetApis.PartyControllerGetApi" name="getlistofparties" time="1.574"/>
  <testcase classname="com.ripplestreet.AllGetApis.UgcControllerGetApi" name="downloadAsset" time="1.91"/>
  <testcase classname="com.ripplestreet.AllGetApis.UgcControllerGetApi" name="getUgcDetailsByTaskId" time="1.484"/>
  <testcase classname="com.ripplestreet.AllGetApis.UgcControllerGetApi" name="downloadAssetByURL" time="1.54"/>
  <testcase classname="com.ripplestreet.AllGetApis.UgcControllerGetApi" name="getImageRecognitionResponse" time="1.53"/>
  <testcase classname="com.ripplestreet.AllGetApis.UgcControllerGetApi" name="getUgcDetailsById" time="1.397"/>
  <testcase classname="com.ripplestreet.AllGetApis.UgcControllerGetApi" name="getUserAsset" time="1.509"/>
  <testcase classname="com.ripplestreet.AllGetApis.ApplicationControllerGetApi" name="getAllApplications" time="1.525"/>
  <testcase classname="com.ripplestreet.AllGetApis.SegmentationJobsControllerGetApi" name="getAllSegmentJobsForSegmentId" time="1.811"/>
  <testcase classname="com.ripplestreet.AllGetApis.EventControllerGetApi" name="getAllEvents" time="1.351"/>
  <testcase classname="com.ripplestreet.AllGetApis.EventControllerGetApi" name="getAllSpotLightEventDetail" time="1.543"/>
  <testcase classname="com.ripplestreet.AllGetApis.EventControllerGetApi" name="getEventDetailforWorkflow" time="1.504"/>
  <testcase classname="com.ripplestreet.AllGetApis.EventControllerGetApi" name="getStatus" time="1.515"/>
  <testcase classname="com.ripplestreet.AllGetApis.EventControllerGetApi" name="getAllCurrentMileStoneByEvent" time="1.49"/>
  <testcase classname="com.ripplestreet.AllGetApis.EventControllerGetApi" name="getAllMileStonesByEvent" time="1.518"/>
  <testcase classname="com.ripplestreet.AllGetApis.EventControllerGetApi" name="getAllProductByEvents" time="1.534"/>
  <testcase classname="com.ripplestreet.AllGetApis.EventControllerGetApi" name="getAllServices" time="1.52"/>
  <testcase classname="com.ripplestreet.AllGetApis.EventControllerGetApi" name="getAllSubscriptionsByEvent" time="1.303"/>
  <testcase classname="com.ripplestreet.AllGetApis.EventControllerGetApi" name="getAllSubscriptionsByServiceName" time="1.549"/>
  <testcase classname="com.ripplestreet.AllGetApis.EventControllerGetApi" name="getEventById" time="1.408"/>
  <testcase classname="com.ripplestreet.AllGetApis.EventControllerGetApi" name="getEventDetailBySlug" time="1.526"/>
  <testcase classname="com.ripplestreet.AllGetApis.EventControllerGetApi" name="getProductDetailEventIdAndProductId" time="1.437"/>
  <testcase classname="com.ripplestreet.AllGetApis.EventControllerGetApi" name="getpackAndApplicationCountByEventId" time="1.508"/>
  <testcase classname="com.ripplestreet.AllGetApis.EventControllerGetApi" name="getByEventName" time="1.543"/>
  <testcase classname="com.ripplestreet.AllGetApis.EventControllerGetApi" name="getCurrentMileStonesByEvent" time="1.54"/>
  <testcase classname="com.ripplestreet.AllGetApis.EventControllerGetApi" name="getEventDetailForWorkFlow" time="1.492"/>
  <testcase classname="com.ripplestreet.AllGetApis.EventControllerGetApi" name="getFilteredEvents" time="1.56"/>
  <testcase classname="com.ripplestreet.AllGetApis.EventControllerGetApi" name="getEventMileStoneByIdAndDate" time="1.393"/>
  <testcase classname="com.ripplestreet.AllGetApis.FAQcontrollerGetApi" name="getFAQbyEventId" time="1.503"/>
  <testcase classname="com.ripplestreet.AllGetApis.FAQcontrollerGetApi" name="getFAQById" time="1.493"/>
  <testcase classname="com.ripplestreet.AllGetApis.FAQcontrollerGetApi" name="GetFAQDetailByEventIdforCommunity" time="1.505"/>
  <testcase classname="com.ripplestreet.AllGetApis.FAQcontrollerGetApi" name="getlistofFaqTopicbyFaqId" time="1.507"/>
  <testcase classname="com.ripplestreet.AllGetApis.FAQcontrollerGetApi" name="FAQTopicByID" time="1.525"/>
  <testcase classname="com.ripplestreet.AllGetApis.FAQcontrollerGetApi" name="GetlistofFaqTopicItemsbyFaqTopicId" time="1.317"/>
  <testcase classname="com.ripplestreet.AllGetApis.FAQcontrollerGetApi" name="getFAQTopicitemsById" time="1.541"/>
  <testcase classname="com.ripplestreet.AllGetApis.SurveyControllerGetApi" name="getSurveyStatusByEventIdAndPid" time="1.513"/>
  <testcase classname="com.ripplestreet.AllGetApis.SurveyControllerGetApi" name="getAllLinksByEventId" time="1.481"/>
  <testcase classname="com.ripplestreet.AllGetApis.SurveyControllerGetApi" name="getSurveyListByEventIdAndPid" time="1.375"/>
  <testcase classname="com.ripplestreet.AllGetApis.SegmentationDefinitionControllerVersion2" name="getGetSegmentDefinitionByFolderIdAndSegmentId" time="1.539"/>
  <testcase classname="com.ripplestreet.AllGetApis.SegmentationDefinitionControllerVersion2" name="getAllSegments" time="1.491"/>
  <testcase classname="com.ripplestreet.AllGetApis.SegmentationDefinitionControllerVersion2" name="getSegmentDefinitionById" time="1.428"/>
  <testcase classname="com.ripplestreet.AllGetApis.RoleControllerGetApi" name="getLlistOfPeopleByRoleID" time="1.514"/>
  <testcase classname="com.ripplestreet.AllGetApis.RoleControllerGetApi" name="getListOfRoles" time="1.394"/>
  <testcase classname="com.ripplestreet.AllGetApis.RewardAllocationcontrollerGetApi" name="getRewardAllocations" time="1.638"/>
  <testcase classname="com.ripplestreet.AllGetApis.RewardAllocationcontrollerGetApi" name="getRewardAllocation" time="1.53"/>
  <testcase classname="com.ripplestreet.AllGetApis.SegmentationDataControllerGetApi" name="FindIfUserExistInGivenSegment" time="1.501"/>
  <testcase classname="com.ripplestreet.AllGetApis.SegmentationDataControllerGetApi" name="GetSegmentIdBySegmentName" time="1.631"/>
  <testcase classname="com.ripplestreet.AllGetApis.SegmentationDataControllerGetApi" name="GetSegmentsOfaUser" time="1.504"/>
  <testcase classname="com.ripplestreet.AllGetApis.SegmentationDataControllerGetApi" name="GetUsersOfaSegment" time="1.465"/>
  <testcase classname="com.ripplestreet.AllGetApis.SegmentationDataControllerGetApi" name="GetUserDetailsOfaSegment" time="1.661"/>
  <testcase classname="com.ripplestreet.AllGetApis.storesControllerGetApi" name="getAllStoreCollection" time="2.039"/>
  <testcase classname="com.ripplestreet.AllGetApis.storesControllerGetApi" name="getStoreListByCollectionName" time="1.511"/>
  <testcase classname="com.ripplestreet.AllGetApis.CommonServiceFeedControllerGeApi" name="getAllFeedsForEvents" time="1.529"/>
  <testcase classname="com.ripplestreet.AllGetApis.gameOptionControllerGetApi" name="getGameOptionBySlug" time="1.508"/>
  <testcase classname="com.ripplestreet.AllGetApis.gameOptionControllerGetApi" name="getListOfOptionsByGameId" time="1.486"/>
  <testcase classname="com.ripplestreet.AllGetApis.SwagControllerGetApi" name="getSwag" time="1.54"/>
  <testcase classname="com.ripplestreet.AllGetApis.SwagControllerGetApi" name="getSwagList" time="1.509"/>
  <testcase classname="com.ripplestreet.AllGetApis.TrackableLinkcontrollerGetApi" name="findAllLinksForAnEvent" time="1.399"/>
  <testcase classname="com.ripplestreet.AllGetApis.TrackableLinkcontrollerGetApi" name="getLinkById" time="1.53"/>
  <testcase classname="com.ripplestreet.AllGetApis.EnrollmentControllerGetApi" name="EnrollmentList" time="1.535"/>
  <testcase classname="com.ripplestreet.AllGetApis.EnrollmentControllerGetApi" name="GetUserEnrollments" time="1.425"/>
  <testcase classname="com.ripplestreet.AllGetApis.EventTemplateControllerGetApi" name="findAllEventTemplate" time="1.451"/>
  <testcase classname="com.ripplestreet.AllGetApis.jobControllerGetApi" name="getAllJobByTypeAndId" time="1.56"/>
  <testcase classname="com.ripplestreet.AllGetApis.jobControllerGetApi" name="getAllListOfJobsBySourcetype" time="1.555"/>
  <testcase classname="com.ripplestreet.AllGetApis.MobileAppEventControllerGetApi" name="discovermobileEvents" time="1.591"/>
  <testcase classname="com.ripplestreet.AllGetApis.EventFeedControllerGetApi" name="getFeedInfoById" time="1.51"/>
  <testcase classname="com.ripplestreet.AllGetApis.EventFeedControllerGetApi" name="getCommentFeedByEventId" time="1.417"/>
  <testcase classname="com.ripplestreet.AllGetApis.EventFeedControllerGetApi" name="getAllFeedsForEvent" time="1.544"/>
  <testcase classname="com.ripplestreet.AllGetApis.EventFeedControllerGetApi" name="getPhotoFeedByEventId" time="1.531"/>
  <testcase classname="com.ripplestreet.AllGetApis.EventFeedControllerGetApi" name="getReviewFeedByEventId" time="1.502"/>
  <testcase classname="com.ripplestreet.AllGetApis.AudienceControllerGetApi" name="getParticipantsWithApplicationsForEvent" time="1.514"/>
  <testcase classname="com.ripplestreet.AllGetApis.RewardsItemsControllerGetApi" name="getRewarditems" time="1.535"/>
  <testcase classname="com.ripplestreet.AllGetApis.TargetsControllerGetApi" name="getAlltargets" time="1.512"/>
  <testcase classname="com.ripplestreet.AllGetApis.AudiencePromotionControllerGetApi" name="getListOfAudiencePromotionJobsByEventId" time="1.488"/>
  <testcase classname="com.ripplestreet.AllGetApis.AudiencePromotionControllerGetApi" name="getListOfInviteOnlyUsersByEventId" time="1.525"/>
  <testcase classname="com.ripplestreet.AllGetApis.AchievementControllerGetApi" name="GetListofAchievements" time="1.503"/>
  <testcase classname="com.ripplestreet.AllGetApis.AchievementControllerGetApi" name="getAchivements" time="1.517"/>
  <testcase classname="com.ripplestreet.AllGetApis.AchievementControllerGetApi" name="GetListofAchievementsforTriggerId" time="1.617"/>
  <testcase classname="com.ripplestreet.AllGetApis.SponserControllerGetApi" name="findSponsorById" time="1.513"/>
  <testcase classname="com.ripplestreet.AllGetApis.SponserControllerGetApi" name="getAllSponsors" time="1.518"/>
  <testcase classname="com.ripplestreet.AllGetApis.SponserControllerGetApi" name="findAllsponsorAssetsbysponsorId" time="1.497"/>
  <testcase classname="com.ripplestreet.AllGetApis.DraftEventControllerGetApi" name="getListOfEventsBycampaignId" time="1.407"/>
  <testcase classname="com.ripplestreet.AllGetApis.DraftEventControllerGetApi" name="getDraftEventByEventId" time="1.615"/>
  <testcase classname="com.ripplestreet.AllGetApis.TriggerControllerGetApi" name="GetAllTriggers" time="1.414"/>
  <testcase classname="com.ripplestreet.AllGetApis.TriggerControllerGetApi" name="getTriggerInfoByTableNameAndOperation" time="1.726"/>
  <testcase classname="com.ripplestreet.AllGetApis.TriggerControllerGetApi" name="getTriggerDefinition" time="1.518"/>
  <testcase classname="com.ripplestreet.AllGetApis.RecipientsController" name="GetAllRecipientForCampaignId" time="1.435"/>
  <testcase classname="com.ripplestreet.AllGetApis.MobileAppControllerGetApi" name="GetListOfMyActivities" time="1.327"/>
  <testcase classname="com.ripplestreet.AllGetApis.userFamilyControllerGetApi" name="getUserChildern" time="1.51"/>
  <testcase classname="com.ripplestreet.AllGetApis.userFamilyControllerGetApi" name="getAllPetTypes" time="1.646"/>
  <testcase classname="com.ripplestreet.AllGetApis.userFamilyControllerGetApi" name="getAllPetsForUser" time="1.518"/>
  <testcase classname="com.ripplestreet.AllGetApis.ProductControllerGetApi" name="getListOfProdutsByEventID" time="1.413"/>
  <testcase classname="com.ripplestreet.AllGetApis.ProductControllerGetApi" name="getProductsById" time="1.536"/>
  <testcase classname="com.ripplestreet.AllGetApis.CommunityControllerGetApi" name="getAllAddressEntriesByPersonId" time="1.49"/>
  <testcase classname="com.ripplestreet.AllGetApis.CommunityControllerGetApi" name="getAllEventsByUserAndParticipantType" time="1.527"/>
  <testcase classname="com.ripplestreet.AllGetApis.CommunityControllerGetApi" name="getAllUsersByEventAndParticipantType" time="1.525"/>
  <testcase classname="com.ripplestreet.AllGetApis.CommunityControllerGetApi" name="GettingDetailOfHeadHostByPersonId" time="1.528"/>
  <testcase classname="com.ripplestreet.AllGetApis.CommunityControllerGetApi" name="getUserEventParticipationBit" time="1.478"/>
  <testcase classname="com.ripplestreet.AllGetApis.CommunityControllerGetApi" name="getUserListByFilters" time="15.687"/>
  <testcase classname="com.ripplestreet.AllGetApis.CommunityControllerGetApi" name="getUserParticipationBits" time="1.535"/>
  <testcase classname="com.ripplestreet.AllGetApis.CommunityControllerGetApi" name="getUserProfile" time="1.525"/>
  <testcase classname="com.ripplestreet.AllGetApis.CommunityControllerGetApi" name="getUserDetails" time="1.499"/>
  <testcase classname="com.ripplestreet.AllGetApis.UserAchievementControllerGetApi" name="getUserAchivmentsDetails" time="1.505"/>
  <testcase classname="com.ripplestreet.AllGetApis.UserAchievementControllerGetApi" name="getUserProgramsDetailes" time="1.309"/>
  <testcase classname="com.ripplestreet.AllGetApis.AchievementProgramControllerGetApi" name="GetListofAchievementPrograms" time="1.548"/>
  <testcase classname="com.ripplestreet.AllGetApis.AchievementProgramControllerGetApi" name="GetListOfAchievementProgramsforAchievementId" time="1.469"/>
  <testcase classname="com.ripplestreet.AllGetApis.AchievementProgramControllerGetApi" name="GetAchievementProgram" time="1.396"/>
  <testcase classname="com.ripplestreet.AllGetApis.UserStatusControllerGetApi" name="GetUserStatusActionByEventIdAndPersonId" time="0.003">
    <failure type="java.lang.IllegalArgumentException" message="Header value cannot be null">
      <![CDATA[java.lang.IllegalArgumentException: Header value cannot be null
at org.codehaus.groovy.runtime.callsite.ConstructorSite$ConstructorSiteNoUnwrap.callConstructor(ConstructorSite.java:86)
at org.codehaus.groovy.runtime.callsite.CallSiteArray.defaultCallConstructor(CallSiteArray.java:57)
at org.codehaus.groovy.runtime.callsite.AbstractCallSite.callConstructor(AbstractCallSite.java:263)
at org.codehaus.groovy.runtime.callsite.AbstractCallSite.callConstructor(AbstractCallSite.java:277)
at io.restassured.internal.common.assertion.AssertParameter.notNull(AssertParameter.groovy:26)
at io.restassured.internal.common.assertion.AssertParameter$notNull.callStatic(Unknown Source)
at org.codehaus.groovy.runtime.callsite.CallSiteArray.defaultCallStatic(CallSiteArray.java:53)
at io.restassured.internal.common.assertion.AssertParameter$notNull.callStatic(Unknown Source)
at io.restassured.internal.RequestSpecificationImpl.header(RequestSpecificationImpl.groovy:869)
at com.ripplestreet.AllGetApis.UserStatusControllerGetApi.GetUserStatusActionByEventIdAndPersonId(UserStatusControllerGetApi.java:18)
at java.base/java.util.ArrayList.forEach(ArrayList.java:1511)
... Removed 34 stack frames]]>
    </failure>
  </testcase> <!-- GetUserStatusActionByEventIdAndPersonId -->
  <testcase classname="com.ripplestreet.AllGetApis.UserStatusControllerGetApi" name="GetUserAndEventDataByEventIdandPersonId" time="1.838"/>
  <testcase classname="com.ripplestreet.AllGetApis.OptInsControllerGetApi" name="getListOptInByEventId" time="1.928"/>
  <testcase classname="com.ripplestreet.AllGetApis.OptInsControllerGetApi" name="GetRewardCountByEventIdAndPreferenceforPerson" time="2.128"/>
  <testcase classname="com.ripplestreet.AllGetApis.OptInsControllerGetApi" name="getOptInById" time="1.811"/>
  <testcase classname="com.ripplestreet.AllGetApis.AgencyControllerGetApi" name="findAllAgencies" time="1.837"/>
  <testcase classname="com.ripplestreet.AllGetApis.AgencyControllerGetApi" name="getAgencyById" time="1.716"/>
  <testcase classname="com.ripplestreet.AllGetApis.AssetControllerGetApi" name="getAssetById" time="1.639"/>
  <testcase classname="com.ripplestreet.AllGetApis.ActivityGroupControllerGetApi" name="GetListofActivityGroups" time="1.849"/>
  <testcase classname="com.ripplestreet.AllGetApis.ActivityGroupControllerGetApi" name="GetActivityGroupsByyEventId" time="0.0">
    <skipped/>
  </testcase> <!-- GetActivityGroupsByyEventId -->
  <testcase classname="com.ripplestreet.AllGetApis.ActivityGroupControllerGetApi" name="GetActivityGroup" time="0.0">
    <skipped/>
  </testcase> <!-- GetActivityGroup -->
  <testcase classname="com.ripplestreet.AllGetApis.NotificationControllerGetApi" name="isEmailExistInSuppressionList" time="1.759"/>
  <testcase classname="com.ripplestreet.AllGetApis.NotificationControllerGetApi" name="getAllNotification" time="1.298"/>
  <testcase classname="com.ripplestreet.AllGetApis.NotificationControllerGetApi" name="GetCampaignByNotificationId" time="1.426"/>
  <testcase classname="com.ripplestreet.AllGetApis.NotificationControllerGetApi" name="GetStatusByNotificationId" time="1.469"/>
  <testcase classname="com.ripplestreet.AllGetApis.NotificationControllerGetApi" name="SearchCampaignforNotification" time="1.333"/>
  <testcase classname="com.ripplestreet.AllGetApis.NotificationControllerGetApi" name="GetKPIMatrixByCampaignId" time="1.334"/>
  <testcase classname="com.ripplestreet.AllGetApis.EventDetailControllerGetApi" name="getBasicEventDetailByEventID" time="1.59"/>
  <testcase classname="com.ripplestreet.AllGetApis.EventDetailControllerGetApi" name="findAllmileStonesByEvent" time="1.572"/>
  <testcase classname="com.ripplestreet.AllGetApis.EventDetailControllerGetApi" name="findMileStoneById" time="1.483"/>
  <testcase classname="com.ripplestreet.AllGetApis.EventDetailControllerGetApi" name="getListoftargetsByEventId" time="1.485"/>
  <testcase classname="com.ripplestreet.AllGetApis.EventDetailControllerGetApi" name="findAllMilestonesTypeByEventtypes" time="1.341"/>
  <testcase classname="com.ripplestreet.genricUtilities.genricUtilities" name="@BeforeSuite authToken" time="0.0">
    <ignored/>
  </testcase> <!-- @BeforeSuite authToken -->
  <testcase classname="com.ripplestreet.genricUtilities.genricUtilities" name="@BeforeSuite authToken" time="0.0">
    <ignored/>
  </testcase> <!-- @BeforeSuite authToken -->
  <testcase classname="com.ripplestreet.genricUtilities.genricUtilities" name="@BeforeSuite authToken" time="0.0">
    <ignored/>
  </testcase> <!-- @BeforeSuite authToken -->
  <testcase classname="com.ripplestreet.genricUtilities.genricUtilities" name="@BeforeSuite authToken" time="0.0">
    <ignored/>
  </testcase> <!-- @BeforeSuite authToken -->
  <testcase classname="com.ripplestreet.genricUtilities.genricUtilities" name="@BeforeSuite authToken" time="0.0">
    <ignored/>
  </testcase> <!-- @BeforeSuite authToken -->
  <testcase classname="com.ripplestreet.genricUtilities.genricUtilities" name="@BeforeSuite authToken" time="0.0">
    <ignored/>
  </testcase> <!-- @BeforeSuite authToken -->
  <testcase classname="com.ripplestreet.genricUtilities.genricUtilities" name="@BeforeSuite authToken" time="0.0">
    <ignored/>
  </testcase> <!-- @BeforeSuite authToken -->
  <testcase classname="com.ripplestreet.genricUtilities.genricUtilities" name="@BeforeSuite authToken" time="0.0">
    <ignored/>
  </testcase> <!-- @BeforeSuite authToken -->
  <testcase classname="com.ripplestreet.genricUtilities.genricUtilities" name="@BeforeSuite authToken" time="0.0">
    <ignored/>
  </testcase> <!-- @BeforeSuite authToken -->
  <testcase classname="com.ripplestreet.genricUtilities.genricUtilities" name="@BeforeSuite authToken" time="0.0">
    <ignored/>
  </testcase> <!-- @BeforeSuite authToken -->
  <testcase classname="com.ripplestreet.genricUtilities.genricUtilities" name="@BeforeSuite authToken" time="0.0">
    <ignored/>
  </testcase> <!-- @BeforeSuite authToken -->
  <testcase classname="com.ripplestreet.genricUtilities.genricUtilities" name="@BeforeSuite authToken" time="0.0">
    <ignored/>
  </testcase> <!-- @BeforeSuite authToken -->
  <testcase classname="com.ripplestreet.genricUtilities.genricUtilities" name="@BeforeSuite authToken" time="0.0">
    <ignored/>
  </testcase> <!-- @BeforeSuite authToken -->
  <testcase classname="com.ripplestreet.genricUtilities.genricUtilities" name="@BeforeSuite authToken" time="0.0">
    <ignored/>
  </testcase> <!-- @BeforeSuite authToken -->
  <testcase classname="com.ripplestreet.genricUtilities.genricUtilities" name="@BeforeSuite authToken" time="0.0">
    <ignored/>
  </testcase> <!-- @BeforeSuite authToken -->
  <testcase classname="com.ripplestreet.genricUtilities.genricUtilities" name="@BeforeSuite authToken" time="0.0">
    <ignored/>
  </testcase> <!-- @BeforeSuite authToken -->
  <testcase classname="com.ripplestreet.genricUtilities.genricUtilities" name="@BeforeSuite authToken" time="0.0">
    <ignored/>
  </testcase> <!-- @BeforeSuite authToken -->
  <testcase classname="com.ripplestreet.genricUtilities.genricUtilities" name="@BeforeSuite authToken" time="0.0">
    <ignored/>
  </testcase> <!-- @BeforeSuite authToken -->
  <testcase classname="com.ripplestreet.genricUtilities.genricUtilities" name="@BeforeSuite authToken" time="0.0">
    <ignored/>
  </testcase> <!-- @BeforeSuite authToken -->
  <testcase classname="com.ripplestreet.genricUtilities.genricUtilities" name="@BeforeSuite authToken" time="0.0">
    <ignored/>
  </testcase> <!-- @BeforeSuite authToken -->
  <testcase classname="com.ripplestreet.genricUtilities.genricUtilities" name="@BeforeSuite authToken" time="0.0">
    <ignored/>
  </testcase> <!-- @BeforeSuite authToken -->
  <testcase classname="com.ripplestreet.genricUtilities.genricUtilities" name="@BeforeSuite authToken" time="0.0">
    <ignored/>
  </testcase> <!-- @BeforeSuite authToken -->
  <testcase classname="com.ripplestreet.genricUtilities.genricUtilities" name="@BeforeSuite authToken" time="0.0">
    <ignored/>
  </testcase> <!-- @BeforeSuite authToken -->
  <testcase classname="com.ripplestreet.genricUtilities.genricUtilities" name="@BeforeSuite authToken" time="0.0">
    <ignored/>
  </testcase> <!-- @BeforeSuite authToken -->
  <testcase classname="com.ripplestreet.genricUtilities.genricUtilities" name="@BeforeSuite authToken" time="0.0">
    <ignored/>
  </testcase> <!-- @BeforeSuite authToken -->
  <testcase classname="com.ripplestreet.genricUtilities.genricUtilities" name="@BeforeSuite authToken" time="0.0">
    <ignored/>
  </testcase> <!-- @BeforeSuite authToken -->
  <testcase classname="com.ripplestreet.genricUtilities.genricUtilities" name="@BeforeSuite authToken" time="0.0">
    <ignored/>
  </testcase> <!-- @BeforeSuite authToken -->
  <testcase classname="com.ripplestreet.genricUtilities.genricUtilities" name="@BeforeSuite authToken" time="0.0">
    <ignored/>
  </testcase> <!-- @BeforeSuite authToken -->
  <testcase classname="com.ripplestreet.genricUtilities.genricUtilities" name="@BeforeSuite authToken" time="0.0">
    <ignored/>
  </testcase> <!-- @BeforeSuite authToken -->
  <testcase classname="com.ripplestreet.genricUtilities.genricUtilities" name="@BeforeSuite authToken" time="0.0">
    <ignored/>
  </testcase> <!-- @BeforeSuite authToken -->
  <testcase classname="com.ripplestreet.genricUtilities.genricUtilities" name="@BeforeSuite authToken" time="0.0">
    <ignored/>
  </testcase> <!-- @BeforeSuite authToken -->
  <testcase classname="com.ripplestreet.genricUtilities.genricUtilities" name="@BeforeSuite authToken" time="0.0">
    <ignored/>
  </testcase> <!-- @BeforeSuite authToken -->
  <testcase classname="com.ripplestreet.genricUtilities.genricUtilities" name="@BeforeSuite authToken" time="0.0">
    <ignored/>
  </testcase> <!-- @BeforeSuite authToken -->
  <testcase classname="com.ripplestreet.genricUtilities.genricUtilities" name="@BeforeSuite authToken" time="0.0">
    <ignored/>
  </testcase> <!-- @BeforeSuite authToken -->
  <testcase classname="com.ripplestreet.genricUtilities.genricUtilities" name="@BeforeSuite authToken" time="0.0">
    <ignored/>
  </testcase> <!-- @BeforeSuite authToken -->
  <testcase classname="com.ripplestreet.genricUtilities.genricUtilities" name="@BeforeSuite authToken" time="0.0">
    <ignored/>
  </testcase> <!-- @BeforeSuite authToken -->
  <testcase classname="com.ripplestreet.genricUtilities.genricUtilities" name="@BeforeSuite authToken" time="0.0">
    <ignored/>
  </testcase> <!-- @BeforeSuite authToken -->
  <testcase classname="com.ripplestreet.genricUtilities.genricUtilities" name="@BeforeSuite authToken" time="0.0">
    <ignored/>
  </testcase> <!-- @BeforeSuite authToken -->
  <testcase classname="com.ripplestreet.genricUtilities.genricUtilities" name="@BeforeSuite authToken" time="0.0">
    <ignored/>
  </testcase> <!-- @BeforeSuite authToken -->
  <testcase classname="com.ripplestreet.genricUtilities.genricUtilities" name="@BeforeSuite authToken" time="0.0">
    <ignored/>
  </testcase> <!-- @BeforeSuite authToken -->
  <testcase classname="com.ripplestreet.genricUtilities.genricUtilities" name="@BeforeSuite authToken" time="0.0">
    <ignored/>
  </testcase> <!-- @BeforeSuite authToken -->
  <testcase classname="com.ripplestreet.genricUtilities.genricUtilities" name="@BeforeSuite authToken" time="0.0">
    <ignored/>
  </testcase> <!-- @BeforeSuite authToken -->
  <testcase classname="com.ripplestreet.genricUtilities.genricUtilities" name="@BeforeSuite authToken" time="0.0">
    <ignored/>
  </testcase> <!-- @BeforeSuite authToken -->
  <testcase classname="com.ripplestreet.genricUtilities.genricUtilities" name="@BeforeSuite authToken" time="0.0">
    <ignored/>
  </testcase> <!-- @BeforeSuite authToken -->
  <testcase classname="com.ripplestreet.genricUtilities.genricUtilities" name="@BeforeSuite authToken" time="0.0">
    <ignored/>
  </testcase> <!-- @BeforeSuite authToken -->
  <testcase classname="com.ripplestreet.genricUtilities.genricUtilities" name="@BeforeSuite authToken" time="0.0">
    <ignored/>
  </testcase> <!-- @BeforeSuite authToken -->
  <testcase classname="com.ripplestreet.genricUtilities.genricUtilities" name="@BeforeSuite authToken" time="0.0">
    <ignored/>
  </testcase> <!-- @BeforeSuite authToken -->
  <testcase classname="com.ripplestreet.genricUtilities.genricUtilities" name="@BeforeSuite authToken" time="0.0">
    <ignored/>
  </testcase> <!-- @BeforeSuite authToken -->
  <testcase classname="com.ripplestreet.genricUtilities.genricUtilities" name="@BeforeSuite authToken" time="0.0">
    <ignored/>
  </testcase> <!-- @BeforeSuite authToken -->
  <testcase classname="com.ripplestreet.genricUtilities.genricUtilities" name="@BeforeSuite authToken" time="0.0">
    <ignored/>
  </testcase> <!-- @BeforeSuite authToken -->
  <testcase classname="com.ripplestreet.genricUtilities.genricUtilities" name="@BeforeSuite authToken" time="0.0">
    <ignored/>
  </testcase> <!-- @BeforeSuite authToken -->
  <testcase classname="com.ripplestreet.genricUtilities.genricUtilities" name="@BeforeSuite authToken" time="0.0">
    <ignored/>
  </testcase> <!-- @BeforeSuite authToken -->
  <testcase classname="com.ripplestreet.genricUtilities.genricUtilities" name="@BeforeSuite authToken" time="0.0">
    <ignored/>
  </testcase> <!-- @BeforeSuite authToken -->
  <testcase classname="com.ripplestreet.genricUtilities.genricUtilities" name="@BeforeSuite authToken" time="0.0">
    <ignored/>
  </testcase> <!-- @BeforeSuite authToken -->
  <testcase classname="com.ripplestreet.genricUtilities.genricUtilities" name="@BeforeSuite authToken" time="0.0">
    <ignored/>
  </testcase> <!-- @BeforeSuite authToken -->
  <testcase classname="com.ripplestreet.genricUtilities.genricUtilities" name="@BeforeSuite authToken" time="0.0">
    <ignored/>
  </testcase> <!-- @BeforeSuite authToken -->
  <testcase classname="com.ripplestreet.genricUtilities.genricUtilities" name="@BeforeSuite authToken" time="0.0">
    <ignored/>
  </testcase> <!-- @BeforeSuite authToken -->
  <testcase classname="com.ripplestreet.genricUtilities.genricUtilities" name="@BeforeSuite authToken" time="0.0">
    <ignored/>
  </testcase> <!-- @BeforeSuite authToken -->
  <testcase classname="com.ripplestreet.genricUtilities.genricUtilities" name="@BeforeSuite authToken" time="0.0">
    <ignored/>
  </testcase> <!-- @BeforeSuite authToken -->
  <testcase classname="com.ripplestreet.genricUtilities.genricUtilities" name="@BeforeSuite authToken" time="0.0">
    <ignored/>
  </testcase> <!-- @BeforeSuite authToken -->
  <testcase classname="com.ripplestreet.genricUtilities.genricUtilities" name="@BeforeSuite authToken" time="0.0">
    <ignored/>
  </testcase> <!-- @BeforeSuite authToken -->
  <testcase classname="com.ripplestreet.genricUtilities.genricUtilities" name="@BeforeSuite authToken" time="0.0">
    <ignored/>
  </testcase> <!-- @BeforeSuite authToken -->
  <testcase classname="com.ripplestreet.genricUtilities.genricUtilities" name="@BeforeSuite authToken" time="0.0">
    <ignored/>
  </testcase> <!-- @BeforeSuite authToken -->
  <testcase classname="com.ripplestreet.genricUtilities.genricUtilities" name="@BeforeSuite authToken" time="0.0">
    <ignored/>
  </testcase> <!-- @BeforeSuite authToken -->
  <testcase classname="com.ripplestreet.genricUtilities.genricUtilities" name="@BeforeSuite authToken" time="0.0">
    <ignored/>
  </testcase> <!-- @BeforeSuite authToken -->
  <testcase classname="com.ripplestreet.genricUtilities.genricUtilities" name="@BeforeSuite authToken" time="0.0">
    <ignored/>
  </testcase> <!-- @BeforeSuite authToken -->
  <testcase classname="com.ripplestreet.genricUtilities.genricUtilities" name="@BeforeSuite authToken" time="0.0">
    <ignored/>
  </testcase> <!-- @BeforeSuite authToken -->
  <testcase classname="com.ripplestreet.genricUtilities.genricUtilities" name="@BeforeSuite authToken" time="0.0">
    <ignored/>
  </testcase> <!-- @BeforeSuite authToken -->
  <testcase classname="com.ripplestreet.genricUtilities.genricUtilities" name="@BeforeSuite authToken" time="0.0">
    <ignored/>
  </testcase> <!-- @BeforeSuite authToken -->
  <testcase classname="com.ripplestreet.genricUtilities.genricUtilities" name="@BeforeSuite authToken" time="0.0">
    <ignored/>
  </testcase> <!-- @BeforeSuite authToken -->
</testsuite> <!-- Test -->
