<?xml version="1.0" encoding="UTF-8"?>
<testsuite name="Test"
           tests="2"
           failures="0"
           errors="0"
           skipped="0"
           time="2.814">
  <properties />
  
  
            <testcase name="getUserProgramsDetailes" time="1.309" classname="com.ripplestreet.AllGetApis.UserAchievementControllerGetApi" />
                <testcase name="getUserAchivmentsDetails" time="1.505" classname="com.ripplestreet.AllGetApis.UserAchievementControllerGetApi" />
      
</testsuite>
