<?xml version="1.0" encoding="UTF-8"?>
<testsuite name="Test"
           tests="7"
           failures="0"
           errors="0"
           skipped="0"
           time="10.391">
  <properties />
  
  
            <testcase name="getFAQTopicitemsById" time="1.541" classname="com.ripplestreet.AllGetApis.FAQcontrollerGetApi" />
                <testcase name="getFAQById" time="1.493" classname="com.ripplestreet.AllGetApis.FAQcontrollerGetApi" />
                <testcase name="getFAQbyEventId" time="1.503" classname="com.ripplestreet.AllGetApis.FAQcontrollerGetApi" />
                <testcase name="GetFAQDetailByEventIdforCommunity" time="1.505" classname="com.ripplestreet.AllGetApis.FAQcontrollerGetApi" />
                <testcase name="getlistofFaqTopicbyFaqId" time="1.507" classname="com.ripplestreet.AllGetApis.FAQcontrollerGetApi" />
                <testcase name="GetlistofFaqTopicItemsbyFaqTopicId" time="1.317" classname="com.ripplestreet.AllGetApis.FAQcontrollerGetApi" />
                <testcase name="FAQTopicByID" time="1.525" classname="com.ripplestreet.AllGetApis.FAQcontrollerGetApi" />
      
</testsuite>
