<?xml version="1.0" encoding="UTF-8"?>
<testsuite name="Test"
           tests="3"
           failures="0"
           errors="0"
           skipped="0"
           time="4.458">
  <properties />
  
  
            <testcase name="getSegmentDefinitionById" time="1.428" classname="com.ripplestreet.AllGetApis.SegmentationDefinitionControllerVersion2" />
                <testcase name="getGetSegmentDefinitionByFolderIdAndSegmentId" time="1.539" classname="com.ripplestreet.AllGetApis.SegmentationDefinitionControllerVersion2" />
                <testcase name="getAllSegments" time="1.491" classname="com.ripplestreet.AllGetApis.SegmentationDefinitionControllerVersion2" />
      
</testsuite>
