<?xml version="1.0" encoding="UTF-8"?>
<testsuite name="Test"
           tests="5"
           failures="0"
           errors="0"
           skipped="0"
           time="7.471">
  <properties />
  
  
            <testcase name="findAllmileStonesByEvent" time="1.572" classname="com.ripplestreet.AllGetApis.EventDetailControllerGetApi" />
                <testcase name="findMileStoneById" time="1.483" classname="com.ripplestreet.AllGetApis.EventDetailControllerGetApi" />
                <testcase name="getListoftargetsByEventId" time="1.485" classname="com.ripplestreet.AllGetApis.EventDetailControllerGetApi" />
                <testcase name="findAllMilestonesTypeByEventtypes" time="1.341" classname="com.ripplestreet.AllGetApis.EventDetailControllerGetApi" />
                <testcase name="getBasicEventDetailByEventID" time="1.590" classname="com.ripplestreet.AllGetApis.EventDetailControllerGetApi" />
      
</testsuite>
