<?xml version="1.0" encoding="UTF-8"?>
<testsuite name="Test"
           tests="3"
           failures="0"
           errors="0"
           skipped="0"
           time="4.677">
  <properties />
  
  
            <testcase name="getExternalReview" time="1.549" classname="com.ripplestreet.AllGetApis.ReviewControllerGetApi" />
                <testcase name="getReviewsByTaskId" time="1.573" classname="com.ripplestreet.AllGetApis.ReviewControllerGetApi" />
                <testcase name="getReview" time="1.555" classname="com.ripplestreet.AllGetApis.ReviewControllerGetApi" />
      
</testsuite>
