<?xml version="1.0" encoding="UTF-8"?>
<testsuite name="Test"
           tests="3"
           failures="0"
           errors="0"
           skipped="0"
           time="4.674">
  <properties />
  
  
            <testcase name="getAllPetTypes" time="1.646" classname="com.ripplestreet.AllGetApis.userFamilyControllerGetApi" />
                <testcase name="getAllPetsForUser" time="1.518" classname="com.ripplestreet.AllGetApis.userFamilyControllerGetApi" />
                <testcase name="getUserChildern" time="1.510" classname="com.ripplestreet.AllGetApis.userFamilyControllerGetApi" />
      
</testsuite>
