<?xml version="1.0" encoding="UTF-8"?>
<testsuite name="Test"
           tests="2"
           failures="0"
           errors="0"
           skipped="0"
           time="3.644">
  <properties />
  
  
            <testcase name="getTremendousFundingSources" time="1.726" classname="com.ripplestreet.AllGetApis.TremendouesControllerGetApi" />
                <testcase name="getTremendousCampaigns" time="1.918" classname="com.ripplestreet.AllGetApis.TremendouesControllerGetApi" />
      
</testsuite>
