<?xml version="1.0" encoding="UTF-8"?>
<testsuite name="Test"
           tests="8"
           failures="0"
           errors="0"
           skipped="0"
           time="11.820">
  <properties />
  
  
            <testcase name="FinfAllfavousByEventId" time="1.523" classname="com.ripplestreet.AllGetApis.CreativeControllerGetApi" />
                <testcase name="findHeroPlaylistById" time="1.516" classname="com.ripplestreet.AllGetApis.CreativeControllerGetApi" />
                <testcase name="getBannerByEventIdandId" time="1.433" classname="com.ripplestreet.AllGetApis.CreativeControllerGetApi" />
                <testcase name="FindHeroplaylistitemById" time="1.486" classname="com.ripplestreet.AllGetApis.CreativeControllerGetApi" />
                <testcase name="findAllHeroPlaylistItemsByPlayListId" time="1.401" classname="com.ripplestreet.AllGetApis.CreativeControllerGetApi" />
                <testcase name="finAllBannerByEventId" time="1.506" classname="com.ripplestreet.AllGetApis.CreativeControllerGetApi" />
                <testcase name="findAllHeroPlaylistByModelId" time="1.523" classname="com.ripplestreet.AllGetApis.CreativeControllerGetApi" />
                <testcase name="getFavorByEventIdAndId" time="1.432" classname="com.ripplestreet.AllGetApis.CreativeControllerGetApi" />
      
</testsuite>
