<?xml version="1.0" encoding="UTF-8"?>
<testsuite name="Test"
           tests="9"
           failures="0"
           errors="0"
           skipped="0"
           time="27.794">
  <properties />
  
  
            <testcase name="GettingDetailOfHeadHostByPersonId" time="1.528" classname="com.ripplestreet.AllGetApis.CommunityControllerGetApi" />
                <testcase name="getAllAddressEntriesByPersonId" time="1.490" classname="com.ripplestreet.AllGetApis.CommunityControllerGetApi" />
                <testcase name="getUserEventParticipationBit" time="1.478" classname="com.ripplestreet.AllGetApis.CommunityControllerGetApi" />
                <testcase name="getUserDetails" time="1.499" classname="com.ripplestreet.AllGetApis.CommunityControllerGetApi" />
                <testcase name="getUserProfile" time="1.525" classname="com.ripplestreet.AllGetApis.CommunityControllerGetApi" />
                <testcase name="getUserListByFilters" time="15.687" classname="com.ripplestreet.AllGetApis.CommunityControllerGetApi" />
                <testcase name="getUserParticipationBits" time="1.535" classname="com.ripplestreet.AllGetApis.CommunityControllerGetApi" />
                <testcase name="getAllEventsByUserAndParticipantType" time="1.527" classname="com.ripplestreet.AllGetApis.CommunityControllerGetApi" />
                <testcase name="getAllUsersByEventAndParticipantType" time="1.525" classname="com.ripplestreet.AllGetApis.CommunityControllerGetApi" />
      
</testsuite>
