<?xml version="1.0" encoding="UTF-8"?>
<testsuite name="Test"
           tests="4"
           failures="0"
           errors="0"
           skipped="0"
           time="6.086">
  <properties />
  
  
            <testcase name="getWinningoptionBasedOnTheProbability" time="1.393" classname="com.ripplestreet.AllGetApis.GameControllerGetApi" />
                <testcase name="getGameBygameId" time="1.623" classname="com.ripplestreet.AllGetApis.GameControllerGetApi" />
                <testcase name="getAllgames" time="1.571" classname="com.ripplestreet.AllGetApis.GameControllerGetApi" />
                <testcase name="GetGameTrackerRedisObjByGameId" time="1.499" classname="com.ripplestreet.AllGetApis.GameControllerGetApi" />
      
</testsuite>
