<?xml version="1.0" encoding="UTF-8"?>
<testsuite name="Test"
           tests="6"
           failures="0"
           errors="0"
           skipped="0"
           time="9.370">
  <properties />
  
  
            <testcase name="downloadAssetByURL" time="1.540" classname="com.ripplestreet.AllGetApis.UgcControllerGetApi" />
                <testcase name="getUgcDetailsByTaskId" time="1.484" classname="com.ripplestreet.AllGetApis.UgcControllerGetApi" />
                <testcase name="getImageRecognitionResponse" time="1.530" classname="com.ripplestreet.AllGetApis.UgcControllerGetApi" />
                <testcase name="getUgcDetailsById" time="1.397" classname="com.ripplestreet.AllGetApis.UgcControllerGetApi" />
                <testcase name="getUserAsset" time="1.509" classname="com.ripplestreet.AllGetApis.UgcControllerGetApi" />
                <testcase name="downloadAsset" time="1.910" classname="com.ripplestreet.AllGetApis.UgcControllerGetApi" />
      
</testsuite>
