<?xml version="1.0" encoding="UTF-8"?>
<testsuite name="Test"
           tests="6"
           failures="0"
           errors="0"
           skipped="0"
           time="8.619">
  <properties />
  
  
            <testcase name="GetCampaignByNotificationId" time="1.426" classname="com.ripplestreet.AllGetApis.NotificationControllerGetApi" />
                <testcase name="SearchCampaignforNotification" time="1.333" classname="com.ripplestreet.AllGetApis.NotificationControllerGetApi" />
                <testcase name="GetStatusByNotificationId" time="1.469" classname="com.ripplestreet.AllGetApis.NotificationControllerGetApi" />
                <testcase name="getAllNotification" time="1.298" classname="com.ripplestreet.AllGetApis.NotificationControllerGetApi" />
                <testcase name="GetKPIMatrixByCampaignId" time="1.334" classname="com.ripplestreet.AllGetApis.NotificationControllerGetApi" />
                <testcase name="isEmailExistInSuppressionList" time="1.759" classname="com.ripplestreet.AllGetApis.NotificationControllerGetApi" />
      
</testsuite>
