<?xml version="1.0" encoding="UTF-8"?>
<testsuite name="Test"
           tests="2"
           failures="0"
           errors="0"
           skipped="0"
           time="3.041">
  <properties />
  
  
            <testcase name="getActiveEventsDetailForUser" time="1.519" classname="com.ripplestreet.AllGetApis.MobileCommunityControllerGetApi" />
                <testcase name="getAllEventsByUserAndParticipantTypeApplicant" time="1.522" classname="com.ripplestreet.AllGetApis.MobileCommunityControllerGetApi" />
      
</testsuite>
