<?xml version="1.0" encoding="UTF-8"?>
<testsuite name="Test"
           tests="5"
           failures="0"
           errors="0"
           skipped="0"
           time="7.504">
  <properties />
  
  
            <testcase name="getPhotoFeedByEventId" time="1.531" classname="com.ripplestreet.AllGetApis.EventFeedControllerGetApi" />
                <testcase name="getAllFeedsForEvent" time="1.544" classname="com.ripplestreet.AllGetApis.EventFeedControllerGetApi" />
                <testcase name="getFeedInfoById" time="1.510" classname="com.ripplestreet.AllGetApis.EventFeedControllerGetApi" />
                <testcase name="getReviewFeedByEventId" time="1.502" classname="com.ripplestreet.AllGetApis.EventFeedControllerGetApi" />
                <testcase name="getCommentFeedByEventId" time="1.417" classname="com.ripplestreet.AllGetApis.EventFeedControllerGetApi" />
      
</testsuite>
