<?xml version="1.0" encoding="UTF-8"?>
<testsuite name="Test"
           tests="19"
           failures="0"
           errors="0"
           skipped="0"
           time="28.234">
  <properties />
  
  
            <testcase name="getFilteredEvents" time="1.560" classname="com.ripplestreet.AllGetApis.EventControllerGetApi" />
                <testcase name="getAllProductByEvents" time="1.534" classname="com.ripplestreet.AllGetApis.EventControllerGetApi" />
                <testcase name="getEventDetailforWorkflow" time="1.504" classname="com.ripplestreet.AllGetApis.EventControllerGetApi" />
                <testcase name="getStatus" time="1.515" classname="com.ripplestreet.AllGetApis.EventControllerGetApi" />
                <testcase name="getEventDetailForWorkFlow" time="1.492" classname="com.ripplestreet.AllGetApis.EventControllerGetApi" />
                <testcase name="getEventDetailBySlug" time="1.526" classname="com.ripplestreet.AllGetApis.EventControllerGetApi" />
                <testcase name="getAllEvents" time="1.351" classname="com.ripplestreet.AllGetApis.EventControllerGetApi" />
                <testcase name="getEventById" time="1.408" classname="com.ripplestreet.AllGetApis.EventControllerGetApi" />
                <testcase name="getAllMileStonesByEvent" time="1.518" classname="com.ripplestreet.AllGetApis.EventControllerGetApi" />
                <testcase name="getCurrentMileStonesByEvent" time="1.540" classname="com.ripplestreet.AllGetApis.EventControllerGetApi" />
                <testcase name="getAllSpotLightEventDetail" time="1.543" classname="com.ripplestreet.AllGetApis.EventControllerGetApi" />
                <testcase name="getAllServices" time="1.520" classname="com.ripplestreet.AllGetApis.EventControllerGetApi" />
                <testcase name="getAllCurrentMileStoneByEvent" time="1.490" classname="com.ripplestreet.AllGetApis.EventControllerGetApi" />
                <testcase name="getAllSubscriptionsByServiceName" time="1.549" classname="com.ripplestreet.AllGetApis.EventControllerGetApi" />
                <testcase name="getProductDetailEventIdAndProductId" time="1.437" classname="com.ripplestreet.AllGetApis.EventControllerGetApi" />
                <testcase name="getByEventName" time="1.543" classname="com.ripplestreet.AllGetApis.EventControllerGetApi" />
                <testcase name="getEventMileStoneByIdAndDate" time="1.393" classname="com.ripplestreet.AllGetApis.EventControllerGetApi" />
                <testcase name="getAllSubscriptionsByEvent" time="1.303" classname="com.ripplestreet.AllGetApis.EventControllerGetApi" />
                <testcase name="getpackAndApplicationCountByEventId" time="1.508" classname="com.ripplestreet.AllGetApis.EventControllerGetApi" />
      
</testsuite>
