<?xml version="1.0" encoding="UTF-8"?>
<testsuite name="Test"
           tests="3"
           failures="0"
           errors="0"
           skipped="0"
           time="5.867">
  <properties />
  
  
            <testcase name="GetRewardCountByEventIdAndPreferenceforPerson" time="2.128" classname="com.ripplestreet.AllGetApis.OptInsControllerGetApi" />
                <testcase name="getOptInById" time="1.811" classname="com.ripplestreet.AllGetApis.OptInsControllerGetApi" />
                <testcase name="getListOptInByEventId" time="1.928" classname="com.ripplestreet.AllGetApis.OptInsControllerGetApi" />
      
</testsuite>
