<?xml version="1.0" encoding="UTF-8"?>
<testsuite name="Test"
           tests="4"
           failures="0"
           errors="0"
           skipped="0"
           time="6.188">
  <properties />
  
  
            <testcase name="getDeliverySystemAttributeValue" time="1.587" classname="com.ripplestreet.AllGetApis.RewardDeliveryControllerGetApi" />
                <testcase name="getRewardDeleveries" time="1.509" classname="com.ripplestreet.AllGetApis.RewardDeliveryControllerGetApi" />
                <testcase name="getRewardDeleverie" time="1.529" classname="com.ripplestreet.AllGetApis.RewardDeliveryControllerGetApi" />
                <testcase name="getAllRewardDeliveriesByPersonId" time="1.563" classname="com.ripplestreet.AllGetApis.RewardDeliveryControllerGetApi" />
      
</testsuite>
