<?xml version="1.0" encoding="UTF-8"?>
<testsuite name="Test"
           tests="3"
           failures="0"
           errors="0"
           skipped="0"
           time="4.700">
  <properties />
  
  
            <testcase name="getListOfWorkFlowTemplates" time="1.490" classname="com.ripplestreet.AllGetApis.WorkFlowTemplateControllerGetApi" />
                <testcase name="getEventWorkflowTemplateByEventId" time="1.585" classname="com.ripplestreet.AllGetApis.WorkFlowTemplateControllerGetApi" />
                <testcase name="getStepFunctionByArn" time="1.625" classname="com.ripplestreet.AllGetApis.WorkFlowTemplateControllerGetApi" />
      
</testsuite>
