<?xml version="1.0" encoding="UTF-8"?>
<testsuite name="Test"
           tests="2"
           failures="0"
           errors="0"
           skipped="0"
           time="22.680">
  <properties />
  
  
            <testcase name="getAllAdressEntriesByPersonId" time="11.420" classname="com.ripplestreet.FilterApis.CommunityServiceFiltersgetApi" />
                <testcase name="getAllUsersByEventAndParticipantType" time="11.260" classname="com.ripplestreet.FilterApis.CommunityServiceFiltersgetApi" />
      
</testsuite>
