<?xml version="1.0" encoding="UTF-8"?>
<testsuite name="Test"
           tests="3"
           failures="0"
           errors="0"
           skipped="0"
           time="4.658">
  <properties />
  
  
            <testcase name="GetAllTriggers" time="1.414" classname="com.ripplestreet.AllGetApis.TriggerControllerGetApi" />
                <testcase name="getTriggerInfoByTableNameAndOperation" time="1.726" classname="com.ripplestreet.AllGetApis.TriggerControllerGetApi" />
                <testcase name="getTriggerDefinition" time="1.518" classname="com.ripplestreet.AllGetApis.TriggerControllerGetApi" />
      
</testsuite>
