<?xml version="1.0" encoding="UTF-8"?>
<testng-results ignored="0" total="196" passed="186" failed="1" skipped="9">
  <reporter-output>
  </reporter-output>
  <suite started-at="2023-08-18T15:24:38 IST" name="Suite" finished-at="2023-08-18T15:30:29 IST" duration-ms="350725">
    <groups>
      <group name="gamification">
        <method signature="CouponControllerGetApi.getCouponsByActivityId()[pri:91, instance:com.ripplestreet.AllGetApis.CouponControllerGetApi@147a5d08]" name="getCouponsByActivityId" class="com.ripplestreet.AllGetApis.CouponControllerGetApi"/>
        <method signature="GameControllerGetApi.getAllgames()[pri:92, instance:com.ripplestreet.AllGetApis.GameControllerGetApi@1b45c0e]" name="getAllgames" class="com.ripplestreet.AllGetApis.GameControllerGetApi"/>
        <method signature="GameControllerGetApi.getGameBygameId()[pri:93, instance:com.ripplestreet.AllGetApis.GameControllerGetApi@1b45c0e]" name="getGameBygameId" class="com.ripplestreet.AllGetApis.GameControllerGetApi"/>
        <method signature="GameControllerGetApi.GetGameTrackerRedisObjByGameId()[pri:94, instance:com.ripplestreet.AllGetApis.GameControllerGetApi@1b45c0e]" name="GetGameTrackerRedisObjByGameId" class="com.ripplestreet.AllGetApis.GameControllerGetApi"/>
        <method signature="GameControllerGetApi.getWinningoptionBasedOnTheProbability()[pri:95, instance:com.ripplestreet.AllGetApis.GameControllerGetApi@1b45c0e]" name="getWinningoptionBasedOnTheProbability" class="com.ripplestreet.AllGetApis.GameControllerGetApi"/>
        <method signature="gameOptionControllerGetApi.getGameOptionBySlug()[pri:96, instance:com.ripplestreet.AllGetApis.gameOptionControllerGetApi@68d279ec]" name="getGameOptionBySlug" class="com.ripplestreet.AllGetApis.gameOptionControllerGetApi"/>
        <method signature="gameOptionControllerGetApi.getListOfOptionsByGameId()[pri:97, instance:com.ripplestreet.AllGetApis.gameOptionControllerGetApi@68d279ec]" name="getListOfOptionsByGameId" class="com.ripplestreet.AllGetApis.gameOptionControllerGetApi"/>
      </group> <!-- gamification -->
      <group name="activityugcreview">
        <method signature="UgcControllerGetApi.downloadAsset()[pri:0, instance:com.ripplestreet.AllGetApis.UgcControllerGetApi@9573584]" name="downloadAsset" class="com.ripplestreet.AllGetApis.UgcControllerGetApi"/>
        <method signature="UgcControllerGetApi.getUgcDetailsByTaskId()[pri:0, instance:com.ripplestreet.AllGetApis.UgcControllerGetApi@9573584]" name="getUgcDetailsByTaskId" class="com.ripplestreet.AllGetApis.UgcControllerGetApi"/>
        <method signature="ReviewControllerGetApi.getExternalReview()[pri:46, instance:com.ripplestreet.AllGetApis.ReviewControllerGetApi@1fb19a0]" name="getExternalReview" class="com.ripplestreet.AllGetApis.ReviewControllerGetApi"/>
        <method signature="ReviewControllerGetApi.getReviewsByTaskId()[pri:47, instance:com.ripplestreet.AllGetApis.ReviewControllerGetApi@1fb19a0]" name="getReviewsByTaskId" class="com.ripplestreet.AllGetApis.ReviewControllerGetApi"/>
        <method signature="ReviewControllerGetApi.getReview()[pri:48, instance:com.ripplestreet.AllGetApis.ReviewControllerGetApi@1fb19a0]" name="getReview" class="com.ripplestreet.AllGetApis.ReviewControllerGetApi"/>
        <method signature="UgcControllerGetApi.downloadAssetByURL()[pri:51, instance:com.ripplestreet.AllGetApis.UgcControllerGetApi@9573584]" name="downloadAssetByURL" class="com.ripplestreet.AllGetApis.UgcControllerGetApi"/>
        <method signature="UgcControllerGetApi.getImageRecognitionResponse()[pri:52, instance:com.ripplestreet.AllGetApis.UgcControllerGetApi@9573584]" name="getImageRecognitionResponse" class="com.ripplestreet.AllGetApis.UgcControllerGetApi"/>
        <method signature="UgcControllerGetApi.getUgcDetailsById()[pri:53, instance:com.ripplestreet.AllGetApis.UgcControllerGetApi@9573584]" name="getUgcDetailsById" class="com.ripplestreet.AllGetApis.UgcControllerGetApi"/>
        <method signature="UgcControllerGetApi.getUserAsset()[pri:54, instance:com.ripplestreet.AllGetApis.UgcControllerGetApi@9573584]" name="getUserAsset" class="com.ripplestreet.AllGetApis.UgcControllerGetApi"/>
        <method signature="SocialShareControllerGetApi.getReview()[pri:57, instance:com.ripplestreet.AllGetApis.SocialShareControllerGetApi@50dfbc58]" name="getReview" class="com.ripplestreet.AllGetApis.SocialShareControllerGetApi"/>
        <method signature="SocialShareControllerGetApi.getAllReviews()[pri:58, instance:com.ripplestreet.AllGetApis.SocialShareControllerGetApi@50dfbc58]" name="getAllReviews" class="com.ripplestreet.AllGetApis.SocialShareControllerGetApi"/>
      </group> <!-- activityugcreview -->
      <group name="notification">
        <method signature="NotificationControllerGetApi.isEmailExistInSuppressionList()[pri:0, instance:com.ripplestreet.AllGetApis.NotificationControllerGetApi@571c5681]" name="isEmailExistInSuppressionList" class="com.ripplestreet.AllGetApis.NotificationControllerGetApi"/>
        <method signature="NotificationControllerGetApi.getAllNotification()[pri:127, instance:com.ripplestreet.AllGetApis.NotificationControllerGetApi@571c5681]" name="getAllNotification" class="com.ripplestreet.AllGetApis.NotificationControllerGetApi"/>
        <method signature="NotificationControllerGetApi.GetCampaignByNotificationId()[pri:128, instance:com.ripplestreet.AllGetApis.NotificationControllerGetApi@571c5681]" name="GetCampaignByNotificationId" class="com.ripplestreet.AllGetApis.NotificationControllerGetApi"/>
        <method signature="NotificationControllerGetApi.GetStatusByNotificationId()[pri:129, instance:com.ripplestreet.AllGetApis.NotificationControllerGetApi@571c5681]" name="GetStatusByNotificationId" class="com.ripplestreet.AllGetApis.NotificationControllerGetApi"/>
        <method signature="NotificationControllerGetApi.SearchCampaignforNotification()[pri:130, instance:com.ripplestreet.AllGetApis.NotificationControllerGetApi@571c5681]" name="SearchCampaignforNotification" class="com.ripplestreet.AllGetApis.NotificationControllerGetApi"/>
        <method signature="NotificationControllerGetApi.GetKPIMatrixByCampaignId()[pri:132, instance:com.ripplestreet.AllGetApis.NotificationControllerGetApi@571c5681]" name="GetKPIMatrixByCampaignId" class="com.ripplestreet.AllGetApis.NotificationControllerGetApi"/>
        <method signature="TemplateControllerGetApi.template()[pri:133, instance:com.ripplestreet.AllGetApis.TemplateControllerGetApi@11f0a5a1]" name="template" class="com.ripplestreet.AllGetApis.TemplateControllerGetApi"/>
        <method signature="TemplateControllerGetApi.AllEmailList()[pri:134, instance:com.ripplestreet.AllGetApis.TemplateControllerGetApi@11f0a5a1]" name="AllEmailList" class="com.ripplestreet.AllGetApis.TemplateControllerGetApi"/>
        <method signature="TemplateControllerGetApi.PreviewTemplateContent()[pri:135, instance:com.ripplestreet.AllGetApis.TemplateControllerGetApi@11f0a5a1]" name="PreviewTemplateContent" class="com.ripplestreet.AllGetApis.TemplateControllerGetApi"/>
        <method signature="TemplateControllerGetApi.GettemplateByTrasactionalType()[pri:136, instance:com.ripplestreet.AllGetApis.TemplateControllerGetApi@11f0a5a1]" name="GettemplateByTrasactionalType" class="com.ripplestreet.AllGetApis.TemplateControllerGetApi"/>
        <method signature="TemplateControllerGetApi.DownloadCSVLoader()[pri:137, instance:com.ripplestreet.AllGetApis.TemplateControllerGetApi@11f0a5a1]" name="DownloadCSVLoader" class="com.ripplestreet.AllGetApis.TemplateControllerGetApi"/>
        <method signature="TemplateControllerGetApi.GetTemplateListByTransactionalTypeAndEventId()[pri:138, instance:com.ripplestreet.AllGetApis.TemplateControllerGetApi@11f0a5a1]" name="GetTemplateListByTransactionalTypeAndEventId" class="com.ripplestreet.AllGetApis.TemplateControllerGetApi"/>
        <method signature="TemplateControllerGetApi.getTransactionalTemplateById()[pri:139, instance:com.ripplestreet.AllGetApis.TemplateControllerGetApi@11f0a5a1]" name="getTransactionalTemplateById" class="com.ripplestreet.AllGetApis.TemplateControllerGetApi"/>
        <method signature="RecipientsController.GetAllRecipientForCampaignId()[pri:140, instance:com.ripplestreet.AllGetApis.RecipientsController@44c73c26]" name="GetAllRecipientForCampaignId" class="com.ripplestreet.AllGetApis.RecipientsController"/>
      </group> <!-- notification -->
      <group name="common-service">
        <method signature="CommonServiceFeedControllerGeApi.getAllFeedsForEvents()[pri:98, instance:com.ripplestreet.AllGetApis.CommonServiceFeedControllerGeApi@48d61b48]" name="getAllFeedsForEvents" class="com.ripplestreet.AllGetApis.CommonServiceFeedControllerGeApi"/>
        <method signature="jobControllerGetApi.getAllJobByTypeAndId()[pri:99, instance:com.ripplestreet.AllGetApis.jobControllerGetApi@5965be2d]" name="getAllJobByTypeAndId" class="com.ripplestreet.AllGetApis.jobControllerGetApi"/>
        <method signature="jobControllerGetApi.getAllListOfJobsBySourcetype()[pri:100, instance:com.ripplestreet.AllGetApis.jobControllerGetApi@5965be2d]" name="getAllListOfJobsBySourcetype" class="com.ripplestreet.AllGetApis.jobControllerGetApi"/>
        <method signature="ReceiptControllerGetApi.getReceiptRecordWithData()[pri:101, instance:com.ripplestreet.AllGetApis.ReceiptControllerGetApi@5c45d770]" name="getReceiptRecordWithData" class="com.ripplestreet.AllGetApis.ReceiptControllerGetApi"/>
        <method signature="ReceiptControllerGetApi.getReceiptList()[pri:102, instance:com.ripplestreet.AllGetApis.ReceiptControllerGetApi@5c45d770]" name="getReceiptList" class="com.ripplestreet.AllGetApis.ReceiptControllerGetApi"/>
        <method signature="storesControllerGetApi.getAllStoreCollection()[pri:103, instance:com.ripplestreet.AllGetApis.storesControllerGetApi@7d898981]" name="getAllStoreCollection" class="com.ripplestreet.AllGetApis.storesControllerGetApi"/>
        <method signature="storesControllerGetApi.getStoreListByCollectionName()[pri:104, instance:com.ripplestreet.AllGetApis.storesControllerGetApi@7d898981]" name="getStoreListByCollectionName" class="com.ripplestreet.AllGetApis.storesControllerGetApi"/>
      </group> <!-- common-service -->
      <group name="activity-hub">
        <method signature="ActivityControllerGetApi.getListOfActivities()[pri:68, instance:com.ripplestreet.AllGetApis.ActivityControllerGetApi@6ee4d9ab]" name="getListOfActivities" class="com.ripplestreet.AllGetApis.ActivityControllerGetApi"/>
        <method signature="ActivityControllerGetApi.getActivity()[pri:69, instance:com.ripplestreet.AllGetApis.ActivityControllerGetApi@6ee4d9ab]" name="getActivity" class="com.ripplestreet.AllGetApis.ActivityControllerGetApi"/>
        <method signature="ActivityGroupControllerGetApi.GetListofActivityGroups()[pri:70, instance:com.ripplestreet.AllGetApis.ActivityGroupControllerGetApi@6d07a63d]" name="GetListofActivityGroups" class="com.ripplestreet.AllGetApis.ActivityGroupControllerGetApi"/>
        <method signature="ActivityGroupControllerGetApi.GetActivityGroupsByyEventId()[pri:71, instance:com.ripplestreet.AllGetApis.ActivityGroupControllerGetApi@6d07a63d]" name="GetActivityGroupsByyEventId" class="com.ripplestreet.AllGetApis.ActivityGroupControllerGetApi"/>
        <method signature="ActivityGroupControllerGetApi.GetActivityGroup()[pri:72, instance:com.ripplestreet.AllGetApis.ActivityGroupControllerGetApi@6d07a63d]" name="GetActivityGroup" class="com.ripplestreet.AllGetApis.ActivityGroupControllerGetApi"/>
        <method signature="TaskControllerGetApi.getListOfTasks()[pri:73, instance:com.ripplestreet.AllGetApis.TaskControllerGetApi@75d2da2d]" name="getListOfTasks" class="com.ripplestreet.AllGetApis.TaskControllerGetApi"/>
        <method signature="TaskControllerGetApi.getTask()[pri:74, instance:com.ripplestreet.AllGetApis.TaskControllerGetApi@75d2da2d]" name="getTask" class="com.ripplestreet.AllGetApis.TaskControllerGetApi"/>
        <method signature="MobileAppControllerGetApi.GetListOfMyActivities()[pri:75, instance:com.ripplestreet.AllGetApis.MobileAppControllerGetApi@41005828]" name="GetListOfMyActivities" class="com.ripplestreet.AllGetApis.MobileAppControllerGetApi"/>
      </group> <!-- activity-hub -->
      <group name="benefits-platform">
        <method signature="AchievementControllerGetApi.GetListofAchievements()[pri:59, instance:com.ripplestreet.AllGetApis.AchievementControllerGetApi@7d286fb6]" name="GetListofAchievements" class="com.ripplestreet.AllGetApis.AchievementControllerGetApi"/>
        <method signature="AchievementControllerGetApi.getAchivements()[pri:60, instance:com.ripplestreet.AllGetApis.AchievementControllerGetApi@7d286fb6]" name="getAchivements" class="com.ripplestreet.AllGetApis.AchievementControllerGetApi"/>
        <method signature="AchievementControllerGetApi.GetListofAchievementsforTriggerId()[pri:61, instance:com.ripplestreet.AllGetApis.AchievementControllerGetApi@7d286fb6]" name="GetListofAchievementsforTriggerId" class="com.ripplestreet.AllGetApis.AchievementControllerGetApi"/>
        <method signature="AchievementProgramControllerGetApi.GetListofAchievementPrograms()[pri:62, instance:com.ripplestreet.AllGetApis.AchievementProgramControllerGetApi@41294f8]" name="GetListofAchievementPrograms" class="com.ripplestreet.AllGetApis.AchievementProgramControllerGetApi"/>
        <method signature="AchievementProgramControllerGetApi.GetListOfAchievementProgramsforAchievementId()[pri:63, instance:com.ripplestreet.AllGetApis.AchievementProgramControllerGetApi@41294f8]" name="GetListOfAchievementProgramsforAchievementId" class="com.ripplestreet.AllGetApis.AchievementProgramControllerGetApi"/>
        <method signature="AchievementProgramControllerGetApi.GetAchievementProgram()[pri:64, instance:com.ripplestreet.AllGetApis.AchievementProgramControllerGetApi@41294f8]" name="GetAchievementProgram" class="com.ripplestreet.AllGetApis.AchievementProgramControllerGetApi"/>
        <method signature="BenefitControllerGetApi.GetListofBenefit()[pri:65, instance:com.ripplestreet.AllGetApis.BenefitControllerGetApi@332729ad]" name="GetListofBenefit" class="com.ripplestreet.AllGetApis.BenefitControllerGetApi"/>
        <method signature="UserAchievementControllerGetApi.getUserAchivmentsDetails()[pri:66, instance:com.ripplestreet.AllGetApis.UserAchievementControllerGetApi@4196c360]" name="getUserAchivmentsDetails" class="com.ripplestreet.AllGetApis.UserAchievementControllerGetApi"/>
        <method signature="UserAchievementControllerGetApi.getUserProgramsDetailes()[pri:67, instance:com.ripplestreet.AllGetApis.UserAchievementControllerGetApi@4196c360]" name="getUserProgramsDetailes" class="com.ripplestreet.AllGetApis.UserAchievementControllerGetApi"/>
      </group> <!-- benefits-platform -->
      <group name="event-campaign-manager">
        <method signature="AgencyControllerGetApi.findAllAgencies()[pri:141, instance:com.ripplestreet.AllGetApis.AgencyControllerGetApi@573906eb]" name="findAllAgencies" class="com.ripplestreet.AllGetApis.AgencyControllerGetApi"/>
        <method signature="AgencyControllerGetApi.getAgencyById()[pri:142, instance:com.ripplestreet.AllGetApis.AgencyControllerGetApi@573906eb]" name="getAgencyById" class="com.ripplestreet.AllGetApis.AgencyControllerGetApi"/>
        <method signature="AssetControllerGetApi.getAssetById()[pri:143, instance:com.ripplestreet.AllGetApis.AssetControllerGetApi@479ceda0]" name="getAssetById" class="com.ripplestreet.AllGetApis.AssetControllerGetApi"/>
        <method signature="CampaignControllerGetApi.findCampaignById()[pri:144, instance:com.ripplestreet.AllGetApis.CampaignControllerGetApi@2ce6c6ec]" name="findCampaignById" class="com.ripplestreet.AllGetApis.CampaignControllerGetApi"/>
        <method signature="CampaignControllerGetApi.findAllCampaingn()[pri:145, instance:com.ripplestreet.AllGetApis.CampaignControllerGetApi@2ce6c6ec]" name="findAllCampaingn" class="com.ripplestreet.AllGetApis.CampaignControllerGetApi"/>
        <method signature="ConfigurationController.getAllconfigs()[pri:146, instance:com.ripplestreet.AllGetApis.ConfigurationController@13d4992d]" name="getAllconfigs" class="com.ripplestreet.AllGetApis.ConfigurationController"/>
        <method signature="CreativeControllerGetApi.findHeroPlaylistById()[pri:147, instance:com.ripplestreet.AllGetApis.CreativeControllerGetApi@5082d622]" name="findHeroPlaylistById" class="com.ripplestreet.AllGetApis.CreativeControllerGetApi"/>
        <method signature="CreativeControllerGetApi.findAllHeroPlaylistByModelId()[pri:148, instance:com.ripplestreet.AllGetApis.CreativeControllerGetApi@5082d622]" name="findAllHeroPlaylistByModelId" class="com.ripplestreet.AllGetApis.CreativeControllerGetApi"/>
        <method signature="CreativeControllerGetApi.getBannerByEventIdandId()[pri:149, instance:com.ripplestreet.AllGetApis.CreativeControllerGetApi@5082d622]" name="getBannerByEventIdandId" class="com.ripplestreet.AllGetApis.CreativeControllerGetApi"/>
        <method signature="CreativeControllerGetApi.getFavorByEventIdAndId()[pri:150, instance:com.ripplestreet.AllGetApis.CreativeControllerGetApi@5082d622]" name="getFavorByEventIdAndId" class="com.ripplestreet.AllGetApis.CreativeControllerGetApi"/>
        <method signature="CreativeControllerGetApi.finAllBannerByEventId()[pri:151, instance:com.ripplestreet.AllGetApis.CreativeControllerGetApi@5082d622]" name="finAllBannerByEventId" class="com.ripplestreet.AllGetApis.CreativeControllerGetApi"/>
        <method signature="CreativeControllerGetApi.FinfAllfavousByEventId()[pri:152, instance:com.ripplestreet.AllGetApis.CreativeControllerGetApi@5082d622]" name="FinfAllfavousByEventId" class="com.ripplestreet.AllGetApis.CreativeControllerGetApi"/>
        <method signature="CreativeControllerGetApi.FindHeroplaylistitemById()[pri:153, instance:com.ripplestreet.AllGetApis.CreativeControllerGetApi@5082d622]" name="FindHeroplaylistitemById" class="com.ripplestreet.AllGetApis.CreativeControllerGetApi"/>
        <method signature="CreativeControllerGetApi.findAllHeroPlaylistItemsByPlayListId()[pri:154, instance:com.ripplestreet.AllGetApis.CreativeControllerGetApi@5082d622]" name="findAllHeroPlaylistItemsByPlayListId" class="com.ripplestreet.AllGetApis.CreativeControllerGetApi"/>
        <method signature="DraftEventControllerGetApi.getListOfEventsBycampaignId()[pri:155, instance:com.ripplestreet.AllGetApis.DraftEventControllerGetApi@7b8b43c7]" name="getListOfEventsBycampaignId" class="com.ripplestreet.AllGetApis.DraftEventControllerGetApi"/>
        <method signature="DraftEventControllerGetApi.getDraftEventByEventId()[pri:156, instance:com.ripplestreet.AllGetApis.DraftEventControllerGetApi@7b8b43c7]" name="getDraftEventByEventId" class="com.ripplestreet.AllGetApis.DraftEventControllerGetApi"/>
        <method signature="EventDetailControllerGetApi.getBasicEventDetailByEventID()[pri:157, instance:com.ripplestreet.AllGetApis.EventDetailControllerGetApi@488d1cd7]" name="getBasicEventDetailByEventID" class="com.ripplestreet.AllGetApis.EventDetailControllerGetApi"/>
        <method signature="EventDetailControllerGetApi.findAllmileStonesByEvent()[pri:158, instance:com.ripplestreet.AllGetApis.EventDetailControllerGetApi@488d1cd7]" name="findAllmileStonesByEvent" class="com.ripplestreet.AllGetApis.EventDetailControllerGetApi"/>
        <method signature="EventDetailControllerGetApi.findMileStoneById()[pri:159, instance:com.ripplestreet.AllGetApis.EventDetailControllerGetApi@488d1cd7]" name="findMileStoneById" class="com.ripplestreet.AllGetApis.EventDetailControllerGetApi"/>
        <method signature="EventDetailControllerGetApi.getListoftargetsByEventId()[pri:160, instance:com.ripplestreet.AllGetApis.EventDetailControllerGetApi@488d1cd7]" name="getListoftargetsByEventId" class="com.ripplestreet.AllGetApis.EventDetailControllerGetApi"/>
        <method signature="EventDetailControllerGetApi.findAllMilestonesTypeByEventtypes()[pri:161, instance:com.ripplestreet.AllGetApis.EventDetailControllerGetApi@488d1cd7]" name="findAllMilestonesTypeByEventtypes" class="com.ripplestreet.AllGetApis.EventDetailControllerGetApi"/>
        <method signature="FAQcontrollerGetApi.getFAQbyEventId()[pri:163, instance:com.ripplestreet.AllGetApis.FAQcontrollerGetApi@53251a66]" name="getFAQbyEventId" class="com.ripplestreet.AllGetApis.FAQcontrollerGetApi"/>
        <method signature="FAQcontrollerGetApi.getFAQById()[pri:164, instance:com.ripplestreet.AllGetApis.FAQcontrollerGetApi@53251a66]" name="getFAQById" class="com.ripplestreet.AllGetApis.FAQcontrollerGetApi"/>
        <method signature="FAQcontrollerGetApi.GetFAQDetailByEventIdforCommunity()[pri:165, instance:com.ripplestreet.AllGetApis.FAQcontrollerGetApi@53251a66]" name="GetFAQDetailByEventIdforCommunity" class="com.ripplestreet.AllGetApis.FAQcontrollerGetApi"/>
        <method signature="FAQcontrollerGetApi.getlistofFaqTopicbyFaqId()[pri:166, instance:com.ripplestreet.AllGetApis.FAQcontrollerGetApi@53251a66]" name="getlistofFaqTopicbyFaqId" class="com.ripplestreet.AllGetApis.FAQcontrollerGetApi"/>
        <method signature="EventTemplateControllerGetApi.findAllEventTemplate()[pri:167, instance:com.ripplestreet.AllGetApis.EventTemplateControllerGetApi@176b75f7]" name="findAllEventTemplate" class="com.ripplestreet.AllGetApis.EventTemplateControllerGetApi"/>
        <method signature="FAQcontrollerGetApi.FAQTopicByID()[pri:167, instance:com.ripplestreet.AllGetApis.FAQcontrollerGetApi@53251a66]" name="FAQTopicByID" class="com.ripplestreet.AllGetApis.FAQcontrollerGetApi"/>
        <method signature="FAQcontrollerGetApi.GetlistofFaqTopicItemsbyFaqTopicId()[pri:168, instance:com.ripplestreet.AllGetApis.FAQcontrollerGetApi@53251a66]" name="GetlistofFaqTopicItemsbyFaqTopicId" class="com.ripplestreet.AllGetApis.FAQcontrollerGetApi"/>
        <method signature="FAQcontrollerGetApi.getFAQTopicitemsById()[pri:169, instance:com.ripplestreet.AllGetApis.FAQcontrollerGetApi@53251a66]" name="getFAQTopicitemsById" class="com.ripplestreet.AllGetApis.FAQcontrollerGetApi"/>
        <method signature="LegalControllerGetApi.getLegalDesclaimer()[pri:170, instance:com.ripplestreet.AllGetApis.LegalControllerGetApi@73a8da0f]" name="getLegalDesclaimer" class="com.ripplestreet.AllGetApis.LegalControllerGetApi"/>
        <method signature="MarketingGoalsControllerGetApi.getMarketingGoalsForEvent()[pri:171, instance:com.ripplestreet.AllGetApis.MarketingGoalsControllerGetApi@1bae316d]" name="getMarketingGoalsForEvent" class="com.ripplestreet.AllGetApis.MarketingGoalsControllerGetApi"/>
        <method signature="ProductControllerGetApi.getListOfProdutsByEventID()[pri:172, instance:com.ripplestreet.AllGetApis.ProductControllerGetApi@7fcf2fc1]" name="getListOfProdutsByEventID" class="com.ripplestreet.AllGetApis.ProductControllerGetApi"/>
        <method signature="ProductControllerGetApi.getProductsById()[pri:173, instance:com.ripplestreet.AllGetApis.ProductControllerGetApi@7fcf2fc1]" name="getProductsById" class="com.ripplestreet.AllGetApis.ProductControllerGetApi"/>
        <method signature="RoleControllerGetApi.getLlistOfPeopleByRoleID()[pri:174, instance:com.ripplestreet.AllGetApis.RoleControllerGetApi@21129f1f]" name="getLlistOfPeopleByRoleID" class="com.ripplestreet.AllGetApis.RoleControllerGetApi"/>
        <method signature="RoleControllerGetApi.getListOfRoles()[pri:175, instance:com.ripplestreet.AllGetApis.RoleControllerGetApi@21129f1f]" name="getListOfRoles" class="com.ripplestreet.AllGetApis.RoleControllerGetApi"/>
        <method signature="SponserControllerGetApi.findSponsorById()[pri:176, instance:com.ripplestreet.AllGetApis.SponserControllerGetApi@3eb77ea8]" name="findSponsorById" class="com.ripplestreet.AllGetApis.SponserControllerGetApi"/>
        <method signature="SponserControllerGetApi.getAllSponsors()[pri:177, instance:com.ripplestreet.AllGetApis.SponserControllerGetApi@3eb77ea8]" name="getAllSponsors" class="com.ripplestreet.AllGetApis.SponserControllerGetApi"/>
        <method signature="SponserControllerGetApi.findAllsponsorAssetsbysponsorId()[pri:178, instance:com.ripplestreet.AllGetApis.SponserControllerGetApi@3eb77ea8]" name="findAllsponsorAssetsbysponsorId" class="com.ripplestreet.AllGetApis.SponserControllerGetApi"/>
        <method signature="SurveyControllerGetApi.getSurveyStatusByEventIdAndPid()[pri:179, instance:com.ripplestreet.AllGetApis.SurveyControllerGetApi@6853425f]" name="getSurveyStatusByEventIdAndPid" class="com.ripplestreet.AllGetApis.SurveyControllerGetApi"/>
        <method signature="SurveyControllerGetApi.getAllLinksByEventId()[pri:180, instance:com.ripplestreet.AllGetApis.SurveyControllerGetApi@6853425f]" name="getAllLinksByEventId" class="com.ripplestreet.AllGetApis.SurveyControllerGetApi"/>
        <method signature="SurveyControllerGetApi.getSurveyListByEventIdAndPid()[pri:181, instance:com.ripplestreet.AllGetApis.SurveyControllerGetApi@6853425f]" name="getSurveyListByEventIdAndPid" class="com.ripplestreet.AllGetApis.SurveyControllerGetApi"/>
        <method signature="TargetsControllerGetApi.getAlltargets()[pri:182, instance:com.ripplestreet.AllGetApis.TargetsControllerGetApi@71e693fa]" name="getAlltargets" class="com.ripplestreet.AllGetApis.TargetsControllerGetApi"/>
        <method signature="TrackableLinkcontrollerGetApi.findAllLinksForAnEvent()[pri:183, instance:com.ripplestreet.AllGetApis.TrackableLinkcontrollerGetApi@14f9390f]" name="findAllLinksForAnEvent" class="com.ripplestreet.AllGetApis.TrackableLinkcontrollerGetApi"/>
        <method signature="TrackableLinkcontrollerGetApi.getLinkById()[pri:184, instance:com.ripplestreet.AllGetApis.TrackableLinkcontrollerGetApi@14f9390f]" name="getLinkById" class="com.ripplestreet.AllGetApis.TrackableLinkcontrollerGetApi"/>
        <method signature="WorkFlowTemplateControllerGetApi.getEventWorkflowTemplateByEventId()[pri:185, instance:com.ripplestreet.AllGetApis.WorkFlowTemplateControllerGetApi@6676f6a0]" name="getEventWorkflowTemplateByEventId" class="com.ripplestreet.AllGetApis.WorkFlowTemplateControllerGetApi"/>
        <method signature="WorkFlowTemplateControllerGetApi.getListOfWorkFlowTemplates()[pri:186, instance:com.ripplestreet.AllGetApis.WorkFlowTemplateControllerGetApi@6676f6a0]" name="getListOfWorkFlowTemplates" class="com.ripplestreet.AllGetApis.WorkFlowTemplateControllerGetApi"/>
        <method signature="WorkFlowTemplateControllerGetApi.getStepFunctionByArn()[pri:187, instance:com.ripplestreet.AllGetApis.WorkFlowTemplateControllerGetApi@6676f6a0]" name="getStepFunctionByArn" class="com.ripplestreet.AllGetApis.WorkFlowTemplateControllerGetApi"/>
      </group> <!-- event-campaign-manager -->
      <group name="community-service">
        <method signature="UserStatusControllerGetApi.GetUserStatusActionByEventIdAndPersonId()[pri:0, instance:com.ripplestreet.AllGetApis.UserStatusControllerGetApi@225129c]" name="GetUserStatusActionByEventIdAndPersonId" class="com.ripplestreet.AllGetApis.UserStatusControllerGetApi"/>
        <method signature="webMvcLinkshandlerGetApi.links()[pri:0, instance:com.ripplestreet.AllGetApis.webMvcLinkshandlerGetApi@6bf08014]" name="links" class="com.ripplestreet.AllGetApis.webMvcLinkshandlerGetApi"/>
        <method signature="ApplicationControllerGetApi.getAllApplications()[pri:19, instance:com.ripplestreet.AllGetApis.ApplicationControllerGetApi@3370f42]" name="getAllApplications" class="com.ripplestreet.AllGetApis.ApplicationControllerGetApi"/>
        <method signature="AudienceControllerGetApi.getParticipantsWithApplicationsForEvent()[pri:20, instance:com.ripplestreet.AllGetApis.AudienceControllerGetApi@4f6f416f]" name="getParticipantsWithApplicationsForEvent" class="com.ripplestreet.AllGetApis.AudienceControllerGetApi"/>
        <method signature="AudiencePromotionControllerGetApi.getListOfAudiencePromotionJobsByEventId()[pri:21, instance:com.ripplestreet.AllGetApis.AudiencePromotionControllerGetApi@48793bef]" name="getListOfAudiencePromotionJobsByEventId" class="com.ripplestreet.AllGetApis.AudiencePromotionControllerGetApi"/>
        <method signature="AudiencePromotionControllerGetApi.getListOfInviteOnlyUsersByEventId()[pri:22, instance:com.ripplestreet.AllGetApis.AudiencePromotionControllerGetApi@48793bef]" name="getListOfInviteOnlyUsersByEventId" class="com.ripplestreet.AllGetApis.AudiencePromotionControllerGetApi"/>
        <method signature="CommunityControllerGetApi.getAllAddressEntriesByPersonId()[pri:23, instance:com.ripplestreet.AllGetApis.CommunityControllerGetApi@2141a12]" name="getAllAddressEntriesByPersonId" class="com.ripplestreet.AllGetApis.CommunityControllerGetApi"/>
        <method signature="CommunityControllerGetApi.getAllEventsByUserAndParticipantType()[pri:24, instance:com.ripplestreet.AllGetApis.CommunityControllerGetApi@2141a12]" name="getAllEventsByUserAndParticipantType" class="com.ripplestreet.AllGetApis.CommunityControllerGetApi"/>
        <method signature="CommunityControllerGetApi.getAllUsersByEventAndParticipantType()[pri:25, instance:com.ripplestreet.AllGetApis.CommunityControllerGetApi@2141a12]" name="getAllUsersByEventAndParticipantType" class="com.ripplestreet.AllGetApis.CommunityControllerGetApi"/>
        <method signature="CommunityControllerGetApi.GettingDetailOfHeadHostByPersonId()[pri:26, instance:com.ripplestreet.AllGetApis.CommunityControllerGetApi@2141a12]" name="GettingDetailOfHeadHostByPersonId" class="com.ripplestreet.AllGetApis.CommunityControllerGetApi"/>
        <method signature="CommunityControllerGetApi.getUserEventParticipationBit()[pri:27, instance:com.ripplestreet.AllGetApis.CommunityControllerGetApi@2141a12]" name="getUserEventParticipationBit" class="com.ripplestreet.AllGetApis.CommunityControllerGetApi"/>
        <method signature="CommunityControllerGetApi.getUserListByFilters()[pri:28, instance:com.ripplestreet.AllGetApis.CommunityControllerGetApi@2141a12]" name="getUserListByFilters" class="com.ripplestreet.AllGetApis.CommunityControllerGetApi"/>
        <method signature="CommunityControllerGetApi.getUserParticipationBits()[pri:29, instance:com.ripplestreet.AllGetApis.CommunityControllerGetApi@2141a12]" name="getUserParticipationBits" class="com.ripplestreet.AllGetApis.CommunityControllerGetApi"/>
        <method signature="CommunityControllerGetApi.getUserProfile()[pri:30, instance:com.ripplestreet.AllGetApis.CommunityControllerGetApi@2141a12]" name="getUserProfile" class="com.ripplestreet.AllGetApis.CommunityControllerGetApi"/>
        <method signature="CommunityControllerGetApi.getUserDetails()[pri:31, instance:com.ripplestreet.AllGetApis.CommunityControllerGetApi@2141a12]" name="getUserDetails" class="com.ripplestreet.AllGetApis.CommunityControllerGetApi"/>
        <method signature="EnrollmentControllerGetApi.EnrollmentList()[pri:32, instance:com.ripplestreet.AllGetApis.EnrollmentControllerGetApi@6c0d7c83]" name="EnrollmentList" class="com.ripplestreet.AllGetApis.EnrollmentControllerGetApi"/>
        <method signature="EnrollmentControllerGetApi.GetUserEnrollments()[pri:33, instance:com.ripplestreet.AllGetApis.EnrollmentControllerGetApi@6c0d7c83]" name="GetUserEnrollments" class="com.ripplestreet.AllGetApis.EnrollmentControllerGetApi"/>
        <method signature="IntrestesControllerGetApi.Allcategorieslist()[pri:34, instance:com.ripplestreet.AllGetApis.IntrestesControllerGetApi@1672fe87]" name="Allcategorieslist" class="com.ripplestreet.AllGetApis.IntrestesControllerGetApi"/>
        <method signature="IntrestesControllerGetApi.getUserInterestByPersonId()[pri:35, instance:com.ripplestreet.AllGetApis.IntrestesControllerGetApi@1672fe87]" name="getUserInterestByPersonId" class="com.ripplestreet.AllGetApis.IntrestesControllerGetApi"/>
        <method signature="MobileCommunityControllerGetApi.getAllEventsByUserAndParticipantTypeApplicant()[pri:36, instance:com.ripplestreet.AllGetApis.MobileCommunityControllerGetApi@732d0d24]" name="getAllEventsByUserAndParticipantTypeApplicant" class="com.ripplestreet.AllGetApis.MobileCommunityControllerGetApi"/>
        <method signature="MobileCommunityControllerGetApi.getActiveEventsDetailForUser()[pri:37, instance:com.ripplestreet.AllGetApis.MobileCommunityControllerGetApi@732d0d24]" name="getActiveEventsDetailForUser" class="com.ripplestreet.AllGetApis.MobileCommunityControllerGetApi"/>
        <method signature="OptinInflightActivationControllerGetApi.getListOfAllocationTransientRecordByEventId()[pri:38, instance:com.ripplestreet.AllGetApis.OptinInflightActivationControllerGetApi@18e36d14]" name="getListOfAllocationTransientRecordByEventId" class="com.ripplestreet.AllGetApis.OptinInflightActivationControllerGetApi"/>
        <method signature="OptinInflightActivationControllerGetApi.getAllocationTransientRecordByEventIdAndPersonId()[pri:39, instance:com.ripplestreet.AllGetApis.OptinInflightActivationControllerGetApi@18e36d14]" name="getAllocationTransientRecordByEventIdAndPersonId" class="com.ripplestreet.AllGetApis.OptinInflightActivationControllerGetApi"/>
        <method signature="PartyControllerGetApi.getlistofparties()[pri:40, instance:com.ripplestreet.AllGetApis.PartyControllerGetApi@4278284b]" name="getlistofparties" class="com.ripplestreet.AllGetApis.PartyControllerGetApi"/>
        <method signature="ReservationControllerGetApi.GetUserStatusCountbyEventId()[pri:41, instance:com.ripplestreet.AllGetApis.ReservationControllerGetApi@7cbd9d24]" name="GetUserStatusCountbyEventId" class="com.ripplestreet.AllGetApis.ReservationControllerGetApi"/>
        <method signature="userFamilyControllerGetApi.getUserChildern()[pri:42, instance:com.ripplestreet.AllGetApis.userFamilyControllerGetApi@60b4beb4]" name="getUserChildern" class="com.ripplestreet.AllGetApis.userFamilyControllerGetApi"/>
        <method signature="userFamilyControllerGetApi.getAllPetTypes()[pri:43, instance:com.ripplestreet.AllGetApis.userFamilyControllerGetApi@60b4beb4]" name="getAllPetTypes" class="com.ripplestreet.AllGetApis.userFamilyControllerGetApi"/>
        <method signature="userFamilyControllerGetApi.getAllPetsForUser()[pri:44, instance:com.ripplestreet.AllGetApis.userFamilyControllerGetApi@60b4beb4]" name="getAllPetsForUser" class="com.ripplestreet.AllGetApis.userFamilyControllerGetApi"/>
        <method signature="UserStatusControllerGetApi.GetUserAndEventDataByEventIdandPersonId()[pri:45, instance:com.ripplestreet.AllGetApis.UserStatusControllerGetApi@225129c]" name="GetUserAndEventDataByEventIdandPersonId" class="com.ripplestreet.AllGetApis.UserStatusControllerGetApi"/>
      </group> <!-- community-service -->
      <group name="segmentation">
        <method signature="AudienceSearchControllerGetApi.searchableFields()[pri:76, instance:com.ripplestreet.AllGetApis.AudienceSearchControllerGetApi@10f7f7de]" name="searchableFields" class="com.ripplestreet.AllGetApis.AudienceSearchControllerGetApi"/>
        <method signature="SegmentationDataControllerGetApi.FindIfUserExistInGivenSegment()[pri:77, instance:com.ripplestreet.AllGetApis.SegmentationDataControllerGetApi@282cb7c7]" name="FindIfUserExistInGivenSegment" class="com.ripplestreet.AllGetApis.SegmentationDataControllerGetApi"/>
        <method signature="SegmentationDataControllerGetApi.GetSegmentIdBySegmentName()[pri:78, instance:com.ripplestreet.AllGetApis.SegmentationDataControllerGetApi@282cb7c7]" name="GetSegmentIdBySegmentName" class="com.ripplestreet.AllGetApis.SegmentationDataControllerGetApi"/>
        <method signature="SegmentationDataControllerGetApi.GetSegmentsOfaUser()[pri:79, instance:com.ripplestreet.AllGetApis.SegmentationDataControllerGetApi@282cb7c7]" name="GetSegmentsOfaUser" class="com.ripplestreet.AllGetApis.SegmentationDataControllerGetApi"/>
        <method signature="SegmentationDataControllerGetApi.GetUsersOfaSegment()[pri:80, instance:com.ripplestreet.AllGetApis.SegmentationDataControllerGetApi@282cb7c7]" name="GetUsersOfaSegment" class="com.ripplestreet.AllGetApis.SegmentationDataControllerGetApi"/>
        <method signature="SegmentationDataControllerGetApi.GetUserDetailsOfaSegment()[pri:81, instance:com.ripplestreet.AllGetApis.SegmentationDataControllerGetApi@282cb7c7]" name="GetUserDetailsOfaSegment" class="com.ripplestreet.AllGetApis.SegmentationDataControllerGetApi"/>
        <method signature="SegmentationDefinitionControllerVersion2.getGetSegmentDefinitionByFolderIdAndSegmentId()[pri:82, instance:com.ripplestreet.AllGetApis.SegmentationDefinitionControllerVersion2@352c1b98]" name="getGetSegmentDefinitionByFolderIdAndSegmentId" class="com.ripplestreet.AllGetApis.SegmentationDefinitionControllerVersion2"/>
        <method signature="SegmentationDefinitionControllerVersion2.getAllSegments()[pri:83, instance:com.ripplestreet.AllGetApis.SegmentationDefinitionControllerVersion2@352c1b98]" name="getAllSegments" class="com.ripplestreet.AllGetApis.SegmentationDefinitionControllerVersion2"/>
        <method signature="SegmentationDefinitionControllerVersion2.getSegmentDefinitionById()[pri:84, instance:com.ripplestreet.AllGetApis.SegmentationDefinitionControllerVersion2@352c1b98]" name="getSegmentDefinitionById" class="com.ripplestreet.AllGetApis.SegmentationDefinitionControllerVersion2"/>
        <method signature="SegmentationFolderControllerGetApi.getAllSegmentFolder()[pri:85, instance:com.ripplestreet.AllGetApis.SegmentationFolderControllerGetApi@5e3d57c7]" name="getAllSegmentFolder" class="com.ripplestreet.AllGetApis.SegmentationFolderControllerGetApi"/>
        <method signature="SegmentationFolderControllerGetApi.GetSegmentFolderFromCampaignSegment()[pri:86, instance:com.ripplestreet.AllGetApis.SegmentationFolderControllerGetApi@5e3d57c7]" name="GetSegmentFolderFromCampaignSegment" class="com.ripplestreet.AllGetApis.SegmentationFolderControllerGetApi"/>
        <method signature="SegmentationJobsControllerGetApi.getAllSegmentJobsForSegmentId()[pri:87, instance:com.ripplestreet.AllGetApis.SegmentationJobsControllerGetApi@6057aebb]" name="getAllSegmentJobsForSegmentId" class="com.ripplestreet.AllGetApis.SegmentationJobsControllerGetApi"/>
        <method signature="TriggerControllerGetApi.GetAllTriggers()[pri:88, instance:com.ripplestreet.AllGetApis.TriggerControllerGetApi@7aaca91a]" name="GetAllTriggers" class="com.ripplestreet.AllGetApis.TriggerControllerGetApi"/>
        <method signature="TriggerControllerGetApi.getTriggerInfoByTableNameAndOperation()[pri:90, instance:com.ripplestreet.AllGetApis.TriggerControllerGetApi@7aaca91a]" name="getTriggerInfoByTableNameAndOperation" class="com.ripplestreet.AllGetApis.TriggerControllerGetApi"/>
        <method signature="TriggerControllerGetApi.getTriggerDefinition()[pri:189, instance:com.ripplestreet.AllGetApis.TriggerControllerGetApi@7aaca91a]" name="getTriggerDefinition" class="com.ripplestreet.AllGetApis.TriggerControllerGetApi"/>
      </group> <!-- segmentation -->
      <group name="event">
        <method signature="EventControllerGetApi.getAllEvents()[pri:0, instance:com.ripplestreet.AllGetApis.EventControllerGetApi@63eef88a]" name="getAllEvents" class="com.ripplestreet.AllGetApis.EventControllerGetApi"/>
        <method signature="EventControllerGetApi.getAllSpotLightEventDetail()[pri:0, instance:com.ripplestreet.AllGetApis.EventControllerGetApi@63eef88a]" name="getAllSpotLightEventDetail" class="com.ripplestreet.AllGetApis.EventControllerGetApi"/>
        <method signature="EventControllerGetApi.getAllCurrentMileStoneByEvent()[pri:1, instance:com.ripplestreet.AllGetApis.EventControllerGetApi@63eef88a]" name="getAllCurrentMileStoneByEvent" class="com.ripplestreet.AllGetApis.EventControllerGetApi"/>
        <method signature="EventControllerGetApi.getAllMileStonesByEvent()[pri:3, instance:com.ripplestreet.AllGetApis.EventControllerGetApi@63eef88a]" name="getAllMileStonesByEvent" class="com.ripplestreet.AllGetApis.EventControllerGetApi"/>
        <method signature="EventControllerGetApi.getAllProductByEvents()[pri:4, instance:com.ripplestreet.AllGetApis.EventControllerGetApi@63eef88a]" name="getAllProductByEvents" class="com.ripplestreet.AllGetApis.EventControllerGetApi"/>
        <method signature="EventControllerGetApi.getAllServices()[pri:5, instance:com.ripplestreet.AllGetApis.EventControllerGetApi@63eef88a]" name="getAllServices" class="com.ripplestreet.AllGetApis.EventControllerGetApi"/>
        <method signature="EventControllerGetApi.getAllSubscriptionsByEvent()[pri:6, instance:com.ripplestreet.AllGetApis.EventControllerGetApi@63eef88a]" name="getAllSubscriptionsByEvent" class="com.ripplestreet.AllGetApis.EventControllerGetApi"/>
        <method signature="EventControllerGetApi.getAllSubscriptionsByServiceName()[pri:7, instance:com.ripplestreet.AllGetApis.EventControllerGetApi@63eef88a]" name="getAllSubscriptionsByServiceName" class="com.ripplestreet.AllGetApis.EventControllerGetApi"/>
        <method signature="EventControllerGetApi.getEventById()[pri:8, instance:com.ripplestreet.AllGetApis.EventControllerGetApi@63eef88a]" name="getEventById" class="com.ripplestreet.AllGetApis.EventControllerGetApi"/>
        <method signature="EventControllerGetApi.getEventDetailBySlug()[pri:9, instance:com.ripplestreet.AllGetApis.EventControllerGetApi@63eef88a]" name="getEventDetailBySlug" class="com.ripplestreet.AllGetApis.EventControllerGetApi"/>
        <method signature="EventControllerGetApi.getProductDetailEventIdAndProductId()[pri:10, instance:com.ripplestreet.AllGetApis.EventControllerGetApi@63eef88a]" name="getProductDetailEventIdAndProductId" class="com.ripplestreet.AllGetApis.EventControllerGetApi"/>
        <method signature="EventControllerGetApi.getpackAndApplicationCountByEventId()[pri:11, instance:com.ripplestreet.AllGetApis.EventControllerGetApi@63eef88a]" name="getpackAndApplicationCountByEventId" class="com.ripplestreet.AllGetApis.EventControllerGetApi"/>
        <method signature="EventControllerGetApi.getByEventName()[pri:12, instance:com.ripplestreet.AllGetApis.EventControllerGetApi@63eef88a]" name="getByEventName" class="com.ripplestreet.AllGetApis.EventControllerGetApi"/>
        <method signature="EventControllerGetApi.getCurrentMileStonesByEvent()[pri:13, instance:com.ripplestreet.AllGetApis.EventControllerGetApi@63eef88a]" name="getCurrentMileStonesByEvent" class="com.ripplestreet.AllGetApis.EventControllerGetApi"/>
        <method signature="EventControllerGetApi.getEventDetailForWorkFlow()[pri:14, instance:com.ripplestreet.AllGetApis.EventControllerGetApi@63eef88a]" name="getEventDetailForWorkFlow" class="com.ripplestreet.AllGetApis.EventControllerGetApi"/>
        <method signature="EventFeedControllerGetApi.getFeedInfoById()[pri:14, instance:com.ripplestreet.AllGetApis.EventFeedControllerGetApi@3e74829]" name="getFeedInfoById" class="com.ripplestreet.AllGetApis.EventFeedControllerGetApi"/>
        <method signature="EventFeedControllerGetApi.getCommentFeedByEventId()[pri:15, instance:com.ripplestreet.AllGetApis.EventFeedControllerGetApi@3e74829]" name="getCommentFeedByEventId" class="com.ripplestreet.AllGetApis.EventFeedControllerGetApi"/>
        <method signature="EventFeedControllerGetApi.getAllFeedsForEvent()[pri:16, instance:com.ripplestreet.AllGetApis.EventFeedControllerGetApi@3e74829]" name="getAllFeedsForEvent" class="com.ripplestreet.AllGetApis.EventFeedControllerGetApi"/>
        <method signature="EventFeedControllerGetApi.getPhotoFeedByEventId()[pri:17, instance:com.ripplestreet.AllGetApis.EventFeedControllerGetApi@3e74829]" name="getPhotoFeedByEventId" class="com.ripplestreet.AllGetApis.EventFeedControllerGetApi"/>
        <method signature="EventFeedControllerGetApi.getReviewFeedByEventId()[pri:18, instance:com.ripplestreet.AllGetApis.EventFeedControllerGetApi@3e74829]" name="getReviewFeedByEventId" class="com.ripplestreet.AllGetApis.EventFeedControllerGetApi"/>
        <method signature="DiscussionControllerGetApi.getDiscussionListByFilters()[pri:55, instance:com.ripplestreet.AllGetApis.DiscussionControllerGetApi@5a5338df]" name="getDiscussionListByFilters" class="com.ripplestreet.AllGetApis.DiscussionControllerGetApi"/>
        <method signature="DiscussionControllerGetApi.getDiscussion()[pri:56, instance:com.ripplestreet.AllGetApis.DiscussionControllerGetApi@5a5338df]" name="getDiscussion" class="com.ripplestreet.AllGetApis.DiscussionControllerGetApi"/>
        <method signature="EventControllerGetApi.getFilteredEvents()[pri:189, instance:com.ripplestreet.AllGetApis.EventControllerGetApi@63eef88a]" name="getFilteredEvents" class="com.ripplestreet.AllGetApis.EventControllerGetApi"/>
        <method signature="EventControllerGetApi.getEventMileStoneByIdAndDate()[pri:190, instance:com.ripplestreet.AllGetApis.EventControllerGetApi@63eef88a]" name="getEventMileStoneByIdAndDate" class="com.ripplestreet.AllGetApis.EventControllerGetApi"/>
      </group> <!-- event -->
      <group name="reward-service">
        <method signature="OptInsControllerGetApi.getListOptInByEventId()[pri:0, instance:com.ripplestreet.AllGetApis.OptInsControllerGetApi@20435c40]" name="getListOptInByEventId" class="com.ripplestreet.AllGetApis.OptInsControllerGetApi"/>
        <method signature="RewardAllocationcontrollerGetApi.getRewardAllocations()[pri:0, instance:com.ripplestreet.AllGetApis.RewardAllocationcontrollerGetApi@5a9f4771]" name="getRewardAllocations" class="com.ripplestreet.AllGetApis.RewardAllocationcontrollerGetApi"/>
        <method signature="OptInsControllerGetApi.GetRewardCountByEventIdAndPreferenceforPerson()[pri:105, instance:com.ripplestreet.AllGetApis.OptInsControllerGetApi@20435c40]" name="GetRewardCountByEventIdAndPreferenceforPerson" class="com.ripplestreet.AllGetApis.OptInsControllerGetApi"/>
        <method signature="OptInsControllerGetApi.getOptInById()[pri:106, instance:com.ripplestreet.AllGetApis.OptInsControllerGetApi@20435c40]" name="getOptInById" class="com.ripplestreet.AllGetApis.OptInsControllerGetApi"/>
        <method signature="RewardAllocationcontrollerGetApi.getRewardAllocation()[pri:108, instance:com.ripplestreet.AllGetApis.RewardAllocationcontrollerGetApi@5a9f4771]" name="getRewardAllocation" class="com.ripplestreet.AllGetApis.RewardAllocationcontrollerGetApi"/>
        <method signature="RewardCatalogControllerGetAPi.getAllRewardCatalogItems()[pri:110, instance:com.ripplestreet.AllGetApis.RewardCatalogControllerGetAPi@4416d64f]" name="getAllRewardCatalogItems" class="com.ripplestreet.AllGetApis.RewardCatalogControllerGetAPi"/>
        <method signature="RewardControllerGetApi.getRewardByName()[pri:111, instance:com.ripplestreet.AllGetApis.RewardControllerGetApi@302f7971]" name="getRewardByName" class="com.ripplestreet.AllGetApis.RewardControllerGetApi"/>
        <method signature="RewardControllerGetApi.getReward()[pri:112, instance:com.ripplestreet.AllGetApis.RewardControllerGetApi@302f7971]" name="getReward" class="com.ripplestreet.AllGetApis.RewardControllerGetApi"/>
        <method signature="RewardControllerGetApi.getAllReward()[pri:113, instance:com.ripplestreet.AllGetApis.RewardControllerGetApi@302f7971]" name="getAllReward" class="com.ripplestreet.AllGetApis.RewardControllerGetApi"/>
        <method signature="RewardControllerGetApi.searchItems()[pri:114, instance:com.ripplestreet.AllGetApis.RewardControllerGetApi@302f7971]" name="searchItems" class="com.ripplestreet.AllGetApis.RewardControllerGetApi"/>
        <method signature="RewardControllerGetApi.getRewardSummaryByEventId()[pri:115, instance:com.ripplestreet.AllGetApis.RewardControllerGetApi@302f7971]" name="getRewardSummaryByEventId" class="com.ripplestreet.AllGetApis.RewardControllerGetApi"/>
        <method signature="RewardControllerGetApi.getRewardCount()[pri:116, instance:com.ripplestreet.AllGetApis.RewardControllerGetApi@302f7971]" name="getRewardCount" class="com.ripplestreet.AllGetApis.RewardControllerGetApi"/>
        <method signature="RewardDeliveryControllerGetApi.getDeliverySystemAttributeValue()[pri:117, instance:com.ripplestreet.AllGetApis.RewardDeliveryControllerGetApi@5026735c]" name="getDeliverySystemAttributeValue" class="com.ripplestreet.AllGetApis.RewardDeliveryControllerGetApi"/>
        <method signature="RewardDeliveryControllerGetApi.getRewardDeleveries()[pri:118, instance:com.ripplestreet.AllGetApis.RewardDeliveryControllerGetApi@5026735c]" name="getRewardDeleveries" class="com.ripplestreet.AllGetApis.RewardDeliveryControllerGetApi"/>
        <method signature="RewardDeliveryControllerGetApi.getRewardDeleverie()[pri:119, instance:com.ripplestreet.AllGetApis.RewardDeliveryControllerGetApi@5026735c]" name="getRewardDeleverie" class="com.ripplestreet.AllGetApis.RewardDeliveryControllerGetApi"/>
        <method signature="RewardDeliveryControllerGetApi.getAllRewardDeliveriesByPersonId()[pri:120, instance:com.ripplestreet.AllGetApis.RewardDeliveryControllerGetApi@5026735c]" name="getAllRewardDeliveriesByPersonId" class="com.ripplestreet.AllGetApis.RewardDeliveryControllerGetApi"/>
        <method signature="RewardsItemsControllerGetApi.getRewarditems()[pri:121, instance:com.ripplestreet.AllGetApis.RewardsItemsControllerGetApi@3b8f0a79]" name="getRewarditems" class="com.ripplestreet.AllGetApis.RewardsItemsControllerGetApi"/>
        <method signature="RewardPreferencesControllerGetApi.getRewardPreferences()[pri:122, instance:com.ripplestreet.AllGetApis.RewardPreferencesControllerGetApi@6cb6decd]" name="getRewardPreferences" class="com.ripplestreet.AllGetApis.RewardPreferencesControllerGetApi"/>
        <method signature="SwagControllerGetApi.getSwag()[pri:123, instance:com.ripplestreet.AllGetApis.SwagControllerGetApi@258d79be]" name="getSwag" class="com.ripplestreet.AllGetApis.SwagControllerGetApi"/>
        <method signature="SwagControllerGetApi.getSwagList()[pri:124, instance:com.ripplestreet.AllGetApis.SwagControllerGetApi@258d79be]" name="getSwagList" class="com.ripplestreet.AllGetApis.SwagControllerGetApi"/>
        <method signature="TremendouesControllerGetApi.getTremendousCampaigns()[pri:125, instance:com.ripplestreet.AllGetApis.TremendouesControllerGetApi@418c5a9c]" name="getTremendousCampaigns" class="com.ripplestreet.AllGetApis.TremendouesControllerGetApi"/>
        <method signature="TremendouesControllerGetApi.getTremendousFundingSources()[pri:126, instance:com.ripplestreet.AllGetApis.TremendouesControllerGetApi@418c5a9c]" name="getTremendousFundingSources" class="com.ripplestreet.AllGetApis.TremendouesControllerGetApi"/>
      </group> <!-- reward-service -->
    </groups>
    <test started-at="2023-08-18T15:24:38 IST" name="Test" finished-at="2023-08-18T15:30:29 IST" duration-ms="350725">
      <class name="com.ripplestreet.AllGetApis.TrackableLinkcontrollerGetApi">
        <test-method signature="findAllLinksForAnEvent()[pri:183, instance:com.ripplestreet.AllGetApis.TrackableLinkcontrollerGetApi@14f9390f]" started-at="2023-08-18T15:28:04 IST" name="findAllLinksForAnEvent" finished-at="2023-08-18T15:28:06 IST" duration-ms="1399" status="PASS">
          <reporter-output>
          </reporter-output>
        </test-method> <!-- findAllLinksForAnEvent -->
        <test-method is-config="true" signature="BaseURI()[pri:0, instance:com.ripplestreet.AllGetApis.TrackableLinkcontrollerGetApi@14f9390f]" started-at="2023-08-18T15:28:04 IST" name="BaseURI" finished-at="2023-08-18T15:28:04 IST" duration-ms="0" status="PASS">
          <reporter-output>
          </reporter-output>
        </test-method> <!-- BaseURI -->
        <test-method is-config="true" signature="StatusCode()[pri:0, instance:com.ripplestreet.AllGetApis.TrackableLinkcontrollerGetApi@14f9390f]" started-at="2023-08-18T15:28:06 IST" name="StatusCode" finished-at="2023-08-18T15:28:06 IST" duration-ms="107" status="PASS">
          <reporter-output>
          </reporter-output>
        </test-method> <!-- StatusCode -->
        <test-method signature="getLinkById()[pri:184, instance:com.ripplestreet.AllGetApis.TrackableLinkcontrollerGetApi@14f9390f]" started-at="2023-08-18T15:28:06 IST" name="getLinkById" finished-at="2023-08-18T15:28:07 IST" duration-ms="1530" status="PASS">
          <reporter-output>
          </reporter-output>
        </test-method> <!-- getLinkById -->
        <test-method is-config="true" signature="BaseURI()[pri:0, instance:com.ripplestreet.AllGetApis.TrackableLinkcontrollerGetApi@14f9390f]" started-at="2023-08-18T15:28:06 IST" name="BaseURI" finished-at="2023-08-18T15:28:06 IST" duration-ms="0" status="PASS">
          <reporter-output>
          </reporter-output>
        </test-method> <!-- BaseURI -->
        <test-method is-config="true" signature="StatusCode()[pri:0, instance:com.ripplestreet.AllGetApis.TrackableLinkcontrollerGetApi@14f9390f]" started-at="2023-08-18T15:28:07 IST" name="StatusCode" finished-at="2023-08-18T15:28:07 IST" duration-ms="101" status="PASS">
          <reporter-output>
          </reporter-output>
        </test-method> <!-- StatusCode -->
      </class> <!-- com.ripplestreet.AllGetApis.TrackableLinkcontrollerGetApi -->
      <class name="com.ripplestreet.AllGetApis.AgencyControllerGetApi">
        <test-method is-config="true" signature="BaseURI()[pri:0, instance:com.ripplestreet.AllGetApis.AgencyControllerGetApi@573906eb]" started-at="2023-08-18T15:29:48 IST" name="BaseURI" finished-at="2023-08-18T15:29:48 IST" duration-ms="1" status="PASS">
          <reporter-output>
          </reporter-output>
        </test-method> <!-- BaseURI -->
        <test-method signature="findAllAgencies()[pri:141, instance:com.ripplestreet.AllGetApis.AgencyControllerGetApi@573906eb]" started-at="2023-08-18T15:29:48 IST" name="findAllAgencies" finished-at="2023-08-18T15:29:49 IST" duration-ms="1837" status="PASS">
          <reporter-output>
          </reporter-output>
        </test-method> <!-- findAllAgencies -->
        <test-method is-config="true" signature="StatusCode()[pri:0, instance:com.ripplestreet.AllGetApis.AgencyControllerGetApi@573906eb]" started-at="2023-08-18T15:29:49 IST" name="StatusCode" finished-at="2023-08-18T15:29:50 IST" duration-ms="124" status="PASS">
          <reporter-output>
          </reporter-output>
        </test-method> <!-- StatusCode -->
        <test-method is-config="true" signature="BaseURI()[pri:0, instance:com.ripplestreet.AllGetApis.AgencyControllerGetApi@573906eb]" started-at="2023-08-18T15:29:50 IST" name="BaseURI" finished-at="2023-08-18T15:29:50 IST" duration-ms="1" status="PASS">
          <reporter-output>
          </reporter-output>
        </test-method> <!-- BaseURI -->
        <test-method signature="getAgencyById()[pri:142, instance:com.ripplestreet.AllGetApis.AgencyControllerGetApi@573906eb]" started-at="2023-08-18T15:29:50 IST" name="getAgencyById" finished-at="2023-08-18T15:29:51 IST" duration-ms="1716" status="PASS">
          <reporter-output>
          </reporter-output>
        </test-method> <!-- getAgencyById -->
        <test-method is-config="true" signature="StatusCode()[pri:0, instance:com.ripplestreet.AllGetApis.AgencyControllerGetApi@573906eb]" started-at="2023-08-18T15:29:51 IST" name="StatusCode" finished-at="2023-08-18T15:29:51 IST" duration-ms="102" status="PASS">
          <reporter-output>
          </reporter-output>
        </test-method> <!-- StatusCode -->
      </class> <!-- com.ripplestreet.AllGetApis.AgencyControllerGetApi -->
      <class name="com.ripplestreet.AllGetApis.MobileAppEventControllerGetApi">
        <test-method signature="discovermobileEvents()[pri:0, instance:com.ripplestreet.AllGetApis.MobileAppEventControllerGetApi@409c54f]" started-at="2023-08-18T15:28:15 IST" name="discovermobileEvents" finished-at="2023-08-18T15:28:17 IST" duration-ms="1591" status="PASS">
          <reporter-output>
          </reporter-output>
        </test-method> <!-- discovermobileEvents -->
        <test-method is-config="true" signature="BaseURI()[pri:0, instance:com.ripplestreet.AllGetApis.MobileAppEventControllerGetApi@409c54f]" started-at="2023-08-18T15:28:15 IST" name="BaseURI" finished-at="2023-08-18T15:28:15 IST" duration-ms="0" status="PASS">
          <reporter-output>
          </reporter-output>
        </test-method> <!-- BaseURI -->
        <test-method is-config="true" signature="StatusCode()[pri:0, instance:com.ripplestreet.AllGetApis.MobileAppEventControllerGetApi@409c54f]" started-at="2023-08-18T15:28:17 IST" name="StatusCode" finished-at="2023-08-18T15:28:17 IST" duration-ms="127" status="PASS">
          <reporter-output>
          </reporter-output>
        </test-method> <!-- StatusCode -->
      </class> <!-- com.ripplestreet.AllGetApis.MobileAppEventControllerGetApi -->
      <class name="com.ripplestreet.AllGetApis.CommonServiceFeedControllerGeApi">
        <test-method signature="getAllFeedsForEvents()[pri:98, instance:com.ripplestreet.AllGetApis.CommonServiceFeedControllerGeApi@48d61b48]" started-at="2023-08-18T15:27:56 IST" name="getAllFeedsForEvents" finished-at="2023-08-18T15:27:57 IST" duration-ms="1529" status="PASS">
          <reporter-output>
          </reporter-output>
        </test-method> <!-- getAllFeedsForEvents -->
        <test-method is-config="true" signature="BaseURI()[pri:0, instance:com.ripplestreet.AllGetApis.CommonServiceFeedControllerGeApi@48d61b48]" started-at="2023-08-18T15:27:56 IST" name="BaseURI" finished-at="2023-08-18T15:27:56 IST" duration-ms="0" status="PASS">
          <reporter-output>
          </reporter-output>
        </test-method> <!-- BaseURI -->
        <test-method is-config="true" signature="StatusCode()[pri:0, instance:com.ripplestreet.AllGetApis.CommonServiceFeedControllerGeApi@48d61b48]" started-at="2023-08-18T15:27:57 IST" name="StatusCode" finished-at="2023-08-18T15:27:58 IST" duration-ms="130" status="PASS">
          <reporter-output>
          </reporter-output>
        </test-method> <!-- StatusCode -->
      </class> <!-- com.ripplestreet.AllGetApis.CommonServiceFeedControllerGeApi -->
      <class name="com.ripplestreet.AllGetApis.EventFeedControllerGetApi">
        <test-method signature="getFeedInfoById()[pri:14, instance:com.ripplestreet.AllGetApis.EventFeedControllerGetApi@3e74829]" started-at="2023-08-18T15:28:17 IST" name="getFeedInfoById" finished-at="2023-08-18T15:28:19 IST" duration-ms="1510" status="PASS">
          <reporter-output>
          </reporter-output>
        </test-method> <!-- getFeedInfoById -->
        <test-method is-config="true" signature="BaseURI()[pri:0, instance:com.ripplestreet.AllGetApis.EventFeedControllerGetApi@3e74829]" started-at="2023-08-18T15:28:17 IST" name="BaseURI" finished-at="2023-08-18T15:28:17 IST" duration-ms="0" status="PASS">
          <reporter-output>
          </reporter-output>
        </test-method> <!-- BaseURI -->
        <test-method is-config="true" signature="StatusCode()[pri:0, instance:com.ripplestreet.AllGetApis.EventFeedControllerGetApi@3e74829]" started-at="2023-08-18T15:28:19 IST" name="StatusCode" finished-at="2023-08-18T15:28:19 IST" duration-ms="117" status="PASS">
          <reporter-output>
          </reporter-output>
        </test-method> <!-- StatusCode -->
        <test-method signature="getCommentFeedByEventId()[pri:15, instance:com.ripplestreet.AllGetApis.EventFeedControllerGetApi@3e74829]" started-at="2023-08-18T15:28:19 IST" name="getCommentFeedByEventId" finished-at="2023-08-18T15:28:20 IST" duration-ms="1417" status="PASS">
          <reporter-output>
          </reporter-output>
        </test-method> <!-- getCommentFeedByEventId -->
        <test-method is-config="true" signature="BaseURI()[pri:0, instance:com.ripplestreet.AllGetApis.EventFeedControllerGetApi@3e74829]" started-at="2023-08-18T15:28:19 IST" name="BaseURI" finished-at="2023-08-18T15:28:19 IST" duration-ms="0" status="PASS">
          <reporter-output>
          </reporter-output>
        </test-method> <!-- BaseURI -->
        <test-method is-config="true" signature="StatusCode()[pri:0, instance:com.ripplestreet.AllGetApis.EventFeedControllerGetApi@3e74829]" started-at="2023-08-18T15:28:20 IST" name="StatusCode" finished-at="2023-08-18T15:28:20 IST" duration-ms="98" status="PASS">
          <reporter-output>
          </reporter-output>
        </test-method> <!-- StatusCode -->
        <test-method signature="getAllFeedsForEvent()[pri:16, instance:com.ripplestreet.AllGetApis.EventFeedControllerGetApi@3e74829]" started-at="2023-08-18T15:28:20 IST" name="getAllFeedsForEvent" finished-at="2023-08-18T15:28:22 IST" duration-ms="1544" status="PASS">
          <reporter-output>
          </reporter-output>
        </test-method> <!-- getAllFeedsForEvent -->
        <test-method is-config="true" signature="BaseURI()[pri:0, instance:com.ripplestreet.AllGetApis.EventFeedControllerGetApi@3e74829]" started-at="2023-08-18T15:28:20 IST" name="BaseURI" finished-at="2023-08-18T15:28:20 IST" duration-ms="0" status="PASS">
          <reporter-output>
          </reporter-output>
        </test-method> <!-- BaseURI -->
        <test-method is-config="true" signature="StatusCode()[pri:0, instance:com.ripplestreet.AllGetApis.EventFeedControllerGetApi@3e74829]" started-at="2023-08-18T15:28:22 IST" name="StatusCode" finished-at="2023-08-18T15:28:22 IST" duration-ms="101" status="PASS">
          <reporter-output>
          </reporter-output>
        </test-method> <!-- StatusCode -->
        <test-method signature="getPhotoFeedByEventId()[pri:17, instance:com.ripplestreet.AllGetApis.EventFeedControllerGetApi@3e74829]" started-at="2023-08-18T15:28:22 IST" name="getPhotoFeedByEventId" finished-at="2023-08-18T15:28:23 IST" duration-ms="1531" status="PASS">
          <reporter-output>
          </reporter-output>
        </test-method> <!-- getPhotoFeedByEventId -->
        <test-method is-config="true" signature="BaseURI()[pri:0, instance:com.ripplestreet.AllGetApis.EventFeedControllerGetApi@3e74829]" started-at="2023-08-18T15:28:22 IST" name="BaseURI" finished-at="2023-08-18T15:28:22 IST" duration-ms="0" status="PASS">
          <reporter-output>
          </reporter-output>
        </test-method> <!-- BaseURI -->
        <test-method is-config="true" signature="StatusCode()[pri:0, instance:com.ripplestreet.AllGetApis.EventFeedControllerGetApi@3e74829]" started-at="2023-08-18T15:28:23 IST" name="StatusCode" finished-at="2023-08-18T15:28:24 IST" duration-ms="134" status="PASS">
          <reporter-output>
          </reporter-output>
        </test-method> <!-- StatusCode -->
        <test-method is-config="true" signature="BaseURI()[pri:0, instance:com.ripplestreet.AllGetApis.EventFeedControllerGetApi@3e74829]" started-at="2023-08-18T15:28:24 IST" name="BaseURI" finished-at="2023-08-18T15:28:24 IST" duration-ms="1" status="PASS">
          <reporter-output>
          </reporter-output>
        </test-method> <!-- BaseURI -->
        <test-method signature="getReviewFeedByEventId()[pri:18, instance:com.ripplestreet.AllGetApis.EventFeedControllerGetApi@3e74829]" started-at="2023-08-18T15:28:24 IST" name="getReviewFeedByEventId" finished-at="2023-08-18T15:28:25 IST" duration-ms="1502" status="PASS">
          <reporter-output>
          </reporter-output>
        </test-method> <!-- getReviewFeedByEventId -->
        <test-method is-config="true" signature="StatusCode()[pri:0, instance:com.ripplestreet.AllGetApis.EventFeedControllerGetApi@3e74829]" started-at="2023-08-18T15:28:25 IST" name="StatusCode" finished-at="2023-08-18T15:28:25 IST" duration-ms="121" status="PASS">
          <reporter-output>
          </reporter-output>
        </test-method> <!-- StatusCode -->
      </class> <!-- com.ripplestreet.AllGetApis.EventFeedControllerGetApi -->
      <class name="com.ripplestreet.AllGetApis.EventTemplateControllerGetApi">
        <test-method signature="findAllEventTemplate()[pri:167, instance:com.ripplestreet.AllGetApis.EventTemplateControllerGetApi@176b75f7]" started-at="2023-08-18T15:28:10 IST" name="findAllEventTemplate" finished-at="2023-08-18T15:28:12 IST" duration-ms="1451" status="PASS">
          <reporter-output>
          </reporter-output>
        </test-method> <!-- findAllEventTemplate -->
        <test-method is-config="true" signature="BaseURI()[pri:0, instance:com.ripplestreet.AllGetApis.EventTemplateControllerGetApi@176b75f7]" started-at="2023-08-18T15:28:10 IST" name="BaseURI" finished-at="2023-08-18T15:28:10 IST" duration-ms="0" status="PASS">
          <reporter-output>
          </reporter-output>
        </test-method> <!-- BaseURI -->
        <test-method is-config="true" signature="StatusCode()[pri:0, instance:com.ripplestreet.AllGetApis.EventTemplateControllerGetApi@176b75f7]" started-at="2023-08-18T15:28:12 IST" name="StatusCode" finished-at="2023-08-18T15:28:12 IST" duration-ms="76" status="PASS">
          <reporter-output>
          </reporter-output>
        </test-method> <!-- StatusCode -->
      </class> <!-- com.ripplestreet.AllGetApis.EventTemplateControllerGetApi -->
      <class name="com.ripplestreet.AllGetApis.AudiencePromotionControllerGetApi">
        <test-method signature="getListOfAudiencePromotionJobsByEventId()[pri:21, instance:com.ripplestreet.AllGetApis.AudiencePromotionControllerGetApi@48793bef]" started-at="2023-08-18T15:28:30 IST" name="getListOfAudiencePromotionJobsByEventId" finished-at="2023-08-18T15:28:32 IST" duration-ms="1488" status="PASS">
          <reporter-output>
          </reporter-output>
        </test-method> <!-- getListOfAudiencePromotionJobsByEventId -->
        <test-method is-config="true" signature="BaseURI()[pri:0, instance:com.ripplestreet.AllGetApis.AudiencePromotionControllerGetApi@48793bef]" started-at="2023-08-18T15:28:30 IST" name="BaseURI" finished-at="2023-08-18T15:28:30 IST" duration-ms="0" status="PASS">
          <reporter-output>
          </reporter-output>
        </test-method> <!-- BaseURI -->
        <test-method is-config="true" signature="StatusCode()[pri:0, instance:com.ripplestreet.AllGetApis.AudiencePromotionControllerGetApi@48793bef]" started-at="2023-08-18T15:28:32 IST" name="StatusCode" finished-at="2023-08-18T15:28:32 IST" duration-ms="112" status="PASS">
          <reporter-output>
          </reporter-output>
        </test-method> <!-- StatusCode -->
        <test-method signature="getListOfInviteOnlyUsersByEventId()[pri:22, instance:com.ripplestreet.AllGetApis.AudiencePromotionControllerGetApi@48793bef]" started-at="2023-08-18T15:28:32 IST" name="getListOfInviteOnlyUsersByEventId" finished-at="2023-08-18T15:28:33 IST" duration-ms="1525" status="PASS">
          <reporter-output>
          </reporter-output>
        </test-method> <!-- getListOfInviteOnlyUsersByEventId -->
        <test-method is-config="true" signature="BaseURI()[pri:0, instance:com.ripplestreet.AllGetApis.AudiencePromotionControllerGetApi@48793bef]" started-at="2023-08-18T15:28:32 IST" name="BaseURI" finished-at="2023-08-18T15:28:32 IST" duration-ms="0" status="PASS">
          <reporter-output>
          </reporter-output>
        </test-method> <!-- BaseURI -->
        <test-method is-config="true" signature="StatusCode()[pri:0, instance:com.ripplestreet.AllGetApis.AudiencePromotionControllerGetApi@48793bef]" started-at="2023-08-18T15:28:33 IST" name="StatusCode" finished-at="2023-08-18T15:28:33 IST" duration-ms="133" status="PASS">
          <reporter-output>
          </reporter-output>
        </test-method> <!-- StatusCode -->
      </class> <!-- com.ripplestreet.AllGetApis.AudiencePromotionControllerGetApi -->
      <class name="com.ripplestreet.AllGetApis.jobControllerGetApi">
        <test-method signature="getAllJobByTypeAndId()[pri:99, instance:com.ripplestreet.AllGetApis.jobControllerGetApi@5965be2d]" started-at="2023-08-18T15:28:12 IST" name="getAllJobByTypeAndId" finished-at="2023-08-18T15:28:14 IST" duration-ms="1560" status="PASS">
          <reporter-output>
          </reporter-output>
        </test-method> <!-- getAllJobByTypeAndId -->
        <test-method is-config="true" signature="BaseURI()[pri:0, instance:com.ripplestreet.AllGetApis.jobControllerGetApi@5965be2d]" started-at="2023-08-18T15:28:12 IST" name="BaseURI" finished-at="2023-08-18T15:28:12 IST" duration-ms="0" status="PASS">
          <reporter-output>
          </reporter-output>
        </test-method> <!-- BaseURI -->
        <test-method is-config="true" signature="StatusCode()[pri:0, instance:com.ripplestreet.AllGetApis.jobControllerGetApi@5965be2d]" started-at="2023-08-18T15:28:14 IST" name="StatusCode" finished-at="2023-08-18T15:28:14 IST" duration-ms="82" status="PASS">
          <reporter-output>
          </reporter-output>
        </test-method> <!-- StatusCode -->
        <test-method signature="getAllListOfJobsBySourcetype()[pri:100, instance:com.ripplestreet.AllGetApis.jobControllerGetApi@5965be2d]" started-at="2023-08-18T15:28:14 IST" name="getAllListOfJobsBySourcetype" finished-at="2023-08-18T15:28:15 IST" duration-ms="1555" status="PASS">
          <reporter-output>
          </reporter-output>
        </test-method> <!-- getAllListOfJobsBySourcetype -->
        <test-method is-config="true" signature="BaseURI()[pri:0, instance:com.ripplestreet.AllGetApis.jobControllerGetApi@5965be2d]" started-at="2023-08-18T15:28:14 IST" name="BaseURI" finished-at="2023-08-18T15:28:14 IST" duration-ms="0" status="PASS">
          <reporter-output>
          </reporter-output>
        </test-method> <!-- BaseURI -->
        <test-method is-config="true" signature="StatusCode()[pri:0, instance:com.ripplestreet.AllGetApis.jobControllerGetApi@5965be2d]" started-at="2023-08-18T15:28:15 IST" name="StatusCode" finished-at="2023-08-18T15:28:15 IST" duration-ms="148" status="PASS">
          <reporter-output>
          </reporter-output>
        </test-method> <!-- StatusCode -->
      </class> <!-- com.ripplestreet.AllGetApis.jobControllerGetApi -->
      <class name="com.ripplestreet.AllGetApis.ActivityGroupControllerGetApi">
        <test-method signature="GetListofActivityGroups()[pri:70, instance:com.ripplestreet.AllGetApis.ActivityGroupControllerGetApi@6d07a63d]" started-at="2023-08-18T15:29:53 IST" name="GetListofActivityGroups" finished-at="2023-08-18T15:29:55 IST" duration-ms="1849" status="PASS">
          <reporter-output>
          </reporter-output>
        </test-method> <!-- GetListofActivityGroups -->
        <test-method is-config="true" signature="BaseURI()[pri:0, instance:com.ripplestreet.AllGetApis.ActivityGroupControllerGetApi@6d07a63d]" started-at="2023-08-18T15:29:53 IST" name="BaseURI" finished-at="2023-08-18T15:29:53 IST" duration-ms="0" status="PASS">
          <reporter-output>
          </reporter-output>
        </test-method> <!-- BaseURI -->
        <test-method is-config="true" signature="StatusCode()[pri:0, instance:com.ripplestreet.AllGetApis.ActivityGroupControllerGetApi@6d07a63d]" started-at="2023-08-18T15:29:55 IST" name="StatusCode" finished-at="2023-08-18T15:30:11 IST" duration-ms="16286" status="FAIL">
          <exception class="java.lang.IllegalArgumentException">
            <message>
              <![CDATA[The maximum length of cell contents (text) is 32767 characters]]>
            </message>
            <full-stacktrace>
              <![CDATA[java.lang.IllegalArgumentException: The maximum length of cell contents (text) is 32767 characters
at org.apache.poi.ss.usermodel.CellBase.checkLength(CellBase.java:292)
at org.apache.poi.ss.usermodel.CellBase.setCellValue(CellBase.java:273)
at com.ripplestreet.genricUtilities.genricUtilities.StatusCode(genricUtilities.java:282)
at jdk.internal.reflect.GeneratedMethodAccessor111.invoke(Unknown Source)
at java.base/jdk.internal.reflect.DelegatingMethodAccessorImpl.invoke(DelegatingMethodAccessorImpl.java:43)
at java.base/java.lang.reflect.Method.invoke(Method.java:568)
at org.testng.internal.invokers.MethodInvocationHelper.invokeMethod(MethodInvocationHelper.java:139)
at org.testng.internal.invokers.MethodInvocationHelper.invokeMethodConsideringTimeout(MethodInvocationHelper.java:69)
at org.testng.internal.invokers.ConfigInvoker.invokeConfigurationMethod(ConfigInvoker.java:390)
at org.testng.internal.invokers.ConfigInvoker.invokeConfigurations(ConfigInvoker.java:325)
at org.testng.internal.invokers.TestInvoker.runConfigMethods(TestInvoker.java:810)
at org.testng.internal.invokers.TestInvoker.runAfterConfigurations(TestInvoker.java:779)
at org.testng.internal.invokers.TestInvoker.invokeMethod(TestInvoker.java:755)
at org.testng.internal.invokers.TestInvoker.invokeTestMethod(TestInvoker.java:227)
at org.testng.internal.invokers.MethodRunner.runInSequence(MethodRunner.java:50)
at org.testng.internal.invokers.TestInvoker$MethodInvocationAgent.invoke(TestInvoker.java:957)
at org.testng.internal.invokers.TestInvoker.invokeTestMethods(TestInvoker.java:200)
at org.testng.internal.invokers.TestMethodWorker.invokeTestMethods(TestMethodWorker.java:148)
at org.testng.internal.invokers.TestMethodWorker.run(TestMethodWorker.java:128)
at java.base/java.util.ArrayList.forEach(ArrayList.java:1511)
at org.testng.TestRunner.privateRun(TestRunner.java:848)
at org.testng.TestRunner.run(TestRunner.java:621)
at org.testng.SuiteRunner.runTest(SuiteRunner.java:443)
at org.testng.SuiteRunner.runSequentially(SuiteRunner.java:437)
at org.testng.SuiteRunner.privateRun(SuiteRunner.java:397)
at org.testng.SuiteRunner.run(SuiteRunner.java:336)
at org.testng.SuiteRunnerWorker.runSuite(SuiteRunnerWorker.java:52)
at org.testng.SuiteRunnerWorker.run(SuiteRunnerWorker.java:95)
at org.testng.TestNG.runSuitesSequentially(TestNG.java:1280)
at org.testng.TestNG.runSuitesLocally(TestNG.java:1200)
at org.testng.TestNG.runSuites(TestNG.java:1114)
at org.testng.TestNG.run(TestNG.java:1082)
at org.testng.remote.AbstractRemoteTestNG.run(AbstractRemoteTestNG.java:115)
at org.testng.remote.RemoteTestNG.initAndRun(RemoteTestNG.java:251)
at org.testng.remote.RemoteTestNG.main(RemoteTestNG.java:77)
]]>
            </full-stacktrace>
          </exception> <!-- java.lang.IllegalArgumentException -->
          <reporter-output>
          </reporter-output>
        </test-method> <!-- StatusCode -->
        <test-method signature="GetActivityGroupsByyEventId()[pri:71, instance:com.ripplestreet.AllGetApis.ActivityGroupControllerGetApi@6d07a63d]" started-at="2023-08-18T15:30:11 IST" name="GetActivityGroupsByyEventId" finished-at="2023-08-18T15:30:11 IST" duration-ms="0" status="SKIP">
          <exception class="java.lang.IllegalArgumentException">
            <message>
              <![CDATA[The maximum length of cell contents (text) is 32767 characters]]>
            </message>
            <full-stacktrace>
              <![CDATA[java.lang.IllegalArgumentException: The maximum length of cell contents (text) is 32767 characters
at org.apache.poi.ss.usermodel.CellBase.checkLength(CellBase.java:292)
at org.apache.poi.ss.usermodel.CellBase.setCellValue(CellBase.java:273)
at com.ripplestreet.genricUtilities.genricUtilities.StatusCode(genricUtilities.java:282)
at jdk.internal.reflect.GeneratedMethodAccessor111.invoke(Unknown Source)
at java.base/jdk.internal.reflect.DelegatingMethodAccessorImpl.invoke(DelegatingMethodAccessorImpl.java:43)
at java.base/java.lang.reflect.Method.invoke(Method.java:568)
at org.testng.internal.invokers.MethodInvocationHelper.invokeMethod(MethodInvocationHelper.java:139)
at org.testng.internal.invokers.MethodInvocationHelper.invokeMethodConsideringTimeout(MethodInvocationHelper.java:69)
at org.testng.internal.invokers.ConfigInvoker.invokeConfigurationMethod(ConfigInvoker.java:390)
at org.testng.internal.invokers.ConfigInvoker.invokeConfigurations(ConfigInvoker.java:325)
at org.testng.internal.invokers.TestInvoker.runConfigMethods(TestInvoker.java:810)
at org.testng.internal.invokers.TestInvoker.runAfterConfigurations(TestInvoker.java:779)
at org.testng.internal.invokers.TestInvoker.invokeMethod(TestInvoker.java:755)
at org.testng.internal.invokers.TestInvoker.invokeTestMethod(TestInvoker.java:227)
at org.testng.internal.invokers.MethodRunner.runInSequence(MethodRunner.java:50)
at org.testng.internal.invokers.TestInvoker$MethodInvocationAgent.invoke(TestInvoker.java:957)
at org.testng.internal.invokers.TestInvoker.invokeTestMethods(TestInvoker.java:200)
at org.testng.internal.invokers.TestMethodWorker.invokeTestMethods(TestMethodWorker.java:148)
at org.testng.internal.invokers.TestMethodWorker.run(TestMethodWorker.java:128)
at java.base/java.util.ArrayList.forEach(ArrayList.java:1511)
at org.testng.TestRunner.privateRun(TestRunner.java:848)
at org.testng.TestRunner.run(TestRunner.java:621)
at org.testng.SuiteRunner.runTest(SuiteRunner.java:443)
at org.testng.SuiteRunner.runSequentially(SuiteRunner.java:437)
at org.testng.SuiteRunner.privateRun(SuiteRunner.java:397)
at org.testng.SuiteRunner.run(SuiteRunner.java:336)
at org.testng.SuiteRunnerWorker.runSuite(SuiteRunnerWorker.java:52)
at org.testng.SuiteRunnerWorker.run(SuiteRunnerWorker.java:95)
at org.testng.TestNG.runSuitesSequentially(TestNG.java:1280)
at org.testng.TestNG.runSuitesLocally(TestNG.java:1200)
at org.testng.TestNG.runSuites(TestNG.java:1114)
at org.testng.TestNG.run(TestNG.java:1082)
at org.testng.remote.AbstractRemoteTestNG.run(AbstractRemoteTestNG.java:115)
at org.testng.remote.RemoteTestNG.initAndRun(RemoteTestNG.java:251)
at org.testng.remote.RemoteTestNG.main(RemoteTestNG.java:77)
]]>
            </full-stacktrace>
          </exception> <!-- java.lang.IllegalArgumentException -->
          <reporter-output>
          </reporter-output>
        </test-method> <!-- GetActivityGroupsByyEventId -->
        <test-method is-config="true" signature="BaseURI()[pri:0, instance:com.ripplestreet.AllGetApis.ActivityGroupControllerGetApi@6d07a63d]" started-at="2023-08-18T15:30:11 IST" name="BaseURI" finished-at="2023-08-18T15:30:11 IST" duration-ms="0" status="SKIP">
          <reporter-output>
          </reporter-output>
        </test-method> <!-- BaseURI -->
        <test-method is-config="true" signature="BaseURI()[pri:0, instance:com.ripplestreet.AllGetApis.ActivityGroupControllerGetApi@6d07a63d]" started-at="2023-08-18T15:30:11 IST" name="BaseURI" finished-at="2023-08-18T15:30:11 IST" duration-ms="0" status="SKIP">
          <reporter-output>
          </reporter-output>
        </test-method> <!-- BaseURI -->
        <test-method is-config="true" signature="StatusCode()[pri:0, instance:com.ripplestreet.AllGetApis.ActivityGroupControllerGetApi@6d07a63d]" started-at="2023-08-18T15:30:11 IST" name="StatusCode" finished-at="2023-08-18T15:30:11 IST" duration-ms="0" status="SKIP">
          <reporter-output>
          </reporter-output>
        </test-method> <!-- StatusCode -->
        <test-method signature="GetActivityGroup()[pri:72, instance:com.ripplestreet.AllGetApis.ActivityGroupControllerGetApi@6d07a63d]" started-at="2023-08-18T15:30:11 IST" name="GetActivityGroup" finished-at="2023-08-18T15:30:11 IST" duration-ms="0" status="SKIP">
          <exception class="java.lang.IllegalArgumentException">
            <message>
              <![CDATA[The maximum length of cell contents (text) is 32767 characters]]>
            </message>
            <full-stacktrace>
              <![CDATA[java.lang.IllegalArgumentException: The maximum length of cell contents (text) is 32767 characters
at org.apache.poi.ss.usermodel.CellBase.checkLength(CellBase.java:292)
at org.apache.poi.ss.usermodel.CellBase.setCellValue(CellBase.java:273)
at com.ripplestreet.genricUtilities.genricUtilities.StatusCode(genricUtilities.java:282)
at jdk.internal.reflect.GeneratedMethodAccessor111.invoke(Unknown Source)
at java.base/jdk.internal.reflect.DelegatingMethodAccessorImpl.invoke(DelegatingMethodAccessorImpl.java:43)
at java.base/java.lang.reflect.Method.invoke(Method.java:568)
at org.testng.internal.invokers.MethodInvocationHelper.invokeMethod(MethodInvocationHelper.java:139)
at org.testng.internal.invokers.MethodInvocationHelper.invokeMethodConsideringTimeout(MethodInvocationHelper.java:69)
at org.testng.internal.invokers.ConfigInvoker.invokeConfigurationMethod(ConfigInvoker.java:390)
at org.testng.internal.invokers.ConfigInvoker.invokeConfigurations(ConfigInvoker.java:325)
[...]
          <reporter-output>
          </reporter-output>
        </test-method> <!-- BaseURI -->
        <test-method is-config="true" signature="StatusCode()[pri:0, instance:com.ripplestreet.AllGetApis.RewardsItemsControllerGetApi@3b8f0a79]" started-at="2023-08-18T15:28:28 IST" name="StatusCode" finished-at="2023-08-18T15:28:28 IST" duration-ms="127" status="PASS">
          <reporter-output>
          </reporter-output>
        </test-method> <!-- StatusCode -->
      </class> <!-- com.ripplestreet.AllGetApis.RewardsItemsControllerGetApi -->
      <class name="com.ripplestreet.AllGetApis.RoleControllerGetApi">
        <test-method signature="getLlistOfPeopleByRoleID()[pri:174, instance:com.ripplestreet.AllGetApis.RoleControllerGetApi@21129f1f]" started-at="2023-08-18T15:27:37 IST" name="getLlistOfPeopleByRoleID" finished-at="2023-08-18T15:27:39 IST" duration-ms="1514" status="PASS">
          <reporter-output>
          </reporter-output>
        </test-method> <!-- getLlistOfPeopleByRoleID -->
        <test-method is-config="true" signature="BaseURI()[pri:0, instance:com.ripplestreet.AllGetApis.RoleControllerGetApi@21129f1f]" started-at="2023-08-18T15:27:37 IST" name="BaseURI" finished-at="2023-08-18T15:27:37 IST" duration-ms="0" status="PASS">
          <reporter-output>
          </reporter-output>
        </test-method> <!-- BaseURI -->
        <test-method is-config="true" signature="StatusCode()[pri:0, instance:com.ripplestreet.AllGetApis.RoleControllerGetApi@21129f1f]" started-at="2023-08-18T15:27:39 IST" name="StatusCode" finished-at="2023-08-18T15:27:39 IST" duration-ms="138" status="PASS">
          <reporter-output>
          </reporter-output>
        </test-method> <!-- StatusCode -->
        <test-method signature="getListOfRoles()[pri:175, instance:com.ripplestreet.AllGetApis.RoleControllerGetApi@21129f1f]" started-at="2023-08-18T15:27:39 IST" name="getListOfRoles" finished-at="2023-08-18T15:27:40 IST" duration-ms="1394" status="PASS">
          <reporter-output>
          </reporter-output>
        </test-method> <!-- getListOfRoles -->
        <test-method is-config="true" signature="BaseURI()[pri:0, instance:com.ripplestreet.AllGetApis.RoleControllerGetApi@21129f1f]" started-at="2023-08-18T15:27:39 IST" name="BaseURI" finished-at="2023-08-18T15:27:39 IST" duration-ms="0" status="PASS">
          <reporter-output>
          </reporter-output>
        </test-method> <!-- BaseURI -->
        <test-method is-config="true" signature="StatusCode()[pri:0, instance:com.ripplestreet.AllGetApis.RoleControllerGetApi@21129f1f]" started-at="2023-08-18T15:27:40 IST" name="StatusCode" finished-at="2023-08-18T15:27:40 IST" duration-ms="110" status="PASS">
          <reporter-output>
          </reporter-output>
        </test-method> <!-- StatusCode -->
      </class> <!-- com.ripplestreet.AllGetApis.RoleControllerGetApi -->
      <class name="com.ripplestreet.AllGetApis.TremendouesControllerGetApi">
        <test-method is-config="true" signature="BaseURI()[pri:0, instance:com.ripplestreet.AllGetApis.TremendouesControllerGetApi@418c5a9c]" started-at="2023-08-18T15:25:45 IST" name="BaseURI" finished-at="2023-08-18T15:25:45 IST" duration-ms="1" status="PASS">
          <reporter-output>
          </reporter-output>
        </test-method> <!-- BaseURI -->
        <test-method signature="getTremendousCampaigns()[pri:125, instance:com.ripplestreet.AllGetApis.TremendouesControllerGetApi@418c5a9c]" started-at="2023-08-18T15:25:45 IST" name="getTremendousCampaigns" finished-at="2023-08-18T15:25:47 IST" duration-ms="1918" status="PASS">
          <reporter-output>
          </reporter-output>
        </test-method> <!-- getTremendousCampaigns -->
        <test-method is-config="true" signature="StatusCode()[pri:0, instance:com.ripplestreet.AllGetApis.TremendouesControllerGetApi@418c5a9c]" started-at="2023-08-18T15:25:47 IST" name="StatusCode" finished-at="2023-08-18T15:25:47 IST" duration-ms="132" status="PASS">
          <reporter-output>
          </reporter-output>
        </test-method> <!-- StatusCode -->
        <test-method signature="getTremendousFundingSources()[pri:126, instance:com.ripplestreet.AllGetApis.TremendouesControllerGetApi@418c5a9c]" started-at="2023-08-18T15:25:47 IST" name="getTremendousFundingSources" finished-at="2023-08-18T15:25:49 IST" duration-ms="1726" status="PASS">
          <reporter-output>
          </reporter-output>
        </test-method> <!-- getTremendousFundingSources -->
        <test-method is-config="true" signature="BaseURI()[pri:0, instance:com.ripplestreet.AllGetApis.TremendouesControllerGetApi@418c5a9c]" started-at="2023-08-18T15:25:47 IST" name="BaseURI" finished-at="2023-08-18T15:25:47 IST" duration-ms="0" status="PASS">
          <reporter-output>
          </reporter-output>
        </test-method> <!-- BaseURI -->
        <test-method is-config="true" signature="StatusCode()[pri:0, instance:com.ripplestreet.AllGetApis.TremendouesControllerGetApi@418c5a9c]" started-at="2023-08-18T15:25:49 IST" name="StatusCode" finished-at="2023-08-18T15:25:49 IST" duration-ms="115" status="PASS">
          <reporter-output>
          </reporter-output>
        </test-method> <!-- StatusCode -->
      </class> <!-- com.ripplestreet.AllGetApis.TremendouesControllerGetApi -->
      <class name="com.ripplestreet.AllGetApis.AudienceSearchControllerGetApi">
        <test-method signature="searchableFields()[pri:76, instance:com.ripplestreet.AllGetApis.AudienceSearchControllerGetApi@10f7f7de]" started-at="2023-08-18T15:25:17 IST" name="searchableFields" finished-at="2023-08-18T15:25:18 IST" duration-ms="1501" status="PASS">
          <reporter-output>
          </reporter-output>
        </test-method> <!-- searchableFields -->
        <test-method is-config="true" signature="BaseURI()[pri:0, instance:com.ripplestreet.AllGetApis.AudienceSearchControllerGetApi@10f7f7de]" started-at="2023-08-18T15:25:17 IST" name="BaseURI" finished-at="2023-08-18T15:25:17 IST" duration-ms="0" status="PASS">
          <reporter-output>
          </reporter-output>
        </test-method> <!-- BaseURI -->
        <test-method is-config="true" signature="StatusCode()[pri:0, instance:com.ripplestreet.AllGetApis.AudienceSearchControllerGetApi@10f7f7de]" started-at="2023-08-18T15:25:18 IST" name="StatusCode" finished-at="2023-08-18T15:25:18 IST" duration-ms="107" status="PASS">
          <reporter-output>
          </reporter-output>
        </test-method> <!-- StatusCode -->
      </class> <!-- com.ripplestreet.AllGetApis.AudienceSearchControllerGetApi -->
      <class name="com.ripplestreet.AllGetApis.CampaignControllerGetApi">
        <test-method is-config="true" signature="BaseURI()[pri:0, instance:com.ripplestreet.AllGetApis.CampaignControllerGetApi@2ce6c6ec]" started-at="2023-08-18T15:24:44 IST" name="BaseURI" finished-at="2023-08-18T15:24:44 IST" duration-ms="1" status="PASS">
          <reporter-output>
          </reporter-output>
        </test-method> <!-- BaseURI -->
        <test-method signature="findCampaignById()[pri:144, instance:com.ripplestreet.AllGetApis.CampaignControllerGetApi@2ce6c6ec]" started-at="2023-08-18T15:24:44 IST" name="findCampaignById" finished-at="2023-08-18T15:24:46 IST" duration-ms="1460" status="PASS">
          <reporter-output>
          </reporter-output>
        </test-method> <!-- findCampaignById -->
        <test-method is-config="true" signature="StatusCode()[pri:0, instance:com.ripplestreet.AllGetApis.CampaignControllerGetApi@2ce6c6ec]" started-at="2023-08-18T15:24:46 IST" name="StatusCode" finished-at="2023-08-18T15:24:46 IST" duration-ms="157" status="PASS">
          <reporter-output>
          </reporter-output>
        </test-method> <!-- StatusCode -->
        <test-method is-config="true" signature="BaseURI()[pri:0, instance:com.ripplestreet.AllGetApis.CampaignControllerGetApi@2ce6c6ec]" started-at="2023-08-18T15:24:46 IST" name="BaseURI" finished-at="2023-08-18T15:24:46 IST" duration-ms="0" status="PASS">
          <reporter-output>
          </reporter-output>
        </test-method> <!-- BaseURI -->
        <test-method signature="findAllCampaingn()[pri:145, instance:com.ripplestreet.AllGetApis.CampaignControllerGetApi@2ce6c6ec]" started-at="2023-08-18T15:24:46 IST" name="findAllCampaingn" finished-at="2023-08-18T15:24:47 IST" duration-ms="1583" status="PASS">
          <reporter-output>
          </reporter-output>
        </test-method> <!-- findAllCampaingn -->
        <test-method is-config="true" signature="StatusCode()[pri:0, instance:com.ripplestreet.AllGetApis.CampaignControllerGetApi@2ce6c6ec]" started-at="2023-08-18T15:24:47 IST" name="StatusCode" finished-at="2023-08-18T15:24:48 IST" duration-ms="191" status="PASS">
          <reporter-output>
          </reporter-output>
        </test-method> <!-- StatusCode -->
      </class> <!-- com.ripplestreet.AllGetApis.CampaignControllerGetApi -->
      <class name="com.ripplestreet.AllGetApis.OptinInflightActivationControllerGetApi">
        <test-method is-config="true" signature="BaseURI()[pri:0, instance:com.ripplestreet.AllGetApis.OptinInflightActivationControllerGetApi@18e36d14]" started-at="2023-08-18T15:25:49 IST" name="BaseURI" finished-at="2023-08-18T15:25:49 IST" duration-ms="1" status="PASS">
          <reporter-output>
          </reporter-output>
        </test-method> <!-- BaseURI -->
        <test-method signature="getListOfAllocationTransientRecordByEventId()[pri:38, instance:com.ripplestreet.AllGetApis.OptinInflightActivationControllerGetApi@18e36d14]" started-at="2023-08-18T15:25:49 IST" name="getListOfAllocationTransientRecordByEventId" finished-at="2023-08-18T15:25:50 IST" duration-ms="1521" status="PASS">
          <reporter-output>
          </reporter-output>
        </test-method> <!-- getListOfAllocationTransientRecordByEventId -->
        <test-method is-config="true" signature="StatusCode()[pri:0, instance:com.ripplestreet.AllGetApis.OptinInflightActivationControllerGetApi@18e36d14]" started-at="2023-08-18T15:25:50 IST" name="StatusCode" finished-at="2023-08-18T15:25:51 IST" duration-ms="130" status="PASS">
          <reporter-output>
          </reporter-output>
        </test-method> <!-- StatusCode -->
        <test-method signature="getAllocationTransientRecordByEventIdAndPersonId()[pri:39, instance:com.ripplestreet.AllGetApis.OptinInflightActivationControllerGetApi@18e36d14]" started-at="2023-08-18T15:25:51 IST" name="getAllocationTransientRecordByEventIdAndPersonId" finished-at="2023-08-18T15:25:52 IST" duration-ms="1510" status="PASS">
          <reporter-output>
          </reporter-output>
        </test-method> <!-- getAllocationTransientRecordByEventIdAndPersonId -->
        <test-method is-config="true" signature="BaseURI()[pri:0, instance:com.ripplestreet.AllGetApis.OptinInflightActivationControllerGetApi@18e36d14]" started-at="2023-08-18T15:25:51 IST" name="BaseURI" finished-at="2023-08-18T15:25:51 IST" duration-ms="0" status="PASS">
          <reporter-output>
          </reporter-output>
        </test-method> <!-- BaseURI -->
        <test-method is-config="true" signature="StatusCode()[pri:0, instance:com.ripplestreet.AllGetApis.OptinInflightActivationControllerGetApi@18e36d14]" started-at="2023-08-18T15:25:52 IST" name="StatusCode" finished-at="2023-08-18T15:25:52 IST" duration-ms="116" status="PASS">
          <reporter-output>
          </reporter-output>
        </test-method> <!-- StatusCode -->
      </class> <!-- com.ripplestreet.AllGetApis.OptinInflightActivationControllerGetApi -->
      <class name="com.ripplestreet.AllGetApis.IntrestesControllerGetApi">
        <test-method signature="Allcategorieslist()[pri:34, instance:com.ripplestreet.AllGetApis.IntrestesControllerGetApi@1672fe87]" started-at="2023-08-18T15:24:58 IST" name="Allcategorieslist" finished-at="2023-08-18T15:24:59 IST" duration-ms="1802" status="PASS">
          <reporter-output>
          </reporter-output>
        </test-method> <!-- Allcategorieslist -->
        <test-method is-config="true" signature="BaseURI()[pri:0, instance:com.ripplestreet.AllGetApis.IntrestesControllerGetApi@1672fe87]" started-at="2023-08-18T15:24:58 IST" name="BaseURI" finished-at="2023-08-18T15:24:58 IST" duration-ms="0" status="PASS">
          <reporter-output>
          </reporter-output>
        </test-method> <!-- BaseURI -->
        <test-method is-config="true" signature="StatusCode()[pri:0, instance:com.ripplestreet.AllGetApis.IntrestesControllerGetApi@1672fe87]" started-at="2023-08-18T15:24:59 IST" name="StatusCode" finished-at="2023-08-18T15:25:00 IST" duration-ms="141" status="PASS">
          <reporter-output>
          </reporter-output>
        </test-method> <!-- StatusCode -->
        <test-method is-config="true" signature="BaseURI()[pri:0, instance:com.ripplestreet.AllGetApis.IntrestesControllerGetApi@1672fe87]" started-at="2023-08-18T15:25:00 IST" name="BaseURI" finished-at="2023-08-18T15:25:00 IST" duration-ms="1" status="PASS">
          <reporter-output>
          </reporter-output>
        </test-method> <!-- BaseURI -->
        <test-method signature="getUserInterestByPersonId()[pri:35, instance:com.ripplestreet.AllGetApis.IntrestesControllerGetApi@1672fe87]" started-at="2023-08-18T15:25:00 IST" name="getUserInterestByPersonId" finished-at="2023-08-18T15:25:01 IST" duration-ms="1499" status="PASS">
          <reporter-output>
          </reporter-output>
        </test-method> <!-- getUserInterestByPersonId -->
        <test-method is-config="true" signature="StatusCode()[pri:0, instance:com.ripplestreet.AllGetApis.IntrestesControllerGetApi@1672fe87]" started-at="2023-08-18T15:25:01 IST" name="StatusCode" finished-at="2023-08-18T15:25:01 IST" duration-ms="146" status="PASS">
          <reporter-output>
          </reporter-output>
        </test-method> <!-- StatusCode -->
      </class> <!-- com.ripplestreet.AllGetApis.IntrestesControllerGetApi -->
      <class name="com.ripplestreet.AllGetApis.SegmentationDataControllerGetApi">
        <test-method signature="FindIfUserExistInGivenSegment()[pri:77, instance:com.ripplestreet.AllGetApis.SegmentationDataControllerGetApi@282cb7c7]" started-at="2023-08-18T15:27:44 IST" name="FindIfUserExistInGivenSegment" finished-at="2023-08-18T15:27:45 IST" duration-ms="1501" status="PASS">
          <reporter-output>
          </reporter-output>
        </test-method> <!-- FindIfUserExistInGivenSegment -->
        <test-method is-config="true" signature="BaseURI()[pri:0, instance:com.ripplestreet.AllGetApis.SegmentationDataControllerGetApi@282cb7c7]" started-at="2023-08-18T15:27:44 IST" name="BaseURI" finished-at="2023-08-18T15:27:44 IST" duration-ms="0" status="PASS">
          <reporter-output>
          </reporter-output>
        </test-method> <!-- BaseURI -->
        <test-method is-config="true" signature="StatusCode()[pri:0, instance:com.ripplestreet.AllGetApis.SegmentationDataControllerGetApi@282cb7c7]" started-at="2023-08-18T15:27:45 IST" name="StatusCode" finished-at="2023-08-18T15:27:45 IST" duration-ms="108" status="PASS">
          <reporter-output>
          </reporter-output>
        </test-method> <!-- StatusCode -->
        <test-method signature="GetSegmentIdBySegmentName()[pri:78, instance:com.ripplestreet.AllGetApis.SegmentationDataControllerGetApi@282cb7c7]" started-at="2023-08-18T15:27:45 IST" name="GetSegmentIdBySegmentName" finished-at="2023-08-18T15:27:47 IST" duration-ms="1631" status="PASS">
          <reporter-output>
          </reporter-output>
        </test-method> <!-- GetSegmentIdBySegmentName -->
        <test-method is-config="true" signature="BaseURI()[pri:0, instance:com.ripplestreet.AllGetApis.SegmentationDataControllerGetApi@282cb7c7]" started-at="2023-08-18T15:27:45 IST" name="BaseURI" finished-at="2023-08-18T15:27:45 IST" duration-ms="0" status="PASS">
          <reporter-output>
          </reporter-output>
        </test-method> <!-- BaseURI -->
        <test-method is-config="true" signature="StatusCode()[pri:0, instance:com.ripplestreet.AllGetApis.SegmentationDataControllerGetApi@282cb7c7]" started-at="2023-08-18T15:27:47 IST" name="StatusCode" finished-at="2023-08-18T15:27:47 IST" duration-ms="135" status="PASS">
          <reporter-output>
          </reporter-output>
        </test-method> <!-- StatusCode -->
        <test-method signature="GetSegmentsOfaUser()[pri:79, instance:com.ripplestreet.AllGetApis.SegmentationDataControllerGetApi@282cb7c7]" started-at="2023-08-18T15:27:47 IST" name="GetSegmentsOfaUser" finished-at="2023-08-18T15:27:49 IST" duration-ms="1504" status="PASS">
          <reporter-output>
          </reporter-output>
        </test-method> <!-- GetSegmentsOfaUser -->
        <test-method is-config="true" signature="BaseURI()[pri:0, instance:com.ripplestreet.AllGetApis.SegmentationDataControllerGetApi@282cb7c7]" started-at="2023-08-18T15:27:47 IST" name="BaseURI" finished-at="2023-08-18T15:27:47 IST" duration-ms="0" status="PASS">
          <reporter-output>
          </reporter-output>
        </test-method> <!-- BaseURI -->
        <test-method is-config="true" signature="StatusCode()[pri:0, instance:com.ripplestreet.AllGetApis.SegmentationDataControllerGetApi@282cb7c7]" started-at="2023-08-18T15:27:49 IST" name="StatusCode" finished-at="2023-08-18T15:27:49 IST" duration-ms="123" status="PASS">
          <reporter-output>
          </reporter-output>
        </test-method> <!-- StatusCode -->
        <test-method signature="GetUsersOfaSegment()[pri:80, instance:com.ripplestreet.AllGetApis.SegmentationDataControllerGetApi@282cb7c7]" started-at="2023-08-18T15:27:49 IST" name="GetUsersOfaSegment" finished-at="2023-08-18T15:27:50 IST" duration-ms="1465" status="PASS">
          <reporter-output>
          </reporter-output>
        </test-method> <!-- GetUsersOfaSegment -->
        <test-method is-config="true" signature="BaseURI()[pri:0, instance:com.ripplestreet.AllGetApis.SegmentationDataControllerGetApi@282cb7c7]" started-at="2023-08-18T15:27:49 IST" name="BaseURI" finished-at="2023-08-18T15:27:49 IST" duration-ms="0" status="PASS">
          <reporter-output>
          </reporter-output>
        </test-method> <!-- BaseURI -->
        <test-method is-config="true" signature="StatusCode()[pri:0, instance:com.ripplestreet.AllGetApis.SegmentationDataControllerGetApi@282cb7c7]" started-at="2023-08-18T15:27:50 IST" name="StatusCode" finished-at="2023-08-18T15:27:50 IST" duration-ms="126" status="PASS">
          <reporter-output>
          </reporter-output>
        </test-method> <!-- StatusCode -->
        <test-method signature="GetUserDetailsOfaSegment()[pri:81, instance:com.ripplestreet.AllGetApis.SegmentationDataControllerGetApi@282cb7c7]" started-at="2023-08-18T15:27:50 IST" name="GetUserDetailsOfaSegment" finished-at="2023-08-18T15:27:52 IST" duration-ms="1661" status="PASS">
          <reporter-output>
          </reporter-output>
        </test-method> <!-- GetUserDetailsOfaSegment -->
        <test-method is-config="true" signature="BaseURI()[pri:0, instance:com.ripplestreet.AllGetApis.SegmentationDataControllerGetApi@282cb7c7]" started-at="2023-08-18T15:27:50 IST" name="BaseURI" finished-at="2023-08-18T15:27:50 IST" duration-ms="0" status="PASS">
          <reporter-output>
          </reporter-output>
        </test-method> <!-- BaseURI -->
        <test-method is-config="true" signature="StatusCode()[pri:0, instance:com.ripplestreet.AllGetApis.SegmentationDataControllerGetApi@282cb7c7]" started-at="2023-08-18T15:27:52 IST" name="StatusCode" finished-at="2023-08-18T15:27:52 IST" duration-ms="108" status="PASS">
          <reporter-output>
          </reporter-output>
        </test-method> <!-- StatusCode -->
      </class> <!-- com.ripplestreet.AllGetApis.SegmentationDataControllerGetApi -->
    </test> <!-- Test -->
  </suite> <!-- Suite -->
</testng-results>
