<?xml version="1.0" encoding="UTF-8"?>
<testng-results ignored="1" total="2" passed="1" failed="0" skipped="0">
  <reporter-output>
  </reporter-output>
  <suite started-at="2023-07-21T14:48:37 IST" name="Default suite" finished-at="2023-07-21T14:48:45 IST" duration-ms="8238">
    <groups>
    </groups>
    <test started-at="2023-07-21T14:48:37 IST" name="Default test" finished-at="2023-07-21T14:48:45 IST" duration-ms="8238">
      <class name="com.ripplestreet.FilterApis.EventControllerFiltersGetApi">
        <test-method is-config="true" signature="BaseURI()[pri:0, instance:com.ripplestreet.FilterApis.EventControllerFiltersGetApi@451001e5]" started-at="2023-07-21T14:48:37 IST" name="BaseURI" finished-at="2023-07-21T14:48:37 IST" duration-ms="307" status="PASS">
          <reporter-output>
          </reporter-output>
        </test-method> <!-- BaseURI -->
        <test-method signature="DiscoverEventFilters()[pri:0, instance:com.ripplestreet.FilterApis.EventControllerFiltersGetApi@451001e5]" started-at="2023-07-21T14:48:37 IST" name="DiscoverEventFilters" finished-at="2023-07-21T14:48:45 IST" duration-ms="7768" status="PASS">
          <reporter-output>
          </reporter-output>
        </test-method> <!-- DiscoverEventFilters -->
        <test-method is-config="true" signature="StatusCode()[pri:0, instance:com.ripplestreet.FilterApis.EventControllerFiltersGetApi@451001e5]" started-at="2023-07-21T14:48:45 IST" name="StatusCode" finished-at="2023-07-21T14:48:45 IST" duration-ms="120" status="PASS">
          <reporter-output>
          </reporter-output>
        </test-method> <!-- StatusCode -->
      </class> <!-- com.ripplestreet.FilterApis.EventControllerFiltersGetApi -->
    </test> <!-- Default test -->
  </suite> <!-- Default suite -->
</testng-results>
